{"C:\\Users\\tp2107067\\Projects\\node_shop\\server\\main.ts":{"path":"C:\\Users\\tp2107067\\Projects\\node_shop\\server\\main.ts","statementMap":{"0":{"start":{"line":2,"column":22},"end":{"line":8,"column":3}},"1":{"start":{"line":3,"column":4},"end":{"line":3,"column":33}},"2":{"start":{"line":3,"column":26},"end":{"line":3,"column":33}},"3":{"start":{"line":4,"column":4},"end":{"line":4,"column":89}},"4":{"start":{"line":4,"column":71},"end":{"line":4,"column":83}},"5":{"start":{"line":6,"column":4},"end":{"line":6,"column":33}},"6":{"start":{"line":6,"column":26},"end":{"line":6,"column":33}},"7":{"start":{"line":7,"column":4},"end":{"line":7,"column":17}},"8":{"start":{"line":9,"column":25},"end":{"line":13,"column":2}},"9":{"start":{"line":10,"column":4},"end":{"line":10,"column":72}},"10":{"start":{"line":12,"column":4},"end":{"line":12,"column":21}},"11":{"start":{"line":14,"column":19},"end":{"line":20,"column":1}},"12":{"start":{"line":15,"column":4},"end":{"line":15,"column":42}},"13":{"start":{"line":15,"column":31},"end":{"line":15,"column":42}},"14":{"start":{"line":16,"column":17},"end":{"line":16,"column":19}},"15":{"start":{"line":17,"column":4},"end":{"line":17,"column":141}},"16":{"start":{"line":17,"column":21},"end":{"line":17,"column":141}},"17":{"start":{"line":17,"column":40},"end":{"line":17,"column":141}},"18":{"start":{"line":17,"column":109},"end":{"line":17,"column":141}},"19":{"start":{"line":18,"column":4},"end":{"line":18,"column":36}},"20":{"start":{"line":19,"column":4},"end":{"line":19,"column":18}},"21":{"start":{"line":21,"column":22},"end":{"line":23,"column":1}},"22":{"start":{"line":22,"column":4},"end":{"line":22,"column":62}},"23":{"start":{"line":24,"column":0},"end":{"line":24,"column":62}},"24":{"start":{"line":25,"column":0},"end":{"line":25,"column":163}},"25":{"start":{"line":26,"column":18},"end":{"line":26,"column":53}},"26":{"start":{"line":27,"column":15},"end":{"line":27,"column":46}},"27":{"start":{"line":28,"column":17},"end":{"line":28,"column":51}},"28":{"start":{"line":29,"column":14},"end":{"line":29,"column":30}},"29":{"start":{"line":30,"column":17},"end":{"line":30,"column":51}},"30":{"start":{"line":31,"column":22},"end":{"line":31,"column":61}},"31":{"start":{"line":32,"column":15},"end":{"line":32,"column":47}},"32":{"start":{"line":33,"column":15},"end":{"line":33,"column":31}},"33":{"start":{"line":34,"column":0},"end":{"line":34,"column":26}},"34":{"start":{"line":35,"column":0},"end":{"line":35,"column":24}},"35":{"start":{"line":36,"column":24},"end":{"line":36,"column":42}},"36":{"start":{"line":37,"column":20},"end":{"line":37,"column":31}},"37":{"start":{"line":38,"column":0},"end":{"line":44,"column":1}},"38":{"start":{"line":39,"column":4},"end":{"line":39,"column":106}},"39":{"start":{"line":46,"column":0},"end":{"line":55,"column":3}},"40":{"start":{"line":47,"column":4},"end":{"line":54,"column":5}},"41":{"start":{"line":49,"column":12},"end":{"line":49,"column":39}},"42":{"start":{"line":50,"column":12},"end":{"line":50,"column":18}},"43":{"start":{"line":52,"column":12},"end":{"line":52,"column":35}},"44":{"start":{"line":53,"column":12},"end":{"line":53,"column":18}},"45":{"start":{"line":56,"column":14},"end":{"line":63,"column":2}},"46":{"start":{"line":59,"column":8},"end":{"line":59,"column":20}},"47":{"start":{"line":60,"column":21},"end":{"line":60,"column":81}},"48":{"start":{"line":61,"column":8},"end":{"line":61,"column":23}},"49":{"start":{"line":64,"column":13},"end":{"line":64,"column":51}},"50":{"start":{"line":65,"column":0},"end":{"line":65,"column":16}},"51":{"start":{"line":66,"column":0},"end":{"line":66,"column":34}},"52":{"start":{"line":67,"column":0},"end":{"line":67,"column":34}},"53":{"start":{"line":68,"column":13},"end":{"line":68,"column":43}},"54":{"start":{"line":69,"column":0},"end":{"line":75,"column":3}},"55":{"start":{"line":77,"column":4},"end":{"line":77,"column":21}},"56":{"start":{"line":79,"column":0},"end":{"line":79,"column":30}},"57":{"start":{"line":80,"column":0},"end":{"line":80,"column":42}},"58":{"start":{"line":81,"column":0},"end":{"line":81,"column":87}},"59":{"start":{"line":82,"column":0},"end":{"line":82,"column":67}},"60":{"start":{"line":83,"column":0},"end":{"line":83,"column":85}},"61":{"start":{"line":84,"column":0},"end":{"line":84,"column":87}},"62":{"start":{"line":85,"column":0},"end":{"line":85,"column":31}},"63":{"start":{"line":86,"column":0},"end":{"line":86,"column":41}},"64":{"start":{"line":87,"column":0},"end":{"line":87,"column":49}},"65":{"start":{"line":88,"column":0},"end":{"line":88,"column":51}},"66":{"start":{"line":89,"column":0},"end":{"line":89,"column":51}},"67":{"start":{"line":90,"column":0},"end":{"line":90,"column":49}},"68":{"start":{"line":91,"column":0},"end":{"line":91,"column":51}},"69":{"start":{"line":92,"column":0},"end":{"line":92,"column":57}},"70":{"start":{"line":93,"column":0},"end":{"line":93,"column":53}},"71":{"start":{"line":94,"column":0},"end":{"line":94,"column":51}},"72":{"start":{"line":95,"column":0},"end":{"line":95,"column":53}},"73":{"start":{"line":96,"column":0},"end":{"line":96,"column":59}},"74":{"start":{"line":97,"column":0},"end":{"line":97,"column":47}},"75":{"start":{"line":98,"column":0},"end":{"line":98,"column":53}},"76":{"start":{"line":99,"column":0},"end":{"line":99,"column":51}},"77":{"start":{"line":100,"column":0},"end":{"line":100,"column":49}},"78":{"start":{"line":101,"column":0},"end":{"line":114,"column":1}},"79":{"start":{"line":102,"column":4},"end":{"line":108,"column":7}},"80":{"start":{"line":109,"column":4},"end":{"line":109,"column":131}},"81":{"start":{"line":109,"column":89},"end":{"line":109,"column":127}},"82":{"start":{"line":110,"column":4},"end":{"line":110,"column":142}},"83":{"start":{"line":113,"column":4},"end":{"line":113,"column":83}},"84":{"start":{"line":115,"column":0},"end":{"line":115,"column":48}},"85":{"start":{"line":116,"column":0},"end":{"line":119,"column":3}},"86":{"start":{"line":117,"column":4},"end":{"line":117,"column":93}},"87":{"start":{"line":118,"column":4},"end":{"line":118,"column":48}},"88":{"start":{"line":121,"column":4},"end":{"line":124,"column":13}},"89":{"start":{"line":122,"column":8},"end":{"line":122,"column":76}},"90":{"start":{"line":123,"column":8},"end":{"line":123,"column":24}},"91":{"start":{"line":127,"column":4},"end":{"line":127,"column":34}},"92":{"start":{"line":128,"column":4},"end":{"line":134,"column":5}},"93":{"start":{"line":129,"column":8},"end":{"line":133,"column":11}},"94":{"start":{"line":130,"column":12},"end":{"line":132,"column":13}},"95":{"start":{"line":131,"column":16},"end":{"line":131,"column":41}},"96":{"start":{"line":135,"column":4},"end":{"line":143,"column":5}},"97":{"start":{"line":136,"column":8},"end":{"line":136,"column":40}},"98":{"start":{"line":137,"column":8},"end":{"line":142,"column":11}},"99":{"start":{"line":138,"column":12},"end":{"line":141,"column":13}},"100":{"start":{"line":139,"column":16},"end":{"line":139,"column":48}},"101":{"start":{"line":140,"column":16},"end":{"line":140,"column":41}},"102":{"start":{"line":144,"column":4},"end":{"line":144,"column":20}},"103":{"start":{"line":146,"column":0},"end":{"line":146,"column":28}},"104":{"start":{"line":147,"column":0},"end":{"line":150,"column":3}},"105":{"start":{"line":148,"column":4},"end":{"line":148,"column":36}},"106":{"start":{"line":149,"column":4},"end":{"line":149,"column":15}},"107":{"start":{"line":151,"column":0},"end":{"line":154,"column":3}},"108":{"start":{"line":152,"column":4},"end":{"line":152,"column":37}},"109":{"start":{"line":153,"column":4},"end":{"line":153,"column":15}}},"fnMap":{"0":{"name":"(anonymous_0)","decl":{"start":{"line":2,"column":74},"end":{"line":2,"column":75}},"loc":{"start":{"line":2,"column":96},"end":{"line":5,"column":1}},"line":2},"1":{"name":"(anonymous_1)","decl":{"start":{"line":4,"column":58},"end":{"line":4,"column":59}},"loc":{"start":{"line":4,"column":69},"end":{"line":4,"column":85}},"line":4},"2":{"name":"(anonymous_2)","decl":{"start":{"line":5,"column":6},"end":{"line":5,"column":7}},"loc":{"start":{"line":5,"column":28},"end":{"line":8,"column":1}},"line":5},"3":{"name":"(anonymous_3)","decl":{"start":{"line":9,"column":80},"end":{"line":9,"column":81}},"loc":{"start":{"line":9,"column":95},"end":{"line":11,"column":1}},"line":9},"4":{"name":"(anonymous_4)","decl":{"start":{"line":11,"column":5},"end":{"line":11,"column":6}},"loc":{"start":{"line":11,"column":20},"end":{"line":13,"column":1}},"line":11},"5":{"name":"(anonymous_5)","decl":{"start":{"line":14,"column":50},"end":{"line":14,"column":51}},"loc":{"start":{"line":14,"column":65},"end":{"line":20,"column":1}},"line":14},"6":{"name":"(anonymous_6)","decl":{"start":{"line":21,"column":56},"end":{"line":21,"column":57}},"loc":{"start":{"line":21,"column":71},"end":{"line":23,"column":1}},"line":21},"7":{"name":"(anonymous_7)","decl":{"start":{"line":46,"column":21},"end":{"line":46,"column":22}},"loc":{"start":{"line":46,"column":33},"end":{"line":55,"column":1}},"line":46},"8":{"name":"(anonymous_8)","decl":{"start":{"line":58,"column":14},"end":{"line":58,"column":15}},"loc":{"start":{"line":58,"column":35},"end":{"line":62,"column":5}},"line":58},"9":{"name":"setDbMock","decl":{"start":{"line":76,"column":9},"end":{"line":76,"column":18}},"loc":{"start":{"line":76,"column":24},"end":{"line":78,"column":1}},"line":76},"10":{"name":"(anonymous_10)","decl":{"start":{"line":109,"column":78},"end":{"line":109,"column":79}},"loc":{"start":{"line":109,"column":87},"end":{"line":109,"column":129}},"line":109},"11":{"name":"(anonymous_11)","decl":{"start":{"line":116,"column":42},"end":{"line":116,"column":43}},"loc":{"start":{"line":116,"column":48},"end":{"line":119,"column":1}},"line":116},"12":{"name":"forceShutdown","decl":{"start":{"line":120,"column":9},"end":{"line":120,"column":22}},"loc":{"start":{"line":120,"column":25},"end":{"line":125,"column":1}},"line":120},"13":{"name":"(anonymous_13)","decl":{"start":{"line":121,"column":15},"end":{"line":121,"column":16}},"loc":{"start":{"line":121,"column":21},"end":{"line":124,"column":5}},"line":121},"14":{"name":"shutdown","decl":{"start":{"line":126,"column":9},"end":{"line":126,"column":17}},"loc":{"start":{"line":126,"column":20},"end":{"line":145,"column":1}},"line":126},"15":{"name":"(anonymous_15)","decl":{"start":{"line":129,"column":29},"end":{"line":129,"column":30}},"loc":{"start":{"line":129,"column":38},"end":{"line":133,"column":9}},"line":129},"16":{"name":"(anonymous_16)","decl":{"start":{"line":137,"column":23},"end":{"line":137,"column":24}},"loc":{"start":{"line":137,"column":32},"end":{"line":142,"column":9}},"line":137},"17":{"name":"(anonymous_17)","decl":{"start":{"line":147,"column":21},"end":{"line":147,"column":22}},"loc":{"start":{"line":147,"column":27},"end":{"line":150,"column":1}},"line":147},"18":{"name":"(anonymous_18)","decl":{"start":{"line":151,"column":22},"end":{"line":151,"column":23}},"loc":{"start":{"line":151,"column":28},"end":{"line":154,"column":1}},"line":151}},"branchMap":{"0":{"loc":{"start":{"line":2,"column":22},"end":{"line":8,"column":3}},"type":"binary-expr","locations":[{"start":{"line":2,"column":23},"end":{"line":2,"column":27}},{"start":{"line":2,"column":31},"end":{"line":2,"column":51}},{"start":{"line":2,"column":57},"end":{"line":8,"column":2}}],"line":2},"1":{"loc":{"start":{"line":2,"column":57},"end":{"line":8,"column":2}},"type":"cond-expr","locations":[{"start":{"line":2,"column":74},"end":{"line":5,"column":1}},{"start":{"line":5,"column":6},"end":{"line":8,"column":1}}],"line":2},"2":{"loc":{"start":{"line":3,"column":4},"end":{"line":3,"column":33}},"type":"if","locations":[{"start":{"line":3,"column":4},"end":{"line":3,"column":33}},{"start":{"line":3,"column":4},"end":{"line":3,"column":33}}],"line":3},"3":{"loc":{"start":{"line":6,"column":4},"end":{"line":6,"column":33}},"type":"if","locations":[{"start":{"line":6,"column":4},"end":{"line":6,"column":33}},{"start":{"line":6,"column":4},"end":{"line":6,"column":33}}],"line":6},"4":{"loc":{"start":{"line":9,"column":25},"end":{"line":13,"column":2}},"type":"binary-expr","locations":[{"start":{"line":9,"column":26},"end":{"line":9,"column":30}},{"start":{"line":9,"column":34},"end":{"line":9,"column":57}},{"start":{"line":9,"column":63},"end":{"line":13,"column":1}}],"line":9},"5":{"loc":{"start":{"line":9,"column":63},"end":{"line":13,"column":1}},"type":"cond-expr","locations":[{"start":{"line":9,"column":80},"end":{"line":11,"column":1}},{"start":{"line":11,"column":5},"end":{"line":13,"column":1}}],"line":9},"6":{"loc":{"start":{"line":14,"column":19},"end":{"line":20,"column":1}},"type":"binary-expr","locations":[{"start":{"line":14,"column":20},"end":{"line":14,"column":24}},{"start":{"line":14,"column":28},"end":{"line":14,"column":45}},{"start":{"line":14,"column":50},"end":{"line":20,"column":1}}],"line":14},"7":{"loc":{"start":{"line":15,"column":4},"end":{"line":15,"column":42}},"type":"if","locations":[{"start":{"line":15,"column":4},"end":{"line":15,"column":42}},{"start":{"line":15,"column":4},"end":{"line":15,"column":42}}],"line":15},"8":{"loc":{"start":{"line":15,"column":8},"end":{"line":15,"column":29}},"type":"binary-expr","locations":[{"start":{"line":15,"column":8},"end":{"line":15,"column":11}},{"start":{"line":15,"column":15},"end":{"line":15,"column":29}}],"line":15},"9":{"loc":{"start":{"line":17,"column":4},"end":{"line":17,"column":141}},"type":"if","locations":[{"start":{"line":17,"column":4},"end":{"line":17,"column":141}},{"start":{"line":17,"column":4},"end":{"line":17,"column":141}}],"line":17},"10":{"loc":{"start":{"line":17,"column":40},"end":{"line":17,"column":141}},"type":"if","locations":[{"start":{"line":17,"column":40},"end":{"line":17,"column":141}},{"start":{"line":17,"column":40},"end":{"line":17,"column":141}}],"line":17},"11":{"loc":{"start":{"line":17,"column":44},"end":{"line":17,"column":107}},"type":"binary-expr","locations":[{"start":{"line":17,"column":44},"end":{"line":17,"column":59}},{"start":{"line":17,"column":63},"end":{"line":17,"column":107}}],"line":17},"12":{"loc":{"start":{"line":21,"column":22},"end":{"line":23,"column":1}},"type":"binary-expr","locations":[{"start":{"line":21,"column":23},"end":{"line":21,"column":27}},{"start":{"line":21,"column":31},"end":{"line":21,"column":51}},{"start":{"line":21,"column":56},"end":{"line":23,"column":1}}],"line":21},"13":{"loc":{"start":{"line":22,"column":11},"end":{"line":22,"column":61}},"type":"cond-expr","locations":[{"start":{"line":22,"column":37},"end":{"line":22,"column":40}},{"start":{"line":22,"column":43},"end":{"line":22,"column":61}}],"line":22},"14":{"loc":{"start":{"line":22,"column":12},"end":{"line":22,"column":33}},"type":"binary-expr","locations":[{"start":{"line":22,"column":12},"end":{"line":22,"column":15}},{"start":{"line":22,"column":19},"end":{"line":22,"column":33}}],"line":22},"15":{"loc":{"start":{"line":39,"column":4},"end":{"line":39,"column":105}},"type":"cond-expr","locations":[{"start":{"line":39,"column":51},"end":{"line":39,"column":77}},{"start":{"line":39,"column":80},"end":{"line":39,"column":105}}],"line":39},"16":{"loc":{"start":{"line":47,"column":4},"end":{"line":54,"column":5}},"type":"switch","locations":[{"start":{"line":48,"column":8},"end":{"line":50,"column":18}},{"start":{"line":51,"column":8},"end":{"line":53,"column":18}}],"line":47},"17":{"loc":{"start":{"line":101,"column":0},"end":{"line":114,"column":1}},"type":"if","locations":[{"start":{"line":101,"column":0},"end":{"line":114,"column":1}},{"start":{"line":101,"column":0},"end":{"line":114,"column":1}}],"line":101},"18":{"loc":{"start":{"line":109,"column":89},"end":{"line":109,"column":126}},"type":"cond-expr","locations":[{"start":{"line":109,"column":95},"end":{"line":109,"column":119}},{"start":{"line":109,"column":122},"end":{"line":109,"column":126}}],"line":109},"19":{"loc":{"start":{"line":128,"column":4},"end":{"line":134,"column":5}},"type":"if","locations":[{"start":{"line":128,"column":4},"end":{"line":134,"column":5}},{"start":{"line":128,"column":4},"end":{"line":134,"column":5}}],"line":128},"20":{"loc":{"start":{"line":130,"column":12},"end":{"line":132,"column":13}},"type":"if","locations":[{"start":{"line":130,"column":12},"end":{"line":132,"column":13}},{"start":{"line":130,"column":12},"end":{"line":132,"column":13}}],"line":130},"21":{"loc":{"start":{"line":135,"column":4},"end":{"line":143,"column":5}},"type":"if","locations":[{"start":{"line":135,"column":4},"end":{"line":143,"column":5}},{"start":{"line":135,"column":4},"end":{"line":143,"column":5}}],"line":135},"22":{"loc":{"start":{"line":138,"column":12},"end":{"line":141,"column":13}},"type":"if","locations":[{"start":{"line":138,"column":12},"end":{"line":141,"column":13}},{"start":{"line":138,"column":12},"end":{"line":141,"column":13}}],"line":138}},"s":{"0":1,"1":2,"2":2,"3":2,"4":1,"5":0,"6":0,"7":0,"8":1,"9":1,"10":0,"11":1,"12":1,"13":0,"14":1,"15":1,"16":1,"17":2,"18":2,"19":1,"20":1,"21":1,"22":5,"23":1,"24":1,"25":1,"26":1,"27":1,"28":1,"29":1,"30":1,"31":1,"32":1,"33":1,"34":1,"35":1,"36":1,"37":1,"38":1,"39":1,"40":6,"41":0,"42":0,"43":0,"44":0,"45":1,"46":0,"47":0,"48":0,"49":1,"50":1,"51":1,"52":1,"53":1,"54":1,"55":5,"56":1,"57":1,"58":1,"59":1,"60":1,"61":1,"62":1,"63":1,"64":1,"65":1,"66":1,"67":1,"68":1,"69":1,"70":1,"71":1,"72":1,"73":1,"74":1,"75":1,"76":1,"77":1,"78":1,"79":1,"80":1,"81":0,"82":1,"83":0,"84":1,"85":1,"86":1,"87":1,"88":1,"89":0,"90":0,"91":1,"92":1,"93":1,"94":1,"95":1,"96":1,"97":1,"98":1,"99":0,"100":0,"101":0,"102":1,"103":1,"104":1,"105":0,"106":0,"107":1,"108":0,"109":0},"f":{"0":2,"1":1,"2":0,"3":1,"4":0,"5":1,"6":5,"7":6,"8":0,"9":5,"10":0,"11":1,"12":1,"13":0,"14":1,"15":1,"16":0,"17":0,"18":0},"b":{"0":[1,1,1],"1":[1,0],"2":[2,0],"3":[0,0],"4":[1,1,1],"5":[1,0],"6":[1,1,1],"7":[0,1],"8":[1,1],"9":[1,0],"10":[2,0],"11":[2,2],"12":[1,1,1],"13":[0,5],"14":[5,5],"15":[0,0],"16":[0,0],"17":[1,0],"18":[0,0],"19":[1,0],"20":[1,0],"21":[1,0],"22":[0,0]},"inputSourceMap":{"version":3,"file":"C:/Users/tp2107067/Projects/node_shop/server/main.ts","sources":["C:/Users/tp2107067/Projects/node_shop/server/main.ts"],"names":[],"mappings":";;;;;;;;;;;;;;;;;;;;;;;;;AAAA,sDAAmD;AACnD,+CAAiC;AACjC,oDAA2B;AAC3B,+BAA0B;AAE1B,oDAA4B;AAC5B,8DAAqC;AACrC,gDAAwB;AAIxB,MAAM,MAAM,GAAG,OAAO,CAAC,OAAO,CAAC,CAAC;AAErB,QAAA,UAAU,GAAW,IAAI,CAAC;AAC1B,QAAA,OAAO,GAAW,KAAK,CAAC;AAEnC,MAAM,eAAe,GAAG,kBAAkB,CAAC;AAC3C,MAAM,WAAW,GAAG,WAAW,CAAC;AAEhC,IAAI;IACA,IAAI,CAAC,KAAK,CAAC,OAAO,CAAC,GAAG,CAAC,UAAoB,CAAC,KAAK,KAAK,CAAC,CAAC,CAAC,kBAAU,GAAC,KAAK,CAAA,CAAC,CAAA,kBAAU,GAAC,IAAI,CAAC;CAC7F;AAAC,OAAM,CAAC,EAAC;IACN,uEAAuE;IACvE,oDAAoD;CACvD;AAAA,CAAC;AAEF,OAAO,CAAC,IAAI,CAAC,OAAO,CAAC,CAAC,GAAU,EAAC,CAAQ,EAAC,EAAE;IACxC,QAAO,GAAG,EAAC;QACX,KAAK,eAAe;YAChB,kBAAU,GAAG,KAAK,CAAC;YACnB,MAAM;QACV,KAAK,WAAW;YACZ,eAAO,GAAG,IAAI,CAAC;YACf,MAAM;KACT;AACL,CAAC,CAAC,CAAC;AAIH,IAAI,OAAO,GAAG,gBAAM,CAAC,WAAW,CAAC;IAC7B,WAAW,EAAC,cAAc;IAC1B,QAAQ,EAAE,UAAS,CAAC,EAAC,EAAE,EAAC,EAAE;QACtB,CAAC,CAAC,IAAI,GAAG,EAAE,CAAC;QACZ,MAAM,IAAI,GAAG,GAAG,EAAE,CAAC,SAAS,IAAI,IAAI,CAAC,GAAG,EAAE,IAAI,EAAE,CAAC,QAAQ,CAAC,KAAK,CAAC,GAAG,CAAC,CAAC,CAAC,CAAC,EAAE,CAAC;QAC1E,EAAE,CAAC,IAAI,EAAC,IAAI,CAAC,CAAC;IAClB,CAAC;CACJ,CAAC,CAAC;AAEH,IAAI,MAAM,GAAG,gBAAM,CAAC,EAAC,OAAO,EAAC,OAAO,EAAC,CAAC,CAAC;AAEvC,MAAM,CAAC,MAAM,EAAE,CAAC;AAEH,QAAA,GAAG,GAAG,iBAAO,EAAE,CAAC;AAE7B,WAAG,CAAC,GAAG,CAAC,cAAI,EAAE,CAAC,CAAC;AAEhB,MAAM,IAAI,GAAG,QAAQ,CAAC,OAAO,CAAC,GAAG,CAAC,IAAc,EAAC,EAAE,CAAC,CAAC;AAE1C,QAAA,EAAE,GAAe,gBAAK,CAAC,UAAU,CAAC;IACzC,IAAI,EAAE,OAAO,CAAC,GAAG,CAAC,OAAO;IACzB,IAAI,EAAE,QAAQ,CAAC,OAAO,CAAC,GAAG,CAAC,OAAiB,EAAC,EAAE,CAAC;IAChD,QAAQ,EAAE,OAAO,CAAC,GAAG,CAAC,OAAO;IAC7B,IAAI,EAAE,OAAO,CAAC,GAAG,CAAC,OAAO;IACzB,QAAQ,EAAE,OAAO,CAAC,GAAG,CAAC,WAAW;CACpC,CAAC,CAAC;AAEH,SAAgB,SAAS,CAAC,GAAO;IAC7B,UAAE,GAAG,GAAG,CAAC;AACb,CAAC;AAFD,8BAEC;AAED,WAAG,CAAC,GAAG,CAAC,iBAAO,CAAC,IAAI,EAAE,CAAC,CAAC;AAExB,WAAG,CAAC,GAAG,CAAC,qBAAU,CAAC,UAAU,CAAC,EAAC,QAAQ,EAAC,IAAI,EAAC,KAAK,EAAC,QAAQ,EAAC,CAAC,CAAC,CAAC;AAE/D,WAAG,CAAC,GAAG,CAAC,SAAS,EAAC,iBAAO,CAAC,MAAM,CAAC,YAAY,CAAC,CAAC,CAAC;AAChD,WAAG,CAAC,GAAG,CAAC,YAAY,EAAC,iBAAO,CAAC,MAAM,CAAC,2BAA2B,CAAC,CAAC,CAAC;AAClE,WAAG,CAAC,GAAG,CAAC,aAAa,EAAC,iBAAO,CAAC,MAAM,CAAC,4BAA4B,CAAC,CAAC,CAAC;AAEzD,QAAA,IAAI,GAAQ,IAAI,SAAG,EAAE,CAAC;AAEjC,WAAG,CAAC,GAAG,CAAC,GAAG,EAAC,YAAI,CAAC,KAAK,CAAC,CAAC;AACxB,WAAG,CAAC,GAAG,CAAC,QAAQ,EAAC,YAAI,CAAC,QAAQ,CAAC,CAAC;AAChC,WAAG,CAAC,GAAG,CAAC,SAAS,EAAC,YAAI,CAAC,SAAS,CAAC,CAAC;AAElC,WAAG,CAAC,GAAG,CAAC,WAAW,EAAC,YAAI,CAAC,OAAO,CAAC,CAAC;AAClC,WAAG,CAAC,IAAI,CAAC,OAAO,EAAC,YAAI,CAAC,QAAQ,CAAC,CAAC;AAChC,WAAG,CAAC,KAAK,CAAC,OAAO,EAAC,YAAI,CAAC,SAAS,CAAC,CAAC;AAClC,WAAG,CAAC,MAAM,CAAC,WAAW,EAAC,YAAI,CAAC,UAAU,CAAC,CAAC;AAExC,WAAG,CAAC,GAAG,CAAC,YAAY,EAAC,YAAI,CAAC,QAAQ,CAAC,CAAC;AACpC,WAAG,CAAC,IAAI,CAAC,QAAQ,EAAC,YAAI,CAAC,SAAS,CAAC,CAAC;AAClC,WAAG,CAAC,KAAK,CAAC,QAAQ,EAAC,YAAI,CAAC,UAAU,CAAC,CAAC;AACpC,WAAG,CAAC,MAAM,CAAC,YAAY,EAAC,YAAI,CAAC,WAAW,CAAC,CAAC;AAE1C,WAAG,CAAC,IAAI,CAAC,QAAQ,EAAC,YAAI,CAAC,KAAK,CAAC,CAAC;AAC9B,WAAG,CAAC,IAAI,CAAC,WAAW,EAAC,YAAI,CAAC,QAAQ,CAAC,CAAC;AAEpC,WAAG,CAAC,GAAG,CAAC,WAAW,EAAC,YAAI,CAAC,OAAO,CAAC,CAAC;AAClC,WAAG,CAAC,GAAG,CAAC,QAAQ,EAAC,YAAI,CAAC,QAAQ,CAAC,CAAC;AAChC,IAAG,OAAO,CAAC,GAAG,CAAC,SAAS,KAAK,MAAM,EAAE;IACjC,gBAAQ,GAAG,IAAI,MAAM,CAAC,MAAM,CAAC;QACzB,QAAQ,EAAE,OAAO,CAAC,GAAG,CAAC,WAAqB;QAC3C,IAAI,EAAE,QAAQ,CAAC,OAAO,CAAC,GAAG,CAAC,OAAiB,EAAC,EAAE,CAAC;QAChD,MAAM,EAAE,IAAI,CAAC,KAAK,CAAC,OAAO,CAAC,GAAG,CAAC,SAAmB,CAAC;QACnD,SAAS,EAAE,OAAO,CAAC,GAAG,CAAC,YAAsB;QAC7C,SAAS,EAAE,OAAO,CAAC,GAAG,CAAC,YAAsB;KAChD,CAAC,CAAC;IACC,gBAAQ,CAAC,UAAU,CAAC,OAAO,CAAC,GAAG,CAAC,SAAmB,EAAC,OAAO,CAAC,GAAG,CAAC,SAAmB,EAAC,CAAC,GAAO,EAAC,EAAE,GAAC,GAAG,CAAC,CAAC,CAAC,OAAO,CAAC,GAAG,CAAC,GAAG,CAAC,OAAO,CAAC,CAAC,CAAC,CAAC,IAAI,CAAA,CAAA,CAAC,CAAC,CAAC;IAC5I,WAAG,CAAC,IAAI,CAAC,SAAS,EAAC,gBAAM,CAAC,EAAC,OAAO,EAAC,gBAAM,CAAC,aAAa,EAAE,EAAC,CAAC,CAAC,MAAM,CAAC,OAAO,CAAC,EAAC,YAAI,CAAC,cAAc,CAAC,CAAC;CACpG;KAAM;IACH,WAAG,CAAC,IAAI,CAAC,SAAS,EAAC,MAAM,CAAC,MAAM,CAAC,OAAO,CAAC,EAAC,YAAI,CAAC,YAAY,CAAC,CAAC;CAChE;AAED,WAAG,CAAC,GAAG,CAAC,SAAS,EAAC,YAAI,CAAC,MAAM,CAAC,CAAA;AAEnB,QAAA,MAAM,GAAG,WAAG,CAAC,MAAM,CAAC,IAAI,EAAE,GAAE,EAAE;IAErC,OAAO,CAAC,KAAK,CAAC,iBAAiB,kBAAU,kBAAkB,eAAO,KAAK,CAAC,CAAC;IAEzE,OAAO,CAAC,GAAG,CAAC,qBAAqB,IAAI,KAAK,CAAC,CAAA;AAE/C,CAAC,CAAC,CAAC;AAEH,SAAS,aAAa;IAClB,UAAU,CAAC,GAAE,EAAE;QACX,OAAO,CAAC,GAAG,CAAC,sDAAsD,CAAC,CAAC;QACpE,OAAO,CAAC,IAAI,CAAC,CAAC,CAAC,CAAC;IACpB,CAAC,EAAC,IAAI,CAAC,CAAC;AACZ,CAAC;AAED,SAAgB,QAAQ;IACpB,OAAO,CAAC,GAAG,CAAC,gBAAgB,CAAC,CAAA;IAC7B,IAAG,cAAM,EAAE;QACP,cAAM,CAAC,KAAK,CAAC,CAAC,GAAO,EAAC,EAAE;YACpB,IAAG,GAAG,EAAE;gBACJ,OAAO,CAAC,GAAG,CAAC,GAAG,CAAC,OAAO,CAAC,CAAC;aAC5B;QACL,CAAC,CAAC,CAAA;KACL;IACD,IAAI,UAAE,EAAE;QACR,UAAE,CAAC,kBAAkB,EAAE,CAAC;QACxB,UAAE,CAAC,GAAG,CAAC,CAAC,GAAO,EAAC,EAAE;YACV,IAAG,GAAG,EAAE;gBACJ,UAAE,CAAC,kBAAkB,EAAE,CAAC;gBACxB,OAAO,CAAC,GAAG,CAAC,GAAG,CAAC,OAAO,CAAC,CAAC;aAC5B;QACL,CAAC,CAAC,CAAA;KACL;IACD,aAAa,EAAE,CAAC;AACpB,CAAC;AAnBD,4BAmBC;AAED,OAAO,CAAC,EAAE,CAAC,QAAQ,EAAC,GAAE,EAAE;IACpB,OAAO,CAAC,IAAI,CAAC,iBAAiB,CAAC,CAAA;IAC/B,QAAQ,EAAE,CAAC;AACf,CAAC,CAAC,CAAC;AAEH,OAAO,CAAC,EAAE,CAAC,SAAS,EAAC,GAAE,EAAE;IACrB,OAAO,CAAC,IAAI,CAAC,kBAAkB,CAAC,CAAA;IAChC,QAAQ,EAAE,CAAC;AACf,CAAC,CAAC,CAAC","sourcesContent":["import express, {Request, Response} from \"express\";\r\nimport * as dotenv from \"dotenv\";\r\nimport mysql from \"mysql2\";\r\nimport {api} from \"./api\";\r\nimport {config} from \"./config\";\r\nimport multer from \"multer\";\r\nimport bodyParser from \"body-parser\";\r\nimport cors from \"cors\";\r\nimport path from \"path\";\r\nimport Minio from 'minio';\r\n\r\nconst _minio = require(\"minio\");\r\n\r\nexport let production:boolean = true;\r\nexport let testRun:boolean = false;\r\n\r\nconst productionFalse = 'production=false';\r\nconst testRunTrue = 'test=true';\r\n\r\ntry {\r\n    JSON.parse(process.env.PRODUCTION as string) === false ? production=false:production=true;\r\n} catch(e){\r\n    // Suppress error thrown by attempting to parse an undefined  variable.\r\n    // Error: \"Unexpected token u in JSON at position 0\"\r\n}; \r\n\r\nprocess.argv.forEach((arg:string,k:number)=>{\r\n    switch(arg){\r\n    case productionFalse:\r\n        production = false;\r\n        break;\r\n    case testRunTrue:\r\n        testRun = true;\r\n        break;\r\n    }\r\n});\r\n\r\nexport let s3Client: Minio.Client;\r\n\r\nvar storage = multer.diskStorage({\r\n    destination:'./bin/images',\r\n    filename: function(r,fl,cb) {\r\n        r.file = fl;\r\n        const name = `${fl.fieldname}_${Date.now()}.${fl.mimetype.split('/')[1]}`;\r\n        cb(null,name);\r\n    }\r\n});\r\n\r\nvar upload = multer({storage:storage});\r\n\r\ndotenv.config();\r\n\r\nexport const app = express();\r\n\r\napp.use(cors());\r\n\r\nconst port = parseInt(process.env.PORT as string,10);\r\n\r\nexport var db: mysql.Pool = mysql.createPool({\r\n    host: process.env.DB_HOST,\r\n    port: parseInt(process.env.DB_PORT as string,10),\r\n    database: process.env.DB_NAME,\r\n    user: process.env.DB_USER,\r\n    password: process.env.DB_PASSWORD\r\n});\r\n\r\nexport function setDbMock(obj:any) {\r\n    db = obj;\r\n}\r\n\r\napp.use(express.json());\r\n\r\napp.use(bodyParser.urlencoded({extended:true,limit:10000000}));\r\n\r\napp.use('/images',express.static('bin/images'));\r\napp.use('/static/js',express.static('bin/client_dist/static/js'));\r\napp.use('/static/css',express.static('bin/client_dist/static/css'));\r\n\r\nexport let _api: api = new api();\r\n\r\napp.get('/',_api.index);\r\napp.get('/items',_api.getItems);\r\napp.get('/orders',_api.getOrders);\r\n\r\napp.get('/item/:id',_api.getItem);\r\napp.post('/item',_api.postItem);\r\napp.patch('/item',_api.patchItem);\r\napp.delete('/item/:id',_api.deleteItem);\r\n\r\napp.get('/order/:id',_api.getOrder);\r\napp.post('/order',_api.postOrder);\r\napp.patch('/order',_api.patchOrder);\r\napp.delete('/order/:id',_api.deleteOrder);\r\n\r\napp.post('/login',_api.login);\r\napp.post('/register',_api.register);\r\n\r\napp.get('/user/:id',_api.getUser);\r\napp.get('/users',_api.getUsers);\r\nif(process.env.S3_ENABLE === \"true\") {\r\n    s3Client = new _minio.Client({\r\n        endPoint: process.env.S3_ENDPOINT as string,\r\n        port: parseInt(process.env.S3_PORT as string,10),\r\n        useSSL: JSON.parse(process.env.S3_USESSL as string),\r\n        accessKey: process.env.S3_ACCESSKEY as string,\r\n        secretKey: process.env.S3_SECRETKEY as string\r\n    });\r\n        s3Client.makeBucket(process.env.S3_BUCKET as string,process.env.S3_REGION as string,(err:any)=>{err ? console.log(err.message) : null});\r\n    app.post('/images',multer({storage:multer.memoryStorage()}).single('image'),_api.uploadImagesS3);\r\n} else {\r\n    app.post('/images',upload.single('image'),_api.uploadImages);\r\n}\r\n\r\napp.get('/verify',_api.verify)\r\n\r\nexport let server = app.listen(port, ()=> {\r\n\r\n    console.debug(`[production]=(${production})\\n[test_run]=(${testRun})\\n`);\r\n\r\n    console.log(`Listening on port ${port}...`)\r\n\r\n});\r\n\r\nfunction forceShutdown() {\r\n    setTimeout(()=>{\r\n        console.log(\"Gracefully shutting down failed, forcing shutdown...\");\r\n        process.exit(1);\r\n    },3000);\r\n}\r\n\r\nexport function shutdown(): void {\r\n    console.log(\"Server closing\")\r\n    if(server) {\r\n        server.close((err:any)=>{\r\n            if(err) {\r\n                console.log(err.message);\r\n            }\r\n        })\r\n    }\r\n    if (db) {\r\n    db.removeAllListeners();\r\n    db.end((err:any)=>{\r\n            if(err) {\r\n                db.removeAllListeners();\r\n                console.log(err.message);\r\n            }\r\n        })\r\n    }\r\n    forceShutdown();\r\n}\r\n\r\nprocess.on('SIGINT',()=>{\r\n    console.info('Sigint received')\r\n    shutdown();\r\n});\r\n\r\nprocess.on('SIGTERM',()=>{\r\n    console.info('Sigterm received')\r\n    shutdown();\r\n});\r\n"]},"_coverageSchema":"1a1c01bbd47fc00a2c39e90264f33305004495a9","hash":"e0ca678d6a29fef1061d9b470829f6ec16402870","contentHash":"537117827e296850c086871b4d985302a1c00e0832b912982a222669b07031cd"},"C:\\Users\\tp2107067\\Projects\\node_shop\\server\\api.ts":{"path":"C:\\Users\\tp2107067\\Projects\\node_shop\\server\\api.ts","statementMap":{"0":{"start":{"line":2,"column":22},"end":{"line":8,"column":3}},"1":{"start":{"line":3,"column":4},"end":{"line":3,"column":33}},"2":{"start":{"line":3,"column":26},"end":{"line":3,"column":33}},"3":{"start":{"line":4,"column":4},"end":{"line":4,"column":89}},"4":{"start":{"line":4,"column":71},"end":{"line":4,"column":83}},"5":{"start":{"line":6,"column":4},"end":{"line":6,"column":33}},"6":{"start":{"line":6,"column":26},"end":{"line":6,"column":33}},"7":{"start":{"line":7,"column":4},"end":{"line":7,"column":17}},"8":{"start":{"line":9,"column":25},"end":{"line":13,"column":2}},"9":{"start":{"line":10,"column":4},"end":{"line":10,"column":72}},"10":{"start":{"line":12,"column":4},"end":{"line":12,"column":21}},"11":{"start":{"line":14,"column":19},"end":{"line":20,"column":1}},"12":{"start":{"line":15,"column":4},"end":{"line":15,"column":42}},"13":{"start":{"line":15,"column":31},"end":{"line":15,"column":42}},"14":{"start":{"line":16,"column":17},"end":{"line":16,"column":19}},"15":{"start":{"line":17,"column":4},"end":{"line":17,"column":141}},"16":{"start":{"line":17,"column":21},"end":{"line":17,"column":141}},"17":{"start":{"line":17,"column":40},"end":{"line":17,"column":141}},"18":{"start":{"line":17,"column":109},"end":{"line":17,"column":141}},"19":{"start":{"line":18,"column":4},"end":{"line":18,"column":36}},"20":{"start":{"line":19,"column":4},"end":{"line":19,"column":18}},"21":{"start":{"line":21,"column":22},"end":{"line":23,"column":1}},"22":{"start":{"line":22,"column":4},"end":{"line":22,"column":62}},"23":{"start":{"line":24,"column":0},"end":{"line":24,"column":62}},"24":{"start":{"line":25,"column":0},"end":{"line":25,"column":128}},"25":{"start":{"line":26,"column":17},"end":{"line":26,"column":36}},"26":{"start":{"line":27,"column":15},"end":{"line":27,"column":32}},"27":{"start":{"line":28,"column":15},"end":{"line":28,"column":32}},"28":{"start":{"line":29,"column":12},"end":{"line":29,"column":49}},"29":{"start":{"line":30,"column":26},"end":{"line":30,"column":84}},"30":{"start":{"line":31,"column":0},"end":{"line":31,"column":36}},"31":{"start":{"line":32,"column":17},"end":{"line":36,"column":2}},"32":{"start":{"line":38,"column":4},"end":{"line":42,"column":5}},"33":{"start":{"line":39,"column":8},"end":{"line":39,"column":33}},"34":{"start":{"line":40,"column":8},"end":{"line":40,"column":23}},"35":{"start":{"line":41,"column":8},"end":{"line":41,"column":17}},"36":{"start":{"line":44,"column":0},"end":{"line":44,"column":34}},"37":{"start":{"line":46,"column":4},"end":{"line":46,"column":26}},"38":{"start":{"line":47,"column":12},"end":{"line":47,"column":37}},"39":{"start":{"line":48,"column":4},"end":{"line":64,"column":7}},"40":{"start":{"line":49,"column":8},"end":{"line":52,"column":9}},"41":{"start":{"line":50,"column":12},"end":{"line":50,"column":39}},"42":{"start":{"line":51,"column":12},"end":{"line":51,"column":19}},"43":{"start":{"line":53,"column":8},"end":{"line":63,"column":11}},"44":{"start":{"line":54,"column":12},"end":{"line":57,"column":13}},"45":{"start":{"line":55,"column":16},"end":{"line":55,"column":43}},"46":{"start":{"line":56,"column":16},"end":{"line":56,"column":23}},"47":{"start":{"line":58,"column":12},"end":{"line":58,"column":32}},"48":{"start":{"line":59,"column":12},"end":{"line":59,"column":61}},"49":{"start":{"line":60,"column":12},"end":{"line":60,"column":45}},"50":{"start":{"line":61,"column":12},"end":{"line":61,"column":27}},"51":{"start":{"line":62,"column":12},"end":{"line":62,"column":21}},"52":{"start":{"line":66,"column":0},"end":{"line":66,"column":46}},"53":{"start":{"line":68,"column":4},"end":{"line":84,"column":7}},"54":{"start":{"line":69,"column":8},"end":{"line":72,"column":9}},"55":{"start":{"line":70,"column":12},"end":{"line":70,"column":39}},"56":{"start":{"line":71,"column":12},"end":{"line":71,"column":19}},"57":{"start":{"line":73,"column":8},"end":{"line":83,"column":11}},"58":{"start":{"line":74,"column":12},"end":{"line":77,"column":13}},"59":{"start":{"line":75,"column":16},"end":{"line":75,"column":43}},"60":{"start":{"line":76,"column":16},"end":{"line":76,"column":23}},"61":{"start":{"line":78,"column":12},"end":{"line":78,"column":32}},"62":{"start":{"line":79,"column":12},"end":{"line":79,"column":61}},"63":{"start":{"line":80,"column":12},"end":{"line":80,"column":45}},"64":{"start":{"line":81,"column":12},"end":{"line":81,"column":27}},"65":{"start":{"line":82,"column":12},"end":{"line":82,"column":21}},"66":{"start":{"line":86,"column":0},"end":{"line":86,"column":42}},"67":{"start":{"line":88,"column":4},"end":{"line":103,"column":5}},"68":{"start":{"line":89,"column":8},"end":{"line":94,"column":9}},"69":{"start":{"line":90,"column":12},"end":{"line":90,"column":43}},"70":{"start":{"line":91,"column":12},"end":{"line":91,"column":45}},"71":{"start":{"line":92,"column":12},"end":{"line":92,"column":21}},"72":{"start":{"line":93,"column":12},"end":{"line":93,"column":25}},"73":{"start":{"line":95,"column":8},"end":{"line":95,"column":20}},"74":{"start":{"line":98,"column":8},"end":{"line":98,"column":23}},"75":{"start":{"line":99,"column":8},"end":{"line":99,"column":39}},"76":{"start":{"line":100,"column":8},"end":{"line":100,"column":41}},"77":{"start":{"line":101,"column":8},"end":{"line":101,"column":17}},"78":{"start":{"line":102,"column":8},"end":{"line":102,"column":21}},"79":{"start":{"line":105,"column":0},"end":{"line":105,"column":24}},"80":{"start":{"line":107,"column":17},"end":{"line":110,"column":5}},"81":{"start":{"line":111,"column":4},"end":{"line":127,"column":7}},"82":{"start":{"line":112,"column":8},"end":{"line":115,"column":9}},"83":{"start":{"line":113,"column":12},"end":{"line":113,"column":39}},"84":{"start":{"line":114,"column":12},"end":{"line":114,"column":19}},"85":{"start":{"line":116,"column":8},"end":{"line":125,"column":11}},"86":{"start":{"line":117,"column":12},"end":{"line":120,"column":13}},"87":{"start":{"line":118,"column":16},"end":{"line":118,"column":43}},"88":{"start":{"line":119,"column":16},"end":{"line":119,"column":23}},"89":{"start":{"line":121,"column":12},"end":{"line":121,"column":32}},"90":{"start":{"line":122,"column":12},"end":{"line":122,"column":61}},"91":{"start":{"line":123,"column":12},"end":{"line":123,"column":57}},"92":{"start":{"line":124,"column":12},"end":{"line":124,"column":21}},"93":{"start":{"line":126,"column":8},"end":{"line":126,"column":23}},"94":{"start":{"line":133,"column":8},"end":{"line":133,"column":44}},"95":{"start":{"line":136,"column":8},"end":{"line":138,"column":9}},"96":{"start":{"line":137,"column":12},"end":{"line":137,"column":19}},"97":{"start":{"line":139,"column":8},"end":{"line":139,"column":45}},"98":{"start":{"line":142,"column":8},"end":{"line":142,"column":42}},"99":{"start":{"line":143,"column":8},"end":{"line":143,"column":44}},"100":{"start":{"line":144,"column":8},"end":{"line":144,"column":17}},"101":{"start":{"line":155,"column":8},"end":{"line":155,"column":51}},"102":{"start":{"line":158,"column":8},"end":{"line":160,"column":9}},"103":{"start":{"line":159,"column":12},"end":{"line":159,"column":19}},"104":{"start":{"line":161,"column":8},"end":{"line":161,"column":51}},"105":{"start":{"line":164,"column":8},"end":{"line":166,"column":9}},"106":{"start":{"line":165,"column":12},"end":{"line":165,"column":19}},"107":{"start":{"line":167,"column":8},"end":{"line":167,"column":44}},"108":{"start":{"line":170,"column":8},"end":{"line":172,"column":9}},"109":{"start":{"line":171,"column":12},"end":{"line":171,"column":19}},"110":{"start":{"line":173,"column":8},"end":{"line":173,"column":51}},"111":{"start":{"line":176,"column":8},"end":{"line":178,"column":9}},"112":{"start":{"line":177,"column":12},"end":{"line":177,"column":19}},"113":{"start":{"line":179,"column":8},"end":{"line":179,"column":52}},"114":{"start":{"line":182,"column":8},"end":{"line":184,"column":9}},"115":{"start":{"line":183,"column":12},"end":{"line":183,"column":19}},"116":{"start":{"line":185,"column":8},"end":{"line":185,"column":52}},"117":{"start":{"line":188,"column":16},"end":{"line":188,"column":54}},"118":{"start":{"line":189,"column":8},"end":{"line":191,"column":9}},"119":{"start":{"line":190,"column":12},"end":{"line":190,"column":19}},"120":{"start":{"line":192,"column":8},"end":{"line":202,"column":11}},"121":{"start":{"line":193,"column":12},"end":{"line":200,"column":15}},"122":{"start":{"line":194,"column":16},"end":{"line":197,"column":17}},"123":{"start":{"line":195,"column":20},"end":{"line":195,"column":47}},"124":{"start":{"line":196,"column":20},"end":{"line":196,"column":27}},"125":{"start":{"line":198,"column":16},"end":{"line":198,"column":49}},"126":{"start":{"line":199,"column":16},"end":{"line":199,"column":25}},"127":{"start":{"line":201,"column":12},"end":{"line":201,"column":27}},"128":{"start":{"line":205,"column":8},"end":{"line":205,"column":28}},"129":{"start":{"line":206,"column":8},"end":{"line":208,"column":9}},"130":{"start":{"line":207,"column":12},"end":{"line":207,"column":19}},"131":{"start":{"line":209,"column":8},"end":{"line":225,"column":11}},"132":{"start":{"line":210,"column":12},"end":{"line":213,"column":13}},"133":{"start":{"line":211,"column":16},"end":{"line":211,"column":43}},"134":{"start":{"line":212,"column":16},"end":{"line":212,"column":23}},"135":{"start":{"line":214,"column":12},"end":{"line":223,"column":15}},"136":{"start":{"line":215,"column":16},"end":{"line":218,"column":17}},"137":{"start":{"line":216,"column":20},"end":{"line":216,"column":47}},"138":{"start":{"line":217,"column":20},"end":{"line":217,"column":27}},"139":{"start":{"line":219,"column":16},"end":{"line":219,"column":36}},"140":{"start":{"line":220,"column":16},"end":{"line":220,"column":65}},"141":{"start":{"line":221,"column":16},"end":{"line":221,"column":49}},"142":{"start":{"line":222,"column":16},"end":{"line":222,"column":25}},"143":{"start":{"line":224,"column":12},"end":{"line":224,"column":27}},"144":{"start":{"line":228,"column":8},"end":{"line":285,"column":11}},"145":{"start":{"line":229,"column":12},"end":{"line":229,"column":39}},"146":{"start":{"line":230,"column":12},"end":{"line":283,"column":15}},"147":{"start":{"line":231,"column":16},"end":{"line":234,"column":17}},"148":{"start":{"line":232,"column":20},"end":{"line":232,"column":47}},"149":{"start":{"line":233,"column":20},"end":{"line":233,"column":27}},"150":{"start":{"line":235,"column":16},"end":{"line":278,"column":17}},"151":{"start":{"line":236,"column":20},"end":{"line":274,"column":23}},"152":{"start":{"line":237,"column":24},"end":{"line":240,"column":25}},"153":{"start":{"line":238,"column":28},"end":{"line":238,"column":66}},"154":{"start":{"line":239,"column":28},"end":{"line":239,"column":35}},"155":{"start":{"line":241,"column":24},"end":{"line":243,"column":25}},"156":{"start":{"line":242,"column":28},"end":{"line":242,"column":88}},"157":{"start":{"line":244,"column":24},"end":{"line":273,"column":27}},"158":{"start":{"line":245,"column":28},"end":{"line":248,"column":29}},"159":{"start":{"line":246,"column":32},"end":{"line":246,"column":65}},"160":{"start":{"line":247,"column":32},"end":{"line":247,"column":39}},"161":{"start":{"line":249,"column":28},"end":{"line":249,"column":48}},"162":{"start":{"line":250,"column":42},"end":{"line":250,"column":68}},"163":{"start":{"line":251,"column":40},"end":{"line":251,"column":42}},"164":{"start":{"line":252,"column":28},"end":{"line":255,"column":29}},"165":{"start":{"line":252,"column":41},"end":{"line":252,"column":42}},"166":{"start":{"line":253,"column":32},"end":{"line":254,"column":141}},"167":{"start":{"line":256,"column":28},"end":{"line":272,"column":31}},"168":{"start":{"line":267,"column":32},"end":{"line":269,"column":33}},"169":{"start":{"line":268,"column":36},"end":{"line":268,"column":68}},"170":{"start":{"line":270,"column":32},"end":{"line":270,"column":50}},"171":{"start":{"line":271,"column":32},"end":{"line":271,"column":50}},"172":{"start":{"line":277,"column":20},"end":{"line":277,"column":43}},"173":{"start":{"line":279,"column":16},"end":{"line":279,"column":36}},"174":{"start":{"line":280,"column":16},"end":{"line":280,"column":65}},"175":{"start":{"line":281,"column":16},"end":{"line":281,"column":49}},"176":{"start":{"line":282,"column":16},"end":{"line":282,"column":25}},"177":{"start":{"line":284,"column":12},"end":{"line":284,"column":27}},"178":{"start":{"line":288,"column":8},"end":{"line":288,"column":28}},"179":{"start":{"line":289,"column":8},"end":{"line":305,"column":11}},"180":{"start":{"line":290,"column":12},"end":{"line":293,"column":13}},"181":{"start":{"line":291,"column":16},"end":{"line":291,"column":43}},"182":{"start":{"line":292,"column":16},"end":{"line":292,"column":23}},"183":{"start":{"line":294,"column":12},"end":{"line":303,"column":15}},"184":{"start":{"line":295,"column":16},"end":{"line":298,"column":17}},"185":{"start":{"line":296,"column":20},"end":{"line":296,"column":47}},"186":{"start":{"line":297,"column":20},"end":{"line":297,"column":27}},"187":{"start":{"line":299,"column":16},"end":{"line":299,"column":36}},"188":{"start":{"line":300,"column":16},"end":{"line":300,"column":65}},"189":{"start":{"line":301,"column":16},"end":{"line":301,"column":49}},"190":{"start":{"line":302,"column":16},"end":{"line":302,"column":25}},"191":{"start":{"line":304,"column":12},"end":{"line":304,"column":27}},"192":{"start":{"line":308,"column":8},"end":{"line":308,"column":28}},"193":{"start":{"line":309,"column":8},"end":{"line":336,"column":11}},"194":{"start":{"line":310,"column":12},"end":{"line":315,"column":13}},"195":{"start":{"line":311,"column":16},"end":{"line":311,"column":33}},"196":{"start":{"line":312,"column":16},"end":{"line":312,"column":108}},"197":{"start":{"line":313,"column":16},"end":{"line":313,"column":25}},"198":{"start":{"line":314,"column":16},"end":{"line":314,"column":23}},"199":{"start":{"line":316,"column":12},"end":{"line":316,"column":74}},"200":{"start":{"line":317,"column":12},"end":{"line":335,"column":15}},"201":{"start":{"line":318,"column":16},"end":{"line":323,"column":17}},"202":{"start":{"line":319,"column":20},"end":{"line":319,"column":67}},"203":{"start":{"line":320,"column":20},"end":{"line":320,"column":51}},"204":{"start":{"line":321,"column":20},"end":{"line":321,"column":29}},"205":{"start":{"line":322,"column":20},"end":{"line":322,"column":27}},"206":{"start":{"line":324,"column":16},"end":{"line":333,"column":17}},"207":{"start":{"line":325,"column":32},"end":{"line":325,"column":100}},"208":{"start":{"line":326,"column":20},"end":{"line":326,"column":69}},"209":{"start":{"line":327,"column":20},"end":{"line":327,"column":71}},"210":{"start":{"line":328,"column":20},"end":{"line":328,"column":29}},"211":{"start":{"line":331,"column":20},"end":{"line":331,"column":51}},"212":{"start":{"line":332,"column":20},"end":{"line":332,"column":29}},"213":{"start":{"line":334,"column":16},"end":{"line":334,"column":31}},"214":{"start":{"line":339,"column":8},"end":{"line":339,"column":28}},"215":{"start":{"line":340,"column":8},"end":{"line":362,"column":11}},"216":{"start":{"line":341,"column":12},"end":{"line":346,"column":13}},"217":{"start":{"line":342,"column":16},"end":{"line":342,"column":33}},"218":{"start":{"line":343,"column":16},"end":{"line":343,"column":109}},"219":{"start":{"line":344,"column":16},"end":{"line":344,"column":25}},"220":{"start":{"line":345,"column":16},"end":{"line":345,"column":23}},"221":{"start":{"line":348,"column":12},"end":{"line":348,"column":82}},"222":{"start":{"line":349,"column":12},"end":{"line":361,"column":15}},"223":{"start":{"line":350,"column":16},"end":{"line":355,"column":17}},"224":{"start":{"line":351,"column":20},"end":{"line":351,"column":37}},"225":{"start":{"line":352,"column":20},"end":{"line":352,"column":51}},"226":{"start":{"line":353,"column":20},"end":{"line":353,"column":29}},"227":{"start":{"line":354,"column":20},"end":{"line":354,"column":27}},"228":{"start":{"line":356,"column":16},"end":{"line":356,"column":36}},"229":{"start":{"line":357,"column":16},"end":{"line":357,"column":65}},"230":{"start":{"line":358,"column":16},"end":{"line":358,"column":49}},"231":{"start":{"line":359,"column":16},"end":{"line":359,"column":31}},"232":{"start":{"line":360,"column":16},"end":{"line":360,"column":25}},"233":{"start":{"line":366,"column":8},"end":{"line":368,"column":9}},"234":{"start":{"line":367,"column":12},"end":{"line":367,"column":19}},"235":{"start":{"line":369,"column":8},"end":{"line":369,"column":23}},"236":{"start":{"line":370,"column":8},"end":{"line":370,"column":58}},"237":{"start":{"line":374,"column":8},"end":{"line":384,"column":9}},"238":{"start":{"line":375,"column":12},"end":{"line":375,"column":32}},"239":{"start":{"line":376,"column":12},"end":{"line":383,"column":13}},"240":{"start":{"line":377,"column":16},"end":{"line":377,"column":109}},"241":{"start":{"line":378,"column":28},"end":{"line":378,"column":113}},"242":{"start":{"line":379,"column":16},"end":{"line":379,"column":40}},"243":{"start":{"line":382,"column":16},"end":{"line":382,"column":57}},"244":{"start":{"line":387,"column":8},"end":{"line":389,"column":9}},"245":{"start":{"line":388,"column":12},"end":{"line":388,"column":19}},"246":{"start":{"line":390,"column":8},"end":{"line":390,"column":54}},"247":{"start":{"line":391,"column":8},"end":{"line":391,"column":17}},"248":{"start":{"line":394,"column":0},"end":{"line":394,"column":18}}},"fnMap":{"0":{"name":"(anonymous_0)","decl":{"start":{"line":2,"column":74},"end":{"line":2,"column":75}},"loc":{"start":{"line":2,"column":96},"end":{"line":5,"column":1}},"line":2},"1":{"name":"(anonymous_1)","decl":{"start":{"line":4,"column":58},"end":{"line":4,"column":59}},"loc":{"start":{"line":4,"column":69},"end":{"line":4,"column":85}},"line":4},"2":{"name":"(anonymous_2)","decl":{"start":{"line":5,"column":6},"end":{"line":5,"column":7}},"loc":{"start":{"line":5,"column":28},"end":{"line":8,"column":1}},"line":5},"3":{"name":"(anonymous_3)","decl":{"start":{"line":9,"column":80},"end":{"line":9,"column":81}},"loc":{"start":{"line":9,"column":95},"end":{"line":11,"column":1}},"line":9},"4":{"name":"(anonymous_4)","decl":{"start":{"line":11,"column":5},"end":{"line":11,"column":6}},"loc":{"start":{"line":11,"column":20},"end":{"line":13,"column":1}},"line":11},"5":{"name":"(anonymous_5)","decl":{"start":{"line":14,"column":50},"end":{"line":14,"column":51}},"loc":{"start":{"line":14,"column":65},"end":{"line":20,"column":1}},"line":14},"6":{"name":"(anonymous_6)","decl":{"start":{"line":21,"column":56},"end":{"line":21,"column":57}},"loc":{"start":{"line":21,"column":71},"end":{"line":23,"column":1}},"line":21},"7":{"name":"handleError","decl":{"start":{"line":37,"column":9},"end":{"line":37,"column":20}},"loc":{"start":{"line":37,"column":36},"end":{"line":43,"column":1}},"line":37},"8":{"name":"handleUrlParamReq","decl":{"start":{"line":45,"column":9},"end":{"line":45,"column":26}},"loc":{"start":{"line":45,"column":55},"end":{"line":65,"column":1}},"line":45},"9":{"name":"(anonymous_9)","decl":{"start":{"line":48,"column":28},"end":{"line":48,"column":29}},"loc":{"start":{"line":48,"column":43},"end":{"line":64,"column":5}},"line":48},"10":{"name":"(anonymous_10)","decl":{"start":{"line":53,"column":71},"end":{"line":53,"column":72}},"loc":{"start":{"line":53,"column":96},"end":{"line":63,"column":9}},"line":53},"11":{"name":"handleSelectAll","decl":{"start":{"line":67,"column":9},"end":{"line":67,"column":24}},"loc":{"start":{"line":67,"column":42},"end":{"line":85,"column":1}},"line":67},"12":{"name":"(anonymous_12)","decl":{"start":{"line":68,"column":28},"end":{"line":68,"column":29}},"loc":{"start":{"line":68,"column":43},"end":{"line":84,"column":5}},"line":68},"13":{"name":"(anonymous_13)","decl":{"start":{"line":73,"column":66},"end":{"line":73,"column":67}},"loc":{"start":{"line":73,"column":91},"end":{"line":83,"column":9}},"line":73},"14":{"name":"verify","decl":{"start":{"line":87,"column":9},"end":{"line":87,"column":15}},"loc":{"start":{"line":87,"column":23},"end":{"line":104,"column":1}},"line":87},"15":{"name":"insertImage","decl":{"start":{"line":106,"column":9},"end":{"line":106,"column":20}},"loc":{"start":{"line":106,"column":33},"end":{"line":128,"column":1}},"line":106},"16":{"name":"(anonymous_16)","decl":{"start":{"line":111,"column":28},"end":{"line":111,"column":29}},"loc":{"start":{"line":111,"column":43},"end":{"line":127,"column":5}},"line":111},"17":{"name":"(anonymous_17)","decl":{"start":{"line":116,"column":70},"end":{"line":116,"column":71}},"loc":{"start":{"line":116,"column":95},"end":{"line":125,"column":9}},"line":116},"18":{"name":"(anonymous_18)","decl":{"start":{"line":130,"column":4},"end":{"line":130,"column":5}},"loc":{"start":{"line":130,"column":18},"end":{"line":131,"column":5}},"line":130},"19":{"name":"(anonymous_19)","decl":{"start":{"line":132,"column":4},"end":{"line":132,"column":5}},"loc":{"start":{"line":132,"column":26},"end":{"line":134,"column":5}},"line":132},"20":{"name":"(anonymous_20)","decl":{"start":{"line":135,"column":4},"end":{"line":135,"column":5}},"loc":{"start":{"line":135,"column":27},"end":{"line":140,"column":5}},"line":135},"21":{"name":"(anonymous_21)","decl":{"start":{"line":141,"column":4},"end":{"line":141,"column":5}},"loc":{"start":{"line":141,"column":23},"end":{"line":145,"column":5}},"line":141},"22":{"name":"(anonymous_22)","decl":{"start":{"line":154,"column":4},"end":{"line":154,"column":5}},"loc":{"start":{"line":154,"column":25},"end":{"line":156,"column":5}},"line":154},"23":{"name":"(anonymous_23)","decl":{"start":{"line":157,"column":4},"end":{"line":157,"column":5}},"loc":{"start":{"line":157,"column":25},"end":{"line":162,"column":5}},"line":157},"24":{"name":"(anonymous_24)","decl":{"start":{"line":163,"column":4},"end":{"line":163,"column":5}},"loc":{"start":{"line":163,"column":26},"end":{"line":168,"column":5}},"line":163},"25":{"name":"(anonymous_25)","decl":{"start":{"line":169,"column":4},"end":{"line":169,"column":5}},"loc":{"start":{"line":169,"column":28},"end":{"line":174,"column":5}},"line":169},"26":{"name":"(anonymous_26)","decl":{"start":{"line":175,"column":4},"end":{"line":175,"column":5}},"loc":{"start":{"line":175,"column":26},"end":{"line":180,"column":5}},"line":175},"27":{"name":"(anonymous_27)","decl":{"start":{"line":181,"column":4},"end":{"line":181,"column":5}},"loc":{"start":{"line":181,"column":29},"end":{"line":186,"column":5}},"line":181},"28":{"name":"(anonymous_28)","decl":{"start":{"line":187,"column":4},"end":{"line":187,"column":5}},"loc":{"start":{"line":187,"column":26},"end":{"line":203,"column":5}},"line":187},"29":{"name":"(anonymous_29)","decl":{"start":{"line":192,"column":32},"end":{"line":192,"column":33}},"loc":{"start":{"line":192,"column":47},"end":{"line":202,"column":9}},"line":192},"30":{"name":"(anonymous_30)","decl":{"start":{"line":193,"column":34},"end":{"line":193,"column":35}},"loc":{"start":{"line":193,"column":59},"end":{"line":200,"column":13}},"line":193},"31":{"name":"(anonymous_31)","decl":{"start":{"line":204,"column":4},"end":{"line":204,"column":5}},"loc":{"start":{"line":204,"column":27},"end":{"line":226,"column":5}},"line":204},"32":{"name":"(anonymous_32)","decl":{"start":{"line":209,"column":32},"end":{"line":209,"column":33}},"loc":{"start":{"line":209,"column":47},"end":{"line":225,"column":9}},"line":209},"33":{"name":"(anonymous_33)","decl":{"start":{"line":214,"column":71},"end":{"line":214,"column":72}},"loc":{"start":{"line":214,"column":96},"end":{"line":223,"column":13}},"line":214},"34":{"name":"(anonymous_34)","decl":{"start":{"line":227,"column":4},"end":{"line":227,"column":5}},"loc":{"start":{"line":227,"column":27},"end":{"line":286,"column":5}},"line":227},"35":{"name":"(anonymous_35)","decl":{"start":{"line":228,"column":32},"end":{"line":228,"column":33}},"loc":{"start":{"line":228,"column":47},"end":{"line":285,"column":9}},"line":228},"36":{"name":"(anonymous_36)","decl":{"start":{"line":230,"column":72},"end":{"line":230,"column":73}},"loc":{"start":{"line":230,"column":97},"end":{"line":283,"column":13}},"line":230},"37":{"name":"(anonymous_37)","decl":{"start":{"line":236,"column":39},"end":{"line":236,"column":40}},"loc":{"start":{"line":236,"column":48},"end":{"line":274,"column":21}},"line":236},"38":{"name":"(anonymous_38)","decl":{"start":{"line":244,"column":120},"end":{"line":244,"column":121}},"loc":{"start":{"line":244,"column":129},"end":{"line":273,"column":25}},"line":244},"39":{"name":"(anonymous_39)","decl":{"start":{"line":266,"column":27},"end":{"line":266,"column":28}},"loc":{"start":{"line":266,"column":42},"end":{"line":272,"column":29}},"line":266},"40":{"name":"(anonymous_40)","decl":{"start":{"line":287,"column":4},"end":{"line":287,"column":5}},"loc":{"start":{"line":287,"column":28},"end":{"line":306,"column":5}},"line":287},"41":{"name":"(anonymous_41)","decl":{"start":{"line":289,"column":32},"end":{"line":289,"column":33}},"loc":{"start":{"line":289,"column":47},"end":{"line":305,"column":9}},"line":289},"42":{"name":"(anonymous_42)","decl":{"start":{"line":294,"column":76},"end":{"line":294,"column":77}},"loc":{"start":{"line":294,"column":101},"end":{"line":303,"column":13}},"line":294},"43":{"name":"(anonymous_43)","decl":{"start":{"line":307,"column":4},"end":{"line":307,"column":5}},"loc":{"start":{"line":307,"column":23},"end":{"line":337,"column":5}},"line":307},"44":{"name":"(anonymous_44)","decl":{"start":{"line":309,"column":32},"end":{"line":309,"column":33}},"loc":{"start":{"line":309,"column":47},"end":{"line":336,"column":9}},"line":309},"45":{"name":"(anonymous_45)","decl":{"start":{"line":317,"column":78},"end":{"line":317,"column":79}},"loc":{"start":{"line":317,"column":103},"end":{"line":335,"column":13}},"line":317},"46":{"name":"(anonymous_46)","decl":{"start":{"line":338,"column":4},"end":{"line":338,"column":5}},"loc":{"start":{"line":338,"column":26},"end":{"line":363,"column":5}},"line":338},"47":{"name":"(anonymous_47)","decl":{"start":{"line":340,"column":32},"end":{"line":340,"column":33}},"loc":{"start":{"line":340,"column":47},"end":{"line":362,"column":9}},"line":340},"48":{"name":"(anonymous_48)","decl":{"start":{"line":349,"column":124},"end":{"line":349,"column":125}},"loc":{"start":{"line":349,"column":149},"end":{"line":361,"column":13}},"line":349},"49":{"name":"(anonymous_49)","decl":{"start":{"line":365,"column":4},"end":{"line":365,"column":5}},"loc":{"start":{"line":365,"column":30},"end":{"line":371,"column":5}},"line":365},"50":{"name":"(anonymous_50)","decl":{"start":{"line":373,"column":4},"end":{"line":373,"column":5}},"loc":{"start":{"line":373,"column":32},"end":{"line":385,"column":5}},"line":373},"51":{"name":"(anonymous_51)","decl":{"start":{"line":386,"column":4},"end":{"line":386,"column":5}},"loc":{"start":{"line":386,"column":24},"end":{"line":392,"column":5}},"line":386}},"branchMap":{"0":{"loc":{"start":{"line":2,"column":22},"end":{"line":8,"column":3}},"type":"binary-expr","locations":[{"start":{"line":2,"column":23},"end":{"line":2,"column":27}},{"start":{"line":2,"column":31},"end":{"line":2,"column":51}},{"start":{"line":2,"column":57},"end":{"line":8,"column":2}}],"line":2},"1":{"loc":{"start":{"line":2,"column":57},"end":{"line":8,"column":2}},"type":"cond-expr","locations":[{"start":{"line":2,"column":74},"end":{"line":5,"column":1}},{"start":{"line":5,"column":6},"end":{"line":8,"column":1}}],"line":2},"2":{"loc":{"start":{"line":3,"column":4},"end":{"line":3,"column":33}},"type":"if","locations":[{"start":{"line":3,"column":4},"end":{"line":3,"column":33}},{"start":{"line":3,"column":4},"end":{"line":3,"column":33}}],"line":3},"3":{"loc":{"start":{"line":6,"column":4},"end":{"line":6,"column":33}},"type":"if","locations":[{"start":{"line":6,"column":4},"end":{"line":6,"column":33}},{"start":{"line":6,"column":4},"end":{"line":6,"column":33}}],"line":6},"4":{"loc":{"start":{"line":9,"column":25},"end":{"line":13,"column":2}},"type":"binary-expr","locations":[{"start":{"line":9,"column":26},"end":{"line":9,"column":30}},{"start":{"line":9,"column":34},"end":{"line":9,"column":57}},{"start":{"line":9,"column":63},"end":{"line":13,"column":1}}],"line":9},"5":{"loc":{"start":{"line":9,"column":63},"end":{"line":13,"column":1}},"type":"cond-expr","locations":[{"start":{"line":9,"column":80},"end":{"line":11,"column":1}},{"start":{"line":11,"column":5},"end":{"line":13,"column":1}}],"line":9},"6":{"loc":{"start":{"line":14,"column":19},"end":{"line":20,"column":1}},"type":"binary-expr","locations":[{"start":{"line":14,"column":20},"end":{"line":14,"column":24}},{"start":{"line":14,"column":28},"end":{"line":14,"column":45}},{"start":{"line":14,"column":50},"end":{"line":20,"column":1}}],"line":14},"7":{"loc":{"start":{"line":15,"column":4},"end":{"line":15,"column":42}},"type":"if","locations":[{"start":{"line":15,"column":4},"end":{"line":15,"column":42}},{"start":{"line":15,"column":4},"end":{"line":15,"column":42}}],"line":15},"8":{"loc":{"start":{"line":15,"column":8},"end":{"line":15,"column":29}},"type":"binary-expr","locations":[{"start":{"line":15,"column":8},"end":{"line":15,"column":11}},{"start":{"line":15,"column":15},"end":{"line":15,"column":29}}],"line":15},"9":{"loc":{"start":{"line":17,"column":4},"end":{"line":17,"column":141}},"type":"if","locations":[{"start":{"line":17,"column":4},"end":{"line":17,"column":141}},{"start":{"line":17,"column":4},"end":{"line":17,"column":141}}],"line":17},"10":{"loc":{"start":{"line":17,"column":40},"end":{"line":17,"column":141}},"type":"if","locations":[{"start":{"line":17,"column":40},"end":{"line":17,"column":141}},{"start":{"line":17,"column":40},"end":{"line":17,"column":141}}],"line":17},"11":{"loc":{"start":{"line":17,"column":44},"end":{"line":17,"column":107}},"type":"binary-expr","locations":[{"start":{"line":17,"column":44},"end":{"line":17,"column":59}},{"start":{"line":17,"column":63},"end":{"line":17,"column":107}}],"line":17},"12":{"loc":{"start":{"line":21,"column":22},"end":{"line":23,"column":1}},"type":"binary-expr","locations":[{"start":{"line":21,"column":23},"end":{"line":21,"column":27}},{"start":{"line":21,"column":31},"end":{"line":21,"column":51}},{"start":{"line":21,"column":56},"end":{"line":23,"column":1}}],"line":21},"13":{"loc":{"start":{"line":22,"column":11},"end":{"line":22,"column":61}},"type":"cond-expr","locations":[{"start":{"line":22,"column":37},"end":{"line":22,"column":40}},{"start":{"line":22,"column":43},"end":{"line":22,"column":61}}],"line":22},"14":{"loc":{"start":{"line":22,"column":12},"end":{"line":22,"column":33}},"type":"binary-expr","locations":[{"start":{"line":22,"column":12},"end":{"line":22,"column":15}},{"start":{"line":22,"column":19},"end":{"line":22,"column":33}}],"line":22},"15":{"loc":{"start":{"line":38,"column":4},"end":{"line":42,"column":5}},"type":"if","locations":[{"start":{"line":38,"column":4},"end":{"line":42,"column":5}},{"start":{"line":38,"column":4},"end":{"line":42,"column":5}}],"line":38},"16":{"loc":{"start":{"line":49,"column":8},"end":{"line":52,"column":9}},"type":"if","locations":[{"start":{"line":49,"column":8},"end":{"line":52,"column":9}},{"start":{"line":49,"column":8},"end":{"line":52,"column":9}}],"line":49},"17":{"loc":{"start":{"line":54,"column":12},"end":{"line":57,"column":13}},"type":"if","locations":[{"start":{"line":54,"column":12},"end":{"line":57,"column":13}},{"start":{"line":54,"column":12},"end":{"line":57,"column":13}}],"line":54},"18":{"loc":{"start":{"line":69,"column":8},"end":{"line":72,"column":9}},"type":"if","locations":[{"start":{"line":69,"column":8},"end":{"line":72,"column":9}},{"start":{"line":69,"column":8},"end":{"line":72,"column":9}}],"line":69},"19":{"loc":{"start":{"line":74,"column":12},"end":{"line":77,"column":13}},"type":"if","locations":[{"start":{"line":74,"column":12},"end":{"line":77,"column":13}},{"start":{"line":74,"column":12},"end":{"line":77,"column":13}}],"line":74},"20":{"loc":{"start":{"line":89,"column":8},"end":{"line":94,"column":9}},"type":"if","locations":[{"start":{"line":89,"column":8},"end":{"line":94,"column":9}},{"start":{"line":89,"column":8},"end":{"line":94,"column":9}}],"line":89},"21":{"loc":{"start":{"line":112,"column":8},"end":{"line":115,"column":9}},"type":"if","locations":[{"start":{"line":112,"column":8},"end":{"line":115,"column":9}},{"start":{"line":112,"column":8},"end":{"line":115,"column":9}}],"line":112},"22":{"loc":{"start":{"line":117,"column":12},"end":{"line":120,"column":13}},"type":"if","locations":[{"start":{"line":117,"column":12},"end":{"line":120,"column":13}},{"start":{"line":117,"column":12},"end":{"line":120,"column":13}}],"line":117},"23":{"loc":{"start":{"line":136,"column":8},"end":{"line":138,"column":9}},"type":"if","locations":[{"start":{"line":136,"column":8},"end":{"line":138,"column":9}},{"start":{"line":136,"column":8},"end":{"line":138,"column":9}}],"line":136},"24":{"loc":{"start":{"line":158,"column":8},"end":{"line":160,"column":9}},"type":"if","locations":[{"start":{"line":158,"column":8},"end":{"line":160,"column":9}},{"start":{"line":158,"column":8},"end":{"line":160,"column":9}}],"line":158},"25":{"loc":{"start":{"line":164,"column":8},"end":{"line":166,"column":9}},"type":"if","locations":[{"start":{"line":164,"column":8},"end":{"line":166,"column":9}},{"start":{"line":164,"column":8},"end":{"line":166,"column":9}}],"line":164},"26":{"loc":{"start":{"line":170,"column":8},"end":{"line":172,"column":9}},"type":"if","locations":[{"start":{"line":170,"column":8},"end":{"line":172,"column":9}},{"start":{"line":170,"column":8},"end":{"line":172,"column":9}}],"line":170},"27":{"loc":{"start":{"line":176,"column":8},"end":{"line":178,"column":9}},"type":"if","locations":[{"start":{"line":176,"column":8},"end":{"line":178,"column":9}},{"start":{"line":176,"column":8},"end":{"line":178,"column":9}}],"line":176},"28":{"loc":{"start":{"line":182,"column":8},"end":{"line":184,"column":9}},"type":"if","locations":[{"start":{"line":182,"column":8},"end":{"line":184,"column":9}},{"start":{"line":182,"column":8},"end":{"line":184,"column":9}}],"line":182},"29":{"loc":{"start":{"line":189,"column":8},"end":{"line":191,"column":9}},"type":"if","locations":[{"start":{"line":189,"column":8},"end":{"line":191,"column":9}},{"start":{"line":189,"column":8},"end":{"line":191,"column":9}}],"line":189},"30":{"loc":{"start":{"line":194,"column":16},"end":{"line":197,"column":17}},"type":"if","locations":[{"start":{"line":194,"column":16},"end":{"line":197,"column":17}},{"start":{"line":194,"column":16},"end":{"line":197,"column":17}}],"line":194},"31":{"loc":{"start":{"line":206,"column":8},"end":{"line":208,"column":9}},"type":"if","locations":[{"start":{"line":206,"column":8},"end":{"line":208,"column":9}},{"start":{"line":206,"column":8},"end":{"line":208,"column":9}}],"line":206},"32":{"loc":{"start":{"line":210,"column":12},"end":{"line":213,"column":13}},"type":"if","locations":[{"start":{"line":210,"column":12},"end":{"line":213,"column":13}},{"start":{"line":210,"column":12},"end":{"line":213,"column":13}}],"line":210},"33":{"loc":{"start":{"line":215,"column":16},"end":{"line":218,"column":17}},"type":"if","locations":[{"start":{"line":215,"column":16},"end":{"line":218,"column":17}},{"start":{"line":215,"column":16},"end":{"line":218,"column":17}}],"line":215},"34":{"loc":{"start":{"line":231,"column":16},"end":{"line":234,"column":17}},"type":"if","locations":[{"start":{"line":231,"column":16},"end":{"line":234,"column":17}},{"start":{"line":231,"column":16},"end":{"line":234,"column":17}}],"line":231},"35":{"loc":{"start":{"line":237,"column":24},"end":{"line":240,"column":25}},"type":"if","locations":[{"start":{"line":237,"column":24},"end":{"line":240,"column":25}},{"start":{"line":237,"column":24},"end":{"line":240,"column":25}}],"line":237},"36":{"loc":{"start":{"line":241,"column":24},"end":{"line":243,"column":25}},"type":"if","locations":[{"start":{"line":241,"column":24},"end":{"line":243,"column":25}},{"start":{"line":241,"column":24},"end":{"line":243,"column":25}}],"line":241},"37":{"loc":{"start":{"line":245,"column":28},"end":{"line":248,"column":29}},"type":"if","locations":[{"start":{"line":245,"column":28},"end":{"line":248,"column":29}},{"start":{"line":245,"column":28},"end":{"line":248,"column":29}}],"line":245},"38":{"loc":{"start":{"line":267,"column":32},"end":{"line":269,"column":33}},"type":"if","locations":[{"start":{"line":267,"column":32},"end":{"line":269,"column":33}},{"start":{"line":267,"column":32},"end":{"line":269,"column":33}}],"line":267},"39":{"loc":{"start":{"line":290,"column":12},"end":{"line":293,"column":13}},"type":"if","locations":[{"start":{"line":290,"column":12},"end":{"line":293,"column":13}},{"start":{"line":290,"column":12},"end":{"line":293,"column":13}}],"line":290},"40":{"loc":{"start":{"line":295,"column":16},"end":{"line":298,"column":17}},"type":"if","locations":[{"start":{"line":295,"column":16},"end":{"line":298,"column":17}},{"start":{"line":295,"column":16},"end":{"line":298,"column":17}}],"line":295},"41":{"loc":{"start":{"line":310,"column":12},"end":{"line":315,"column":13}},"type":"if","locations":[{"start":{"line":310,"column":12},"end":{"line":315,"column":13}},{"start":{"line":310,"column":12},"end":{"line":315,"column":13}}],"line":310},"42":{"loc":{"start":{"line":310,"column":16},"end":{"line":310,"column":56}},"type":"binary-expr","locations":[{"start":{"line":310,"column":16},"end":{"line":310,"column":19}},{"start":{"line":310,"column":23},"end":{"line":310,"column":36}},{"start":{"line":310,"column":40},"end":{"line":310,"column":56}}],"line":310},"43":{"loc":{"start":{"line":312,"column":16},"end":{"line":312,"column":107}},"type":"cond-expr","locations":[{"start":{"line":312,"column":22},"end":{"line":312,"column":64}},{"start":{"line":312,"column":67},"end":{"line":312,"column":107}}],"line":312},"44":{"loc":{"start":{"line":318,"column":16},"end":{"line":323,"column":17}},"type":"if","locations":[{"start":{"line":318,"column":16},"end":{"line":323,"column":17}},{"start":{"line":318,"column":16},"end":{"line":323,"column":17}}],"line":318},"45":{"loc":{"start":{"line":324,"column":16},"end":{"line":333,"column":17}},"type":"if","locations":[{"start":{"line":324,"column":16},"end":{"line":333,"column":17}},{"start":{"line":324,"column":16},"end":{"line":333,"column":17}}],"line":324},"46":{"loc":{"start":{"line":324,"column":20},"end":{"line":324,"column":108}},"type":"binary-expr","locations":[{"start":{"line":324,"column":20},"end":{"line":324,"column":52}},{"start":{"line":324,"column":56},"end":{"line":324,"column":108}}],"line":324},"47":{"loc":{"start":{"line":341,"column":12},"end":{"line":346,"column":13}},"type":"if","locations":[{"start":{"line":341,"column":12},"end":{"line":346,"column":13}},{"start":{"line":341,"column":12},"end":{"line":346,"column":13}}],"line":341},"48":{"loc":{"start":{"line":341,"column":16},"end":{"line":341,"column":39}},"type":"binary-expr","locations":[{"start":{"line":341,"column":16},"end":{"line":341,"column":19}},{"start":{"line":341,"column":23},"end":{"line":341,"column":39}}],"line":341},"49":{"loc":{"start":{"line":343,"column":16},"end":{"line":343,"column":108}},"type":"cond-expr","locations":[{"start":{"line":343,"column":22},"end":{"line":343,"column":64}},{"start":{"line":343,"column":67},"end":{"line":343,"column":108}}],"line":343},"50":{"loc":{"start":{"line":350,"column":16},"end":{"line":355,"column":17}},"type":"if","locations":[{"start":{"line":350,"column":16},"end":{"line":355,"column":17}},{"start":{"line":350,"column":16},"end":{"line":355,"column":17}}],"line":350},"51":{"loc":{"start":{"line":366,"column":8},"end":{"line":368,"column":9}},"type":"if","locations":[{"start":{"line":366,"column":8},"end":{"line":368,"column":9}},{"start":{"line":366,"column":8},"end":{"line":368,"column":9}}],"line":366},"52":{"loc":{"start":{"line":374,"column":8},"end":{"line":384,"column":9}},"type":"if","locations":[{"start":{"line":374,"column":8},"end":{"line":384,"column":9}},{"start":{"line":374,"column":8},"end":{"line":384,"column":9}}],"line":374},"53":{"loc":{"start":{"line":374,"column":12},"end":{"line":374,"column":35}},"type":"binary-expr","locations":[{"start":{"line":374,"column":12},"end":{"line":374,"column":18}},{"start":{"line":374,"column":22},"end":{"line":374,"column":35}}],"line":374},"54":{"loc":{"start":{"line":387,"column":8},"end":{"line":389,"column":9}},"type":"if","locations":[{"start":{"line":387,"column":8},"end":{"line":389,"column":9}},{"start":{"line":387,"column":8},"end":{"line":389,"column":9}}],"line":387}},"s":{"0":1,"1":6,"2":6,"3":6,"4":3,"5":0,"6":0,"7":0,"8":1,"9":1,"10":0,"11":1,"12":1,"13":0,"14":1,"15":1,"16":1,"17":6,"18":6,"19":1,"20":1,"21":1,"22":1,"23":1,"24":1,"25":1,"26":1,"27":1,"28":1,"29":1,"30":1,"31":1,"32":2,"33":1,"34":1,"35":1,"36":1,"37":1,"38":1,"39":1,"40":1,"41":0,"42":0,"43":1,"44":1,"45":0,"46":0,"47":1,"48":1,"49":1,"50":1,"51":1,"52":1,"53":2,"54":2,"55":0,"56":0,"57":2,"58":0,"59":0,"60":0,"61":0,"62":0,"63":0,"64":0,"65":0,"66":1,"67":2,"68":2,"69":0,"70":0,"71":0,"72":0,"73":0,"74":2,"75":2,"76":2,"77":2,"78":2,"79":1,"80":0,"81":0,"82":0,"83":0,"84":0,"85":0,"86":0,"87":0,"88":0,"89":0,"90":0,"91":0,"92":0,"93":0,"94":1,"95":1,"96":1,"97":0,"98":1,"99":1,"100":1,"101":0,"102":0,"103":0,"104":0,"105":1,"106":1,"107":0,"108":0,"109":0,"110":0,"111":0,"112":0,"113":0,"114":0,"115":0,"116":0,"117":0,"118":0,"119":0,"120":0,"121":0,"122":0,"123":0,"124":0,"125":0,"126":0,"127":0,"128":0,"129":0,"130":0,"131":0,"132":0,"133":0,"134":0,"135":0,"136":0,"137":0,"138":0,"139":0,"140":0,"141":0,"142":0,"143":0,"144":0,"145":0,"146":0,"147":0,"148":0,"149":0,"150":0,"151":0,"152":0,"153":0,"154":0,"155":0,"156":0,"157":0,"158":0,"159":0,"160":0,"161":0,"162":0,"163":0,"164":0,"165":0,"166":0,"167":0,"168":0,"169":0,"170":0,"171":0,"172":0,"173":0,"174":0,"175":0,"176":0,"177":0,"178":0,"179":0,"180":0,"181":0,"182":0,"183":0,"184":0,"185":0,"186":0,"187":0,"188":0,"189":0,"190":0,"191":0,"192":4,"193":4,"194":4,"195":3,"196":3,"197":3,"198":3,"199":1,"200":1,"201":1,"202":0,"203":0,"204":0,"205":0,"206":1,"207":1,"208":1,"209":1,"210":1,"211":0,"212":0,"213":1,"214":2,"215":2,"216":2,"217":1,"218":1,"219":1,"220":1,"221":1,"222":1,"223":1,"224":0,"225":0,"226":0,"227":0,"228":1,"229":1,"230":1,"231":1,"232":1,"233":0,"234":0,"235":0,"236":0,"237":0,"238":0,"239":0,"240":0,"241":0,"242":0,"243":0,"244":0,"245":0,"246":0,"247":0,"248":1},"f":{"0":6,"1":3,"2":0,"3":1,"4":0,"5":1,"6":1,"7":2,"8":1,"9":1,"10":1,"11":2,"12":2,"13":0,"14":2,"15":0,"16":0,"17":0,"18":1,"19":1,"20":1,"21":1,"22":0,"23":0,"24":1,"25":0,"26":0,"27":0,"28":0,"29":0,"30":0,"31":0,"32":0,"33":0,"34":0,"35":0,"36":0,"37":0,"38":0,"39":0,"40":0,"41":0,"42":0,"43":4,"44":4,"45":1,"46":2,"47":2,"48":1,"49":0,"50":0,"51":0},"b":{"0":[1,1,1],"1":[1,0],"2":[6,0],"3":[0,0],"4":[1,1,1],"5":[1,0],"6":[1,1,1],"7":[0,1],"8":[1,1],"9":[1,0],"10":[6,0],"11":[6,6],"12":[1,1,1],"13":[0,1],"14":[1,1],"15":[1,1],"16":[0,1],"17":[0,1],"18":[0,2],"19":[0,0],"20":[0,0],"21":[0,0],"22":[0,0],"23":[1,0],"24":[0,0],"25":[1,0],"26":[0,0],"27":[0,0],"28":[0,0],"29":[0,0],"30":[0,0],"31":[0,0],"32":[0,0],"33":[0,0],"34":[0,0],"35":[0,0],"36":[0,0],"37":[0,0],"38":[0,0],"39":[0,0],"40":[0,0],"41":[3,1],"42":[4,4,1],"43":[0,3],"44":[0,1],"45":[1,0],"46":[1,1],"47":[1,1],"48":[2,2],"49":[0,1],"50":[0,1],"51":[0,0],"52":[0,0],"53":[0,0],"54":[0,0]},"inputSourceMap":{"version":3,"file":"C:/Users/tp2107067/Projects/node_shop/server/api.ts","sources":["C:/Users/tp2107067/Projects/node_shop/server/api.ts"],"names":[],"mappings":";;;;;;;;;;;;;;;;;;;;;;;;;AACA,qCAAgC;AAChC,iCAAmC;AAEnC,iCAAuC;AACvC,kDAAoC;AACpC,qFAA4D;AAE/C,QAAA,GAAG,GAAG,IAAI,eAAM,EAAE,CAAC;AAEhC,IAAI,UAAU,GAAmB,IAAI,yBAAc,CAAC;IAChD,IAAI,EAAC,QAAQ,CAAC,OAAO,CAAC,GAAG,CAAC,SAAmB,EAAC,EAAE,CAAC;IACjD,IAAI,EAAC,OAAO,CAAC,GAAG,CAAC,SAAmB;IACpC,MAAM,EAAE,IAAI;CACf,CAAC,CAAC;AAEH,SAAgB,WAAW,CAAC,GAAqB,EAAE,IAAoB,EAAE,EAAY;IACjF,IAAG,GAAG,EAAE;QACJ,OAAO,CAAC,GAAG,CAAC,GAAG,CAAC,OAAO,CAAC,CAAC;QACzB,IAAI,CAAC,OAAO,EAAE,CAAC;QACf,EAAE,CAAC,GAAG,EAAE,CAAC;KACZ;AACL,CAAC;AAND,kCAMC;AAED,SAAgB,iBAAiB,CAAC,CAAU,EAAE,EAAY,EAAE,SAAiB,EAAE,QAAgB;IAC3F,OAAO,CAAC,GAAG,CAAC,CAAC,CAAC,MAAM,CAAC,CAAC;IACtB,IAAI,CAAC,GAAG,QAAQ,CAAC,CAAC,CAAC,MAAM,CAAC,EAAE,EAAC,EAAE,CAAC,CAAC;IACjC,SAAE,CAAC,aAAa,CAAC,CAAC,GAAG,EAAC,IAAI,EAAC,EAAE;QACzB,IAAG,GAAG,EAAE;YACJ,WAAW,CAAC,GAAG,EAAC,IAAI,EAAC,EAAE,CAAC,CAAA;YACxB,OAAO;SACV;QACD,IAAI,CAAC,KAAK,CAAC,WAAG,CAAC,MAAM,CAAC,OAAO,CAAC,SAAS,CAAC,CAAC,QAAQ,CAAC,EAAC,CAAC,EAAC,CAAC,GAAG,EAAC,MAAM,EAAC,MAAM,EAAC,EAAE;YACtE,IAAI,GAAG,EAAE;gBACL,WAAW,CAAC,GAAG,EAAC,IAAI,EAAC,EAAE,CAAC,CAAA;gBACxB,OAAO;aACV;YACD,OAAO,CAAC,GAAG,CAAC,MAAM,CAAC,CAAC;YACpB,EAAE,CAAC,SAAS,CAAC,cAAc,EAAC,kBAAkB,CAAC,CAAC;YAChD,EAAE,CAAC,KAAK,CAAC,IAAI,CAAC,SAAS,CAAC,MAAM,CAAC,CAAC,CAAC;YACjC,IAAI,CAAC,OAAO,EAAE,CAAC;YACf,EAAE,CAAC,GAAG,EAAE,CAAC;QACb,CAAC,CAAC,CAAC;IACP,CAAC,CAAC,CAAC;AACP,CAAC;AApBD,8CAoBC;AAED,SAAgB,eAAe,CAAC,CAAU,EAAE,EAAY,EAAE,QAAgB;IACtE,SAAE,CAAC,aAAa,CAAC,CAAC,GAAG,EAAC,IAAI,EAAC,EAAE;QACzB,IAAG,GAAG,EAAE;YACJ,WAAW,CAAC,GAAG,EAAC,IAAI,EAAC,EAAE,CAAC,CAAA;YACxB,OAAO;SACV;QACD,IAAI,CAAC,KAAK,CAAC,WAAG,CAAC,MAAM,EAAE,OAAO,EAAE,MAAM,CAAC,QAAQ,CAAC,EAAC,CAAC,GAAG,EAAC,MAAM,EAAC,MAAM,EAAC,EAAE;YAClE,IAAI,GAAG,EAAE;gBACL,WAAW,CAAC,GAAG,EAAC,IAAI,EAAC,EAAE,CAAC,CAAA;gBACxB,OAAO;aACV;YACD,OAAO,CAAC,GAAG,CAAC,MAAM,CAAC,CAAC;YACpB,EAAE,CAAC,SAAS,CAAC,cAAc,EAAC,kBAAkB,CAAC,CAAC;YAChD,EAAE,CAAC,KAAK,CAAC,IAAI,CAAC,SAAS,CAAC,MAAM,CAAC,CAAC,CAAC;YACjC,IAAI,CAAC,OAAO,EAAE,CAAC;YACf,EAAE,CAAC,GAAG,EAAE,CAAC;QACb,CAAC,CAAC,CAAC;IACP,CAAC,CAAC,CAAC;AACP,CAAC;AAlBD,0CAkBC;AAED,SAAgB,MAAM,CAAC,CAAU,EAAE,EAAY;IAC3C,IAAG;QACC,IAAI,GAAG,CAAC,MAAM,CAAC,CAAC,CAAC,OAAO,EAAE,aAAa,EAAE,KAAK,CAAC,GAAG,CAAC,CAAC,CAAC,CAAW,EAAC,WAAG,CAAC,MAAM,CAAC,KAAK,SAAS,EAAE;YACxF,EAAE,CAAC,SAAS,CAAC,GAAG,EAAC,WAAW,CAAC,CAAC;YAC9B,OAAO,CAAC,GAAG,CAAC,mBAAmB,CAAC,CAAA;YAChC,EAAE,CAAC,GAAG,EAAE,CAAC;YACT,OAAO,KAAK,CAAC;SAChB;QACD,OAAO,IAAI,CAAC;KACf;IAAA,OAAM,CAAK,EAAC;QACT,OAAO,CAAC,GAAG,CAAC,CAAC,CAAC,CAAC;QACf,EAAE,CAAC,SAAS,CAAC,GAAG,EAAC,WAAW,CAAC,CAAC;QAC9B,OAAO,CAAC,GAAG,CAAC,mBAAmB,CAAC,CAAA;QAChC,EAAE,CAAC,GAAG,EAAE,CAAC;QACT,OAAO,KAAK,CAAC;KAChB;AACL,CAAC;AAhBD,wBAgBC;AAED,SAAS,WAAW,CAAC,CAAU,EAAE,EAAY,EAAE,GAAW;IACtD,IAAI,MAAM,GAAG;QACT,OAAO,EAAE,CAAC,CAAC,IAAI,CAAC,OAAO;QACvB,GAAG,EAAE,GAAG;KACX,CAAA;IACD,SAAE,CAAC,aAAa,CAAC,CAAC,GAAG,EAAC,IAAI,EAAC,EAAE;QACzB,IAAG,GAAG,EAAC;YACH,WAAW,CAAC,GAAG,EAAC,IAAI,EAAC,EAAE,CAAC,CAAC;YACzB,OAAO;SACV;QACD,IAAI,CAAC,KAAK,CAAC,WAAG,CAAC,MAAM,CAAC,OAAO,EAAE,MAAM,EAAE,KAAK,EAAC,MAAM,EAAC,CAAC,GAAG,EAAC,MAAM,EAAC,MAAM,EAAC,EAAE;YACrE,IAAG,GAAG,EAAC;gBACH,WAAW,CAAC,GAAG,EAAC,IAAI,EAAC,EAAE,CAAC,CAAC;gBACzB,OAAO;aACV;YACD,OAAO,CAAC,GAAG,CAAC,MAAM,CAAC,CAAC;YACpB,EAAE,CAAC,SAAS,CAAC,cAAc,EAAC,kBAAkB,CAAC,CAAC;YAChD,EAAE,CAAC,KAAK,CAAC,IAAI,CAAC,SAAS,CAAC,EAAC,MAAM,EAAC,MAAM,EAAC,CAAC,CAAC,CAAC;YAC1C,EAAE,CAAC,GAAG,EAAE,CAAC;QACb,CAAC,CAAC,CAAC;QACH,IAAI,CAAC,OAAO,EAAE,CAAC;IACnB,CAAC,CAAC,CAAC;AACP,CAAC;AAED,MAAa,GAAG;IACZ;IAEA,CAAC;IAGD,KAAK,CAAC,QAAQ,CAAC,CAAU,EAAE,EAAY;QACnC,eAAe,CAAC,CAAC,EAAC,EAAE,EAAC,WAAW,CAAC,CAAC;IACtC,CAAC;IAGD,KAAK,CAAC,SAAS,CAAC,CAAU,EAAE,EAAY;QACpC,IAAG,CAAC,MAAM,CAAC,CAAC,EAAC,EAAE,CAAC,EAAE;YACd,OAAO;SACV;QACD,eAAe,CAAC,CAAC,EAAC,EAAE,EAAC,YAAY,CAAC,CAAC;IACvC,CAAC;IAGD,KAAK,CAAC,KAAK,CAAC,CAAU,EAAE,EAAY;QAChC,OAAO,CAAC,GAAG,CAAC,WAAG,CAAC,QAAQ,CAAC,CAAC;QAC1B,EAAE,CAAC,KAAK,CAAC,GAAG,WAAG,CAAC,QAAQ,EAAE,CAAC,CAAC;QAC5B,EAAE,CAAC,GAAG,EAAE,CAAC;IACb,CAAC;IAED;;;;;;;MAOE;IAGF,KAAK,CAAC,OAAO,CAAC,CAAU,EAAE,EAAY;QAClC,iBAAiB,CAAC,CAAC,EAAC,EAAE,EAAC,QAAQ,EAAC,MAAM,CAAC,CAAC;IAC5C,CAAC;IAGD,KAAK,CAAC,OAAO,CAAC,CAAU,EAAE,EAAY;QAClC,IAAG,CAAC,MAAM,CAAC,CAAC,EAAC,EAAE,CAAC,EAAE;YACd,OAAO;SACV;QACD,iBAAiB,CAAC,CAAC,EAAC,EAAE,EAAC,QAAQ,EAAC,MAAM,CAAC,CAAC;IAC5C,CAAC;IAGD,KAAK,CAAC,QAAQ,CAAC,CAAU,EAAE,EAAY;QACnC,IAAG,CAAC,MAAM,CAAC,CAAC,EAAC,EAAE,CAAC,EAAE;YACd,OAAO;SACV;QACD,eAAe,CAAC,CAAC,EAAC,EAAE,EAAC,WAAW,CAAC,CAAC;IACtC,CAAC;IAGD,KAAK,CAAC,UAAU,CAAC,CAAU,EAAE,EAAY;QACrC,IAAG,CAAC,MAAM,CAAC,CAAC,EAAC,EAAE,CAAC,EAAE;YACd,OAAO;SACV;QACD,iBAAiB,CAAC,CAAC,EAAC,EAAE,EAAC,QAAQ,EAAC,MAAM,CAAC,CAAC;IAC5C,CAAC;IAGD,KAAK,CAAC,QAAQ,CAAC,CAAU,EAAE,EAAY;QACnC,IAAG,CAAC,MAAM,CAAC,CAAC,EAAC,EAAE,CAAC,EAAE;YACd,OAAO;SACV;QACD,iBAAiB,CAAC,CAAC,EAAC,EAAE,EAAC,QAAQ,EAAC,OAAO,CAAC,CAAC;IAC7C,CAAC;IAGD,KAAK,CAAC,WAAW,CAAC,CAAU,EAAE,EAAY;QACtC,IAAG,CAAC,MAAM,CAAC,CAAC,EAAC,EAAE,CAAC,EAAE;YACd,OAAO;SACV;QACD,iBAAiB,CAAC,CAAC,EAAC,EAAE,EAAC,QAAQ,EAAC,OAAO,CAAC,CAAC;IAC7C,CAAC;IAGD,KAAK,CAAC,QAAQ,CAAC,CAAU,EAAE,EAAY;QACnC,IAAI,CAAC,GAAW,WAAG,CAAC,MAAM,CAAC,OAAO,CAAC,MAAM,CAAC,IAAI,CAAA;QAC9C,IAAG,CAAC,MAAM,CAAC,CAAC,EAAC,EAAE,CAAC,EAAE;YACd,OAAO;SACV;QACD,SAAE,CAAC,aAAa,CAAC,CAAC,GAAG,EAAC,IAAI,EAAC,EAAE;YACzB,IAAI,CAAC,KAAK,CAAC,CAAC,EAAE,CAAC,CAAC,IAAI,EAAE,CAAC,GAAG,EAAC,MAAM,EAAC,MAAM,EAAC,EAAE;gBACvC,IAAG,GAAG,EAAC;oBACH,WAAW,CAAC,GAAG,EAAC,IAAI,EAAC,EAAE,CAAC,CAAA;oBACxB,OAAO;iBACV;gBACD,EAAE,CAAC,KAAK,CAAC,IAAI,CAAC,SAAS,CAAC,MAAM,CAAC,CAAC,CAAC;gBACjC,EAAE,CAAC,GAAG,EAAE,CAAC;YACb,CAAC,CAAC,CAAC;YACH,IAAI,CAAC,OAAO,EAAE,CAAC;QACnB,CAAC,CAAC,CAAC;IACP,CAAC;IAGD,KAAK,CAAC,SAAS,CAAC,CAAU,EAAE,EAAY;QACpC,OAAO,CAAC,GAAG,CAAC,CAAC,CAAC,IAAI,CAAC,CAAC;QACpB,IAAG,CAAC,MAAM,CAAC,CAAC,EAAC,EAAE,CAAC,EAAE;YACd,OAAO;SACV;QACD,SAAE,CAAC,aAAa,CAAC,CAAC,GAAG,EAAC,IAAI,EAAC,EAAE;YACzB,IAAG,GAAG,EAAE;gBACJ,WAAW,CAAC,GAAG,EAAC,IAAI,EAAC,EAAE,CAAC,CAAA;gBACxB,OAAO;aACV;YACD,IAAI,CAAC,KAAK,CAAC,WAAG,CAAC,MAAM,CAAC,OAAO,CAAC,MAAM,CAAC,IAAI,EAAC,CAAC,CAAC,IAAI,EAAC,CAAC,GAAG,EAAC,MAAM,EAAC,MAAM,EAAC,EAAE;gBAClE,IAAI,GAAG,EAAE;oBACL,WAAW,CAAC,GAAG,EAAC,IAAI,EAAC,EAAE,CAAC,CAAA;oBACxB,OAAO;iBACV;gBACD,OAAO,CAAC,GAAG,CAAC,MAAM,CAAC,CAAC;gBACpB,EAAE,CAAC,SAAS,CAAC,cAAc,EAAC,kBAAkB,CAAC,CAAC;gBAChD,EAAE,CAAC,KAAK,CAAC,IAAI,CAAC,SAAS,CAAC,MAAM,CAAC,CAAC,CAAC;gBACjC,EAAE,CAAC,GAAG,EAAE,CAAC;YACb,CAAC,CAAC,CAAC;YACH,IAAI,CAAC,OAAO,EAAE,CAAC;QACnB,CAAC,CAAC,CAAC;IACP,CAAC;IAGD,KAAK,CAAC,SAAS,CAAC,CAAU,EAAE,EAAY;QACpC,SAAE,CAAC,aAAa,CAAC,CAAC,GAAU,EAAE,IAAoB,EAAC,EAAE;YACjD,WAAW,CAAC,GAAG,EAAC,IAAI,EAAC,EAAE,CAAC,CAAC;YACzB,IAAI,CAAC,KAAK,CAAC,WAAG,CAAC,MAAM,CAAC,OAAO,CAAC,MAAM,CAAC,KAAK,EAAC,CAAC,CAAC,IAAI,EAAC,CAAC,GAAG,EAAC,MAAM,EAAC,MAAM,EAAC,EAAE;gBACnE,IAAG,GAAG,EAAE;oBACJ,WAAW,CAAC,GAAG,EAAC,IAAI,EAAC,EAAE,CAAC,CAAC;oBACzB,OAAO;iBACV;gBACD,IAAG;oBACH,UAAU,CAAC,OAAO,CAAC,CAAC,GAAG,EAAC,EAAE;wBACtB,IAAG,GAAG,EAAE;4BACJ,OAAO,CAAC,GAAG,CAAC,mBAAmB,EAAC,GAAG,CAAC,CAAC;4BACrC,OAAO;yBACV;wBACD,IAAG,UAAU,CAAC,cAAc,EAAE;4BAC1B,OAAO,CAAC,GAAG,CAAC,8CAA8C,CAAC,CAAC;yBAC/D;wBACD,UAAU,CAAC,KAAK,CAAC,EAAC,WAAW,EAAC,EAAC,IAAI,EAAC,OAAO,CAAC,GAAG,CAAC,SAAmB,EAAC,IAAI,EAAC,OAAO,CAAC,GAAG,CAAC,SAAmB,EAAC,EAAC,EAAC,CAAC,GAAG,EAAC,EAAE;4BAC9G,IAAG,GAAG,EAAE;gCACJ,OAAO,CAAC,GAAG,CAAC,cAAc,EAAC,GAAG,CAAC,CAAC;gCAChC,OAAO;6BACV;4BACD,OAAO,CAAC,GAAG,CAAC,CAAC,CAAC,IAAI,CAAC,CAAC;4BACpB,IAAI,OAAO,GAAG,IAAI,CAAC,KAAK,CAAC,CAAC,CAAC,IAAI,CAAC,OAAO,CAAC,CAAC;4BACzC,IAAI,KAAK,GAAG,EAAE,CAAC;4BACf,KAAI,IAAI,CAAC,GAAC,CAAC,EAAC,CAAC,GAAC,OAAO,CAAC,KAAK,CAAC,MAAM,EAAC,CAAC,EAAE,EAAE;gCACpC,KAAK,IAAI;oCACD,OAAO,EAAE,KAAK,CAAC,CAAC,CAAC,EAAE,IAAI,gBAAgB,OAAO,EAAE,KAAK,CAAC,CAAC,CAAC,EAAE,KAAK,YAAY,OAAO,EAAE,KAAK,CAAC,CAAC,
[...]
"1":101,"2":101,"3":101,"4":5,"5":0,"6":0,"7":0,"8":1,"9":2,"10":0,"11":1,"12":2,"13":0,"14":2,"15":2,"16":2,"17":101,"18":101,"19":2,"20":2,"21":1,"22":1,"23":1,"24":1,"25":1,"26":1,"27":1,"28":2,"29":2,"30":5,"31":0,"32":0,"33":2,"34":2,"35":2,"36":2,"37":2,"38":2,"39":2,"40":2,"41":0,"42":0,"43":1,"44":1,"45":4,"46":4,"47":4,"48":1},"f":{"0":101,"1":5,"2":0,"3":2,"4":0,"5":2,"6":2,"7":5,"8":0,"9":2,"10":0,"11":1,"12":4,"13":4},"b":{"0":[1,1,1],"1":[1,0],"2":[101,0],"3":[0,0],"4":[1,1,1],"5":[1,0],"6":[1,1,1],"7":[0,2],"8":[2,2],"9":[2,0],"10":[101,0],"11":[101,101],"12":[0,2],"13":[2,3],"14":[0,0],"15":[4,0]},"inputSourceMap":{"version":3,"file":"C:/Users/tp2107067/Projects/node_shop/server/config.ts","sources":["C:/Users/tp2107067/Projects/node_shop/server/config.ts"],"names":[],"mappings":";;;;;;;;;;;;;;;;;;;;;;AAAA,uCAAyB;AACzB,+CAAiC;AACjC,iCAAqC;AACrC,qDAA2D;AAG3D,MAAM,CAAC,MAAM,EAAE,CAAC;AAEhB,0FAA0F;AAC1F,SAAS,IAAI,CAAC,GAAQ,EAAE,EAAO,EAAE,aAAsB;IACnD,aAAa,CAAC,CAAC,CAAC,aAAa,CAAC,CAAC,CAAC,aAAa,GAAG,GAAG,CAAC;IACpD,IAAI,CAAC,GAAG,WAAW,CAAC,GAAE,EAAE;QACpB,GAAG,KAAK,SAAS,CAAC,CAAC,CAAC,CAAC,GAAE,EAAE,GAAC,aAAa,CAAC,CAAC,CAAC,CAAC,CAAC,EAAE,CAAC,GAAG,CAAC,CAAC,CAAA,CAAC,CAAC,CAAC,CAAC,CAAC,IAAI,CAAC;IAClE,CAAC,EAAE,aAAa,CAAC,CAAC;AACtB,CAAC;AAED,MAAa,MAAM;IACR,MAAM,GAAQ,EAAE,CAAC;IACjB,QAAQ,GAAW,EAAE,CAAC;IACtB,MAAM,GAAW,EAAE,CAAC;IAE3B;QACI,IAAI,IAAI,GAAG,EAAE,CAAC,YAAY,CAAC,OAAO,CAAC,GAAG,CAAC,IAAc,EAAC,MAAM,CAAE,CAAC;QAC/D,IAAI,CAAC,MAAM,GAAG,IAAI,CAAC,KAAK,CAAC,IAAI,CAAC,CAAC;QAC/B,IAAI,CAAC,QAAQ,GAAG,EAAE,CAAC,YAAY,CAAC,OAAO,CAAC,GAAG,CAAC,UAAoB,EAAC,MAAM,CAAC,CAAC;QACzE,IAAI,CAAC,MAAM,GAAG,OAAO,CAAC,GAAG,CAAC,MAAgB,CAAC;QAC3C,IAAI,CAAC,SAAE,EAAC,CAAC,IAAS,EAAC,EAAE;YACjB,IAAI,CAAC,OAAO,CAAC,IAAI,CAAC,MAAM,CAAC,UAAU,CAAC,CAAC;YACrC,cAAO,CAAC,CAAC,CAAC,wBAAY,EAAE,CAAA,CAAC,CAAC,IAAI,CAAC;QACnC,CAAC,CAAC,CAAC;IACP,CAAC;IAED,OAAO,CAAC,GAAQ;QACR,IAAI,IAAI,GAAG,MAAM,CAAC,IAAI,CAAC,GAAG,CAAC,CAAA;QAC3B,IAAI,CAAC,OAAO,CAAC,CAAC,CAAC,EAAC,CAAC,EAAC,EAAE;YAChB,sCAAsC;YACtC,SAAE,CAAC,KAAK,CAAC,GAAG,CAAC,CAAC,CAAC,EAAC,CAAC,GAAG,EAAC,MAAM,EAAC,MAAM,EAAC,EAAE;gBACjC,IAAG,GAAG,EAAE;oBACJ,OAAO,GAAG,CAAC;iBACd;YACL,CAAC,CAAC,CAAC;QACP,CAAC,CAAC,CAAC;IACX,CAAC;CACJ;AA3BD,wBA2BC","sourcesContent":["import * as fs from 'fs';\r\nimport * as dotenv from \"dotenv\";\r\nimport { db, testRun } from './main';\r\nimport { migrate as seedTestData } from './load.test.data';\r\nimport Pool from 'mysql2/typings/mysql/lib/Pool';\r\n\r\ndotenv.config();\r\n\r\n// Wait until the object is populated, wait() will return the object when it is populated;\r\nfunction wait(obj: any, fn: any, checkInterval?: number): void {\r\n    checkInterval ? checkInterval : checkInterval = 300;\r\n    let i = setInterval(()=>{\r\n        obj !== undefined ? (()=>{clearInterval(i); fn(obj);}) : null;\r\n    }, checkInterval);\r\n}\r\n\r\nexport class config {\r\n    public schema: any = {};\r\n    public template: string = \"\";\r\n    public secret: string = \"\";\r\n\r\n    constructor() {\r\n        let data = fs.readFileSync(process.env.DB_Q as string,'utf8',);\r\n        this.schema = JSON.parse(data);\r\n        this.template = fs.readFileSync(process.env.ENTRYPOINT as string,'utf8');\r\n        this.secret = process.env.SECRET as string;\r\n        wait(db,(pool:Pool)=>{\r\n            this.migrate(this.schema.migrate_up);\r\n            testRun ? seedTestData(): null;\r\n        });\r\n    }\r\n\r\n    migrate(obj: any): any | undefined {\r\n            let keys = Object.keys(obj)\r\n            keys.forEach((v,i)=>{\r\n                // console.log(`Creating table ${v}`);\r\n                db.query(obj[v],(err,result,fields)=>{\r\n                    if(err) {\r\n                        return err;\r\n                    }\r\n                });\r\n            });\r\n    }\r\n}"]},"_coverageSchema":"1a1c01bbd47fc00a2c39e90264f33305004495a9","hash":"bb0505405f0e5a0712e3badb02b2dd2938c5827c","contentHash":"b24adc96b7c7db4cbf66d1e592c408e7222598d8c294c9e9ecad356a8a5e8198"},"C:\\Users\\tp2107067\\Projects\\node_shop\\server\\load.test.data.ts":{"path":"C:\\Users\\tp2107067\\Projects\\node_shop\\server\\load.test.data.ts","statementMap":{"0":{"start":{"line":2,"column":22},"end":{"line":8,"column":3}},"1":{"start":{"line":3,"column":4},"end":{"line":3,"column":33}},"2":{"start":{"line":3,"column":26},"end":{"line":3,"column":33}},"3":{"start":{"line":4,"column":4},"end":{"line":4,"column":89}},"4":{"start":{"line":4,"column":71},"end":{"line":4,"column":83}},"5":{"start":{"line":6,"column":4},"end":{"line":6,"column":33}},"6":{"start":{"line":6,"column":26},"end":{"line":6,"column":33}},"7":{"start":{"line":7,"column":4},"end":{"line":7,"column":17}},"8":{"start":{"line":9,"column":25},"end":{"line":13,"column":2}},"9":{"start":{"line":10,"column":4},"end":{"line":10,"column":72}},"10":{"start":{"line":12,"column":4},"end":{"line":12,"column":21}},"11":{"start":{"line":14,"column":19},"end":{"line":20,"column":1}},"12":{"start":{"line":15,"column":4},"end":{"line":15,"column":42}},"13":{"start":{"line":15,"column":31},"end":{"line":15,"column":42}},"14":{"start":{"line":16,"column":17},"end":{"line":16,"column":19}},"15":{"start":{"line":17,"column":4},"end":{"line":17,"column":141}},"16":{"start":{"line":17,"column":21},"end":{"line":17,"column":141}},"17":{"start":{"line":17,"column":40},"end":{"line":17,"column":141}},"18":{"start":{"line":17,"column":109},"end":{"line":17,"column":141}},"19":{"start":{"line":18,"column":4},"end":{"line":18,"column":36}},"20":{"start":{"line":19,"column":4},"end":{"line":19,"column":18}},"21":{"start":{"line":21,"column":0},"end":{"line":21,"column":62}},"22":{"start":{"line":22,"column":0},"end":{"line":22,"column":25}},"23":{"start":{"line":23,"column":15},"end":{"line":23,"column":32}},"24":{"start":{"line":24,"column":11},"end":{"line":24,"column":38}},"25":{"start":{"line":26,"column":12},"end":{"line":26,"column":74}},"26":{"start":{"line":27,"column":4},"end":{"line":52,"column":7}},"27":{"start":{"line":28,"column":8},"end":{"line":31,"column":9}},"28":{"start":{"line":29,"column":12},"end":{"line":29,"column":37}},"29":{"start":{"line":30,"column":12},"end":{"line":30,"column":19}},"30":{"start":{"line":32,"column":8},"end":{"line":50,"column":11}},"31":{"start":{"line":33,"column":12},"end":{"line":37,"column":13}},"32":{"start":{"line":34,"column":16},"end":{"line":34,"column":41}},"33":{"start":{"line":35,"column":16},"end":{"line":35,"column":31}},"34":{"start":{"line":36,"column":16},"end":{"line":36,"column":23}},"35":{"start":{"line":38,"column":12},"end":{"line":49,"column":15}},"36":{"start":{"line":39,"column":16},"end":{"line":48,"column":19}},"37":{"start":{"line":40,"column":20},"end":{"line":46,"column":21}},"38":{"start":{"line":41,"column":24},"end":{"line":41,"column":50}},"39":{"start":{"line":42,"column":24},"end":{"line":44,"column":27}},"40":{"start":{"line":43,"column":28},"end":{"line":43,"column":43}},"41":{"start":{"line":45,"column":24},"end":{"line":45,"column":31}},"42":{"start":{"line":51,"column":8},"end":{"line":51,"column":99}},"43":{"start":{"line":51,"column":29},"end":{"line":51,"column":97}},"44":{"start":{"line":54,"column":0},"end":{"line":54,"column":26}}},"fnMap":{"0":{"name":"(anonymous_0)","decl":{"start":{"line":2,"column":74},"end":{"line":2,"column":75}},"loc":{"start":{"line":2,"column":96},"end":{"line":5,"column":1}},"line":2},"1":{"name":"(anonymous_1)","decl":{"start":{"line":4,"column":58},"end":{"line":4,"column":59}},"loc":{"start":{"line":4,"column":69},"end":{"line":4,"column":85}},"line":4},"2":{"name":"(anonymous_2)","decl":{"start":{"line":5,"column":6},"end":{"line":5,"column":7}},"loc":{"start":{"line":5,"column":28},"end":{"line":8,"column":1}},"line":5},"3":{"name":"(anonymous_3)","decl":{"start":{"line":9,"column":80},"end":{"line":9,"column":81}},"loc":{"start":{"line":9,"column":95},"end":{"line":11,"column":1}},"line":9},"4":{"name":"(anonymous_4)","decl":{"start":{"line":11,"column":5},"end":{"line":11,"column":6}},"loc":{"start":{"line":11,"column":20},"end":{"line":13,"column":1}},"line":11},"5":{"name":"(anonymous_5)","decl":{"start":{"line":14,"column":50},"end":{"line":14,"column":51}},"loc":{"start":{"line":14,"column":65},"end":{"line":20,"column":1}},"line":14},"6":{"name":"migrate","decl":{"start":{"line":25,"column":9},"end":{"line":25,"column":16}},"loc":{"start":{"line":25,"column":19},"end":{"line":53,"column":1}},"line":25},"7":{"name":"(anonymous_7)","decl":{"start":{"line":27,"column":28},"end":{"line":27,"column":29}},"loc":{"start":{"line":27,"column":43},"end":{"line":52,"column":5}},"line":27},"8":{"name":"(anonymous_8)","decl":{"start":{"line":32,"column":30},"end":{"line":32,"column":31}},"loc":{"start":{"line":32,"column":39},"end":{"line":50,"column":9}},"line":32},"9":{"name":"(anonymous_9)","decl":{"start":{"line":38,"column":22},"end":{"line":38,"column":23}},"loc":{"start":{"line":38,"column":34},"end":{"line":49,"column":13}},"line":38},"10":{"name":"(anonymous_10)","decl":{"start":{"line":39,"column":35},"end":{"line":39,"column":36}},"loc":{"start":{"line":39,"column":52},"end":{"line":48,"column":17}},"line":39},"11":{"name":"(anonymous_11)","decl":{"start":{"line":42,"column":38},"end":{"line":42,"column":39}},"loc":{"start":{"line":42,"column":44},"end":{"line":44,"column":25}},"line":42},"12":{"name":"(anonymous_12)","decl":{"start":{"line":51,"column":20},"end":{"line":51,"column":21}},"loc":{"start":{"line":51,"column":29},"end":{"line":51,"column":97}},"line":51}},"branchMap":{"0":{"loc":{"start":{"line":2,"column":22},"end":{"line":8,"column":3}},"type":"binary-expr","locations":[{"start":{"line":2,"column":23},"end":{"line":2,"column":27}},{"start":{"line":2,"column":31},"end":{"line":2,"column":51}},{"start":{"line":2,"column":57},"end":{"line":8,"column":2}}],"line":2},"1":{"loc":{"start":{"line":2,"column":57},"end":{"line":8,"column":2}},"type":"cond-expr","locations":[{"start":{"line":2,"column":74},"end":{"line":5,"column":1}},{"start":{"line":5,"column":6},"end":{"line":8,"column":1}}],"line":2},"2":{"loc":{"start":{"line":3,"column":4},"end":{"line":3,"column":33}},"type":"if","locations":[{"start":{"line":3,"column":4},"end":{"line":3,"column":33}},{"start":{"line":3,"column":4},"end":{"line":3,"column":33}}],"line":3},"3":{"loc":{"start":{"line":6,"column":4},"end":{"line":6,"column":33}},"type":"if","locations":[{"start":{"line":6,"column":4},"end":{"line":6,"column":33}},{"start":{"line":6,"column":4},"end":{"line":6,"column":33}}],"line":6},"4":{"loc":{"start":{"line":9,"column":25},"end":{"line":13,"column":2}},"type":"binary-expr","locations":[{"start":{"line":9,"column":26},"end":{"line":9,"column":30}},{"start":{"line":9,"column":34},"end":{"line":9,"column":57}},{"start":{"line":9,"column":63},"end":{"line":13,"column":1}}],"line":9},"5":{"loc":{"start":{"line":9,"column":63},"end":{"line":13,"column":1}},"type":"cond-expr","locations":[{"start":{"line":9,"column":80},"end":{"line":11,"column":1}},{"start":{"line":11,"column":5},"end":{"line":13,"column":1}}],"line":9},"6":{"loc":{"start":{"line":14,"column":19},"end":{"line":20,"column":1}},"type":"binary-expr","locations":[{"start":{"line":14,"column":20},"end":{"line":14,"column":24}},{"start":{"line":14,"column":28},"end":{"line":14,"column":45}},{"start":{"line":14,"column":50},"end":{"line":20,"column":1}}],"line":14},"7":{"loc":{"start":{"line":15,"column":4},"end":{"line":15,"column":42}},"type":"if","locations":[{"start":{"line":15,"column":4},"end":{"line":15,"column":42}},{"start":{"line":15,"column":4},"end":{"line":15,"column":42}}],"line":15},"8":{"loc":{"start":{"line":15,"column":8},"end":{"line":15,"column":29}},"type":"binary-expr","locations":[{"start":{"line":15,"column":8},"end":{"line":15,"column":11}},{"start":{"line":15,"column":15},"end":{"line":15,"column":29}}],"line":15},"9":{"loc":{"start":{"line":17,"column":4},"end":{"line":17,"column":141}},"type":"if","locations":[{"start":{"line":17,"column":4},"end":{"line":17,"column":141}},{"start":{"line":17,"column":4},"end":{"line":17,"column":141}}],"line":17},"10":{"loc":{"start":{"line":17,"column":40},"end":{"line":17,"column":141}},"type":"if","locations":[{"start":{"line":17,"column":40},"end":{"line":17,"column":141}},{"start":{"line":17,"column":40},"end":{"line":17,"column":141}}],"line":17},"11":{"loc":{"start":{"line":17,"column":44},"end":{"line":17,"column":107}},"type":"binary-expr","locations":[{"start":{"line":17,"column":44},"end":{"line":17,"column":59}},{"start":{"line":17,"column":63},"end":{"line":17,"column":107}}],"line":17},"12":{"loc":{"start":{"line":28,"column":8},"end":{"line":31,"column":9}},"type":"if","locations":[{"start":{"line":28,"column":8},"end":{"line":31,"column":9}},{"start":{"line":28,"column":8},"end":{"line":31,"column":9}}],"line":28},"13":{"loc":{"start":{"line":33,"column":12},"end":{"line":37,"column":13}},"type":"if","locations":[{"start":{"line":33,"column":12},"end":{"line":37,"column":13}},{"start":{"line":33,"column":12},"end":{"line":37,"column":13}}],"line":33},"14":{"loc":{"start":{"line":40,"column":20},"end":{"line":46,"column":21}},"type":"if","locations":[{"start":{"line":40,"column":20},"end":{"line":46,"column":21}},{"start":{"line":40,"column":20},"end":{"line":46,"column":21}}],"line":40},"15":{"loc":{"start":{"line":51,"column":29},"end":{"line":51,"column":97}},"type":"cond-expr","locations":[{"start":{"line":51,"column":35},"end":{"line":51,"column":59}},{"start":{"line":51,"column":62},"end":{"line":51,"column":97}}],"line":51}},"s":{"0":1,"1":99,"2":99,"3":99,"4":0,"5":0,"6":0,"7":0,"8":1,"9":1,"10":0,"11":1,"12":1,"13":0,"14":1,"15":1,"16":1,"17":99,"18":99,"19":1,"20":1,"21":1,"22":1,"23":1,"24":1,"25":0,"26":0,"27":0,"28":0,"29":0,"30":0,"31":0,"32":0,"33":0,"34":0,"35":0,"36":0,"37":0,"38":0,"39":0,"40":0,"41":0,"42":0,"43":0,"44":1},"f":{"0":99,"1":0,"2":0,"3":1,"4":0,"5":1,"6":0,"7":0,"8":0,"9":0,"10":0,"11":0,"12":0},"b":{"0":[1,1,1],"1":[1,0],"2":[99,0],"3":[0,0],"4":[1,1,1],"5":[1,0],"6":[1,1,1],"7":[0,1],"8":[1,1],"9":[1,0],"10":[99,0],"11":[99,99],"12":[0,0],"13":[0,0],"14":[0,0],"15":[0,0]},"inputSourceMap":{"version":3,"file":"C:/Users/tp2107067/Projects/node_shop/server/load.test.data.ts","sources":["C:/Users/tp2107067/Projects/node_shop/server/load.test.data.ts"],"names":[],"mappings":";;;;;;;;;;;;;;;;;;;;;;AAAA,iCAA0B;AAC1B,uCAAyB;AAIzB,SAAgB,OAAO;IACnB,IAAI,CAAC,GAAG,IAAI,CAAC,KAAK,CAAC,EAAE,CAAC,YAAY,CAAC,sBAAsB,CAAC,CAAC,QAAQ,EAAE,CAAC,CAAC;IACvE,SAAE,CAAC,aAAa,CAAC,CAAC,GAAO,EAAC,IAAmB,EAAC,EAAE;QAC5C,IAAG,GAAG,EAAE;YACJ,OAAO,CAAC,GAAG,CAAC,GAAG,CAAC,OAAO,CAAC,CAAC;YACzB,OAAO;SACV;QACD,IAAI,CAAC,gBAAgB,CAAC,CAAC,GAAO,EAAC,EAAE;YAC7B,IAAG,GAAG,EAAE;gBACJ,OAAO,CAAC,GAAG,CAAC,GAAG,CAAC,OAAO,CAAC,CAAC;gBACzB,IAAI,CAAC,OAAO,EAAE,CAAC;gBACf,OAAO;aACV;YACD,CAAC,CAAC,OAAO,CAAC,CAAC,MAAa,EAAC,EAAE;gBACvB,IAAI,CAAC,KAAK,CAAC,MAAM,EAAC,CAAC,GAAG,EAAC,MAAoB,EAAC,EAAE;oBAC1C,IAAG,GAAG,EAAE;wBACJ,OAAO,CAAC,IAAI,CAAC,GAAG,CAAC,OAAO,CAAC,CAAC;wBAC1B,IAAI,CAAC,QAAQ,CAAC,GAAE,EAAE;4BACd,IAAI,CAAC,OAAO,EAAE,CAAC;wBACnB,CAAC,CAAC,CAAC;wBACH,OAAO;qBACV;oBACD,uBAAuB;gBAC3B,CAAC,CAAC,CAAC;YACP,CAAC,CAAC,CAAC;QACP,CAAC,CAAC,CAAC;QACH,IAAI,CAAC,MAAM,CAAC,CAAC,GAAO,EAAC,EAAE,CAAA,GAAG,CAAC,CAAC,CAAC,OAAO,CAAC,GAAG,CAAC,GAAG,CAAC,OAAO,CAAC,CAAC,CAAC,CAAC,OAAO,CAAC,GAAG,CAAC,sBAAsB,CAAC,CAAC,CAAC;IACjG,CAAC,CAAC,CAAC;AAEP,CAAC;AA7BD,0BA6BC","sourcesContent":["import {db} from './main';\r\nimport * as fs from \"fs\";\r\nimport { RowDataPacket } from 'mysql2';\r\nimport PoolConnection from 'mysql2/typings/mysql/lib/PoolConnection';\r\n\r\nexport function migrate() {\r\n    let q = JSON.parse(fs.readFileSync('./test/test_seed.sql').toString());\r\n    db.getConnection((err:any,conn:PoolConnection)=>{\r\n        if(err) {\r\n            console.log(err.message);\r\n            return;\r\n        }\r\n        conn.beginTransaction((err:any)=>{\r\n            if(err) {\r\n                console.log(err.message);\r\n                conn.release();\r\n                return;\r\n            }\r\n            q.forEach((insert:string)=>{\r\n                conn.query(insert,(err,result:RowDataPacket)=>{\r\n                    if(err) {\r\n                        console.warn(err.message);\r\n                        conn.rollback(()=>{\r\n                            conn.release();\r\n                        });\r\n                        return;\r\n                    }\r\n                    // console.log(result);\r\n                });\r\n            });\r\n        });\r\n        conn.commit((err:any)=>err ? console.log(err.message) : console.log(\"test migrate success\"));\r\n    });\r\n\r\n}"]},"_coverageSchema":"1a1c01bbd47fc00a2c39e90264f33305004495a9","hash":"f36a4fecd39c6c9ffa24c7b4d5c5684f61b39384","contentHash":"24c38ef088d2716a88007ec6053fad3c96df3158dba0130ee24dd81e6ebc5180"},"C:\\Users\\tp2107067\\Projects\\node_shop\\server\\auth.ts":{"path":"C:\\Users\\tp2107067\\Projects\\node_shop\\server\\auth.ts","statementMap":{"0":{"start":{"line":2,"column":22},"end":{"line":4,"column":1}},"1":{"start":{"line":3,"column":4},"end":{"line":3,"column":62}},"2":{"start":{"line":5,"column":0},"end":{"line":5,"column":62}},"3":{"start":{"line":6,"column":0},"end":{"line":6,"column":40}},"4":{"start":{"line":7,"column":19},"end":{"line":7,"column":55}},"5":{"start":{"line":9,"column":4},"end":{"line":9,"column":50}},"6":{"start":{"line":11,"column":0},"end":{"line":11,"column":20}},"7":{"start":{"line":13,"column":4},"end":{"line":13,"column":52}},"8":{"start":{"line":15,"column":0},"end":{"line":15,"column":26}}},"fnMap":{"0":{"name":"(anonymous_0)","decl":{"start":{"line":2,"column":56},"end":{"line":2,"column":57}},"loc":{"start":{"line":2,"column":71},"end":{"line":4,"column":1}},"line":2},"1":{"name":"hash","decl":{"start":{"line":8,"column":9},"end":{"line":8,"column":13}},"loc":{"start":{"line":8,"column":21},"end":{"line":10,"column":1}},"line":8},"2":{"name":"compare","decl":{"start":{"line":12,"column":9},"end":{"line":12,"column":16}},"loc":{"start":{"line":12,"column":27},"end":{"line":14,"column":1}},"line":12}},"branchMap":{"0":{"loc":{"start":{"line":2,"column":22},"end":{"line":4,"column":1}},"type":"binary-expr","locations":[{"start":{"line":2,"column":23},"end":{"line":2,"column":27}},{"start":{"line":2,"column":31},"end":{"line":2,"column":51}},{"start":{"line":2,"column":56},"end":{"line":4,"column":1}}],"line":2},"1":{"loc":{"start":{"line":3,"column":11},"end":{"line":3,"column":61}},"type":"cond-expr","locations":[{"start":{"line":3,"column":37},"end":{"line":3,"column":40}},{"start":{"line":3,"column":43},"end":{"line":3,"column":61}}],"line":3},"2":{"loc":{"start":{"line":3,"column":12},"end":{"line":3,"column":33}},"type":"binary-expr","locations":[{"start":{"line":3,"column":12},"end":{"line":3,"column":15}},{"start":{"line":3,"column":19},"end":{"line":3,"column":33}}],"line":3}},"s":{"0":1,"1":1,"2":1,"3":1,"4":1,"5":1,"6":1,"7":1,"8":1},"f":{"0":1,"1":1,"2":1},"b":{"0":[1,1,1],"1":[0,1],"2":[1,1]},"inputSourceMap":{"version":3,"file":"C:/Users/tp2107067/Projects/node_shop/server/auth.ts","sources":["C:/Users/tp2107067/Projects/node_shop/server/auth.ts"],"names":[],"mappings":";;;;;;AAAA,wDAAgC;AAEhC,SAAgB,IAAI,CAAC,KAAa;IAC9B,OAAO,kBAAQ,CAAC,QAAQ,CAAC,KAAK,EAAE,EAAE,CAAC,CAAC;AACxC,CAAC;AAFD,oBAEC;AAED,SAAgB,OAAO,CAAC,KAAa,EAAE,CAAS;IAC5C,OAAO,kBAAQ,CAAC,WAAW,CAAC,KAAK,EAAC,CAAC,CAAC,CAAC;AACzC,CAAC;AAFD,0BAEC","sourcesContent":["import bcryptjs from \"bcryptjs\";\r\n\r\nexport function hash(plain: string): string {\r\n    return bcryptjs.hashSync(plain, 11);\r\n}\r\n\r\nexport function compare(plain: string, h: string): boolean {\r\n    return bcryptjs.compareSync(plain,h);\r\n}\r\n"]},"_coverageSchema":"1a1c01bbd47fc00a2c39e90264f33305004495a9","hash":"de863ad1f0759d98c0917d460f5304836b2836c7","contentHash":"f7d1e5b87427f037e62276801e0c67cb04a022603f6bf37983793bb90d114785"}}