{"C:\\Users\\tp2107067\\Projects\\node_shop\\server\\main.ts":{"path":"C:\\Users\\tp2107067\\Projects\\node_shop\\server\\main.ts","statementMap":{"0":{"start":{"line":2,"column":22},"end":{"line":8,"column":3}},"1":{"start":{"line":3,"column":4},"end":{"line":3,"column":33}},"2":{"start":{"line":3,"column":26},"end":{"line":3,"column":33}},"3":{"start":{"line":4,"column":4},"end":{"line":4,"column":89}},"4":{"start":{"line":4,"column":71},"end":{"line":4,"column":83}},"5":{"start":{"line":6,"column":4},"end":{"line":6,"column":33}},"6":{"start":{"line":6,"column":26},"end":{"line":6,"column":33}},"7":{"start":{"line":7,"column":4},"end":{"line":7,"column":17}},"8":{"start":{"line":9,"column":25},"end":{"line":13,"column":2}},"9":{"start":{"line":10,"column":4},"end":{"line":10,"column":72}},"10":{"start":{"line":12,"column":4},"end":{"line":12,"column":21}},"11":{"start":{"line":14,"column":19},"end":{"line":20,"column":1}},"12":{"start":{"line":15,"column":4},"end":{"line":15,"column":42}},"13":{"start":{"line":15,"column":31},"end":{"line":15,"column":42}},"14":{"start":{"line":16,"column":17},"end":{"line":16,"column":19}},"15":{"start":{"line":17,"column":4},"end":{"line":17,"column":141}},"16":{"start":{"line":17,"column":21},"end":{"line":17,"column":141}},"17":{"start":{"line":17,"column":40},"end":{"line":17,"column":141}},"18":{"start":{"line":17,"column":109},"end":{"line":17,"column":141}},"19":{"start":{"line":18,"column":4},"end":{"line":18,"column":36}},"20":{"start":{"line":19,"column":4},"end":{"line":19,"column":18}},"21":{"start":{"line":21,"column":22},"end":{"line":23,"column":1}},"22":{"start":{"line":22,"column":4},"end":{"line":22,"column":62}},"23":{"start":{"line":24,"column":0},"end":{"line":24,"column":62}},"24":{"start":{"line":25,"column":0},"end":{"line":25,"column":163}},"25":{"start":{"line":26,"column":18},"end":{"line":26,"column":53}},"26":{"start":{"line":27,"column":15},"end":{"line":27,"column":46}},"27":{"start":{"line":28,"column":17},"end":{"line":28,"column":51}},"28":{"start":{"line":29,"column":14},"end":{"line":29,"column":30}},"29":{"start":{"line":30,"column":17},"end":{"line":30,"column":51}},"30":{"start":{"line":31,"column":22},"end":{"line":31,"column":61}},"31":{"start":{"line":32,"column":15},"end":{"line":32,"column":47}},"32":{"start":{"line":33,"column":15},"end":{"line":33,"column":31}},"33":{"start":{"line":34,"column":0},"end":{"line":34,"column":26}},"34":{"start":{"line":35,"column":0},"end":{"line":35,"column":24}},"35":{"start":{"line":36,"column":24},"end":{"line":36,"column":42}},"36":{"start":{"line":37,"column":20},"end":{"line":37,"column":31}},"37":{"start":{"line":38,"column":0},"end":{"line":44,"column":1}},"38":{"start":{"line":39,"column":4},"end":{"line":39,"column":106}},"39":{"start":{"line":46,"column":0},"end":{"line":55,"column":3}},"40":{"start":{"line":47,"column":4},"end":{"line":54,"column":5}},"41":{"start":{"line":49,"column":12},"end":{"line":49,"column":39}},"42":{"start":{"line":50,"column":12},"end":{"line":50,"column":18}},"43":{"start":{"line":52,"column":12},"end":{"line":52,"column":35}},"44":{"start":{"line":53,"column":12},"end":{"line":53,"column":18}},"45":{"start":{"line":56,"column":14},"end":{"line":63,"column":2}},"46":{"start":{"line":59,"column":8},"end":{"line":59,"column":20}},"47":{"start":{"line":60,"column":21},"end":{"line":60,"column":81}},"48":{"start":{"line":61,"column":8},"end":{"line":61,"column":23}},"49":{"start":{"line":64,"column":13},"end":{"line":64,"column":51}},"50":{"start":{"line":65,"column":0},"end":{"line":65,"column":16}},"51":{"start":{"line":66,"column":0},"end":{"line":66,"column":34}},"52":{"start":{"line":67,"column":0},"end":{"line":67,"column":34}},"53":{"start":{"line":68,"column":13},"end":{"line":68,"column":43}},"54":{"start":{"line":69,"column":0},"end":{"line":75,"column":3}},"55":{"start":{"line":77,"column":4},"end":{"line":77,"column":21}},"56":{"start":{"line":79,"column":0},"end":{"line":79,"column":30}},"57":{"start":{"line":80,"column":0},"end":{"line":80,"column":42}},"58":{"start":{"line":81,"column":0},"end":{"line":81,"column":87}},"59":{"start":{"line":82,"column":0},"end":{"line":82,"column":67}},"60":{"start":{"line":83,"column":0},"end":{"line":83,"column":85}},"61":{"start":{"line":84,"column":0},"end":{"line":84,"column":87}},"62":{"start":{"line":85,"column":0},"end":{"line":85,"column":31}},"63":{"start":{"line":86,"column":0},"end":{"line":86,"column":41}},"64":{"start":{"line":87,"column":0},"end":{"line":87,"column":49}},"65":{"start":{"line":88,"column":0},"end":{"line":88,"column":51}},"66":{"start":{"line":89,"column":0},"end":{"line":89,"column":51}},"67":{"start":{"line":90,"column":0},"end":{"line":90,"column":49}},"68":{"start":{"line":91,"column":0},"end":{"line":91,"column":51}},"69":{"start":{"line":92,"column":0},"end":{"line":92,"column":57}},"70":{"start":{"line":93,"column":0},"end":{"line":93,"column":53}},"71":{"start":{"line":94,"column":0},"end":{"line":94,"column":51}},"72":{"start":{"line":95,"column":0},"end":{"line":95,"column":53}},"73":{"start":{"line":96,"column":0},"end":{"line":96,"column":59}},"74":{"start":{"line":97,"column":0},"end":{"line":97,"column":47}},"75":{"start":{"line":98,"column":0},"end":{"line":98,"column":53}},"76":{"start":{"line":99,"column":0},"end":{"line":99,"column":51}},"77":{"start":{"line":100,"column":0},"end":{"line":100,"column":49}},"78":{"start":{"line":101,"column":0},"end":{"line":114,"column":1}},"79":{"start":{"line":102,"column":4},"end":{"line":108,"column":7}},"80":{"start":{"line":109,"column":4},"end":{"line":109,"column":131}},"81":{"start":{"line":109,"column":89},"end":{"line":109,"column":127}},"82":{"start":{"line":110,"column":4},"end":{"line":110,"column":142}},"83":{"start":{"line":113,"column":4},"end":{"line":113,"column":83}},"84":{"start":{"line":115,"column":0},"end":{"line":115,"column":48}},"85":{"start":{"line":116,"column":0},"end":{"line":119,"column":3}},"86":{"start":{"line":117,"column":4},"end":{"line":117,"column":93}},"87":{"start":{"line":118,"column":4},"end":{"line":118,"column":48}},"88":{"start":{"line":121,"column":4},"end":{"line":124,"column":13}},"89":{"start":{"line":122,"column":8},"end":{"line":122,"column":76}},"90":{"start":{"line":123,"column":8},"end":{"line":123,"column":24}},"91":{"start":{"line":127,"column":4},"end":{"line":127,"column":34}},"92":{"start":{"line":128,"column":4},"end":{"line":134,"column":5}},"93":{"start":{"line":129,"column":8},"end":{"line":133,"column":11}},"94":{"start":{"line":130,"column":12},"end":{"line":132,"column":13}},"95":{"start":{"line":131,"column":16},"end":{"line":131,"column":41}},"96":{"start":{"line":135,"column":4},"end":{"line":143,"column":5}},"97":{"start":{"line":136,"column":8},"end":{"line":136,"column":40}},"98":{"start":{"line":137,"column":8},"end":{"line":142,"column":11}},"99":{"start":{"line":138,"column":12},"end":{"line":141,"column":13}},"100":{"start":{"line":139,"column":16},"end":{"line":139,"column":48}},"101":{"start":{"line":140,"column":16},"end":{"line":140,"column":41}},"102":{"start":{"line":144,"column":4},"end":{"line":144,"column":20}},"103":{"start":{"line":146,"column":0},"end":{"line":146,"column":28}},"104":{"start":{"line":147,"column":0},"end":{"line":150,"column":3}},"105":{"start":{"line":148,"column":4},"end":{"line":148,"column":36}},"106":{"start":{"line":149,"column":4},"end":{"line":149,"column":15}},"107":{"start":{"line":151,"column":0},"end":{"line":154,"column":3}},"108":{"start":{"line":152,"column":4},"end":{"line":152,"column":37}},"109":{"start":{"line":153,"column":4},"end":{"line":153,"column":15}}},"fnMap":{"0":{"name":"(anonymous_0)","decl":{"start":{"line":2,"column":74},"end":{"line":2,"column":75}},"loc":{"start":{"line":2,"column":96},"end":{"line":5,"column":1}},"line":2},"1":{"name":"(anonymous_1)","decl":{"start":{"line":4,"column":58},"end":{"line":4,"column":59}},"loc":{"start":{"line":4,"column":69},"end":{"line":4,"column":85}},"line":4},"2":{"name":"(anonymous_2)","decl":{"start":{"line":5,"column":6},"end":{"line":5,"column":7}},"loc":{"start":{"line":5,"column":28},"end":{"line":8,"column":1}},"line":5},"3":{"name":"(anonymous_3)","decl":{"start":{"line":9,"column":80},"end":{"line":9,"column":81}},"loc":{"start":{"line":9,"column":95},"end":{"line":11,"column":1}},"line":9},"4":{"name":"(anonymous_4)","decl":{"start":{"line":11,"column":5},"end":{"line":11,"column":6}},"loc":{"start":{"line":11,"column":20},"end":{"line":13,"column":1}},"line":11},"5":{"name":"(anonymous_5)","decl":{"start":{"line":14,"column":50},"end":{"line":14,"column":51}},"loc":{"start":{"line":14,"column":65},"end":{"line":20,"column":1}},"line":14},"6":{"name":"(anonymous_6)","decl":{"start":{"line":21,"column":56},"end":{"line":21,"column":57}},"loc":{"start":{"line":21,"column":71},"end":{"line":23,"column":1}},"line":21},"7":{"name":"(anonymous_7)","decl":{"start":{"line":46,"column":21},"end":{"line":46,"column":22}},"loc":{"start":{"line":46,"column":33},"end":{"line":55,"column":1}},"line":46},"8":{"name":"(anonymous_8)","decl":{"start":{"line":58,"column":14},"end":{"line":58,"column":15}},"loc":{"start":{"line":58,"column":35},"end":{"line":62,"column":5}},"line":58},"9":{"name":"setDbMock","decl":{"start":{"line":76,"column":9},"end":{"line":76,"column":18}},"loc":{"start":{"line":76,"column":24},"end":{"line":78,"column":1}},"line":76},"10":{"name":"(anonymous_10)","decl":{"start":{"line":109,"column":78},"end":{"line":109,"column":79}},"loc":{"start":{"line":109,"column":87},"end":{"line":109,"column":129}},"line":109},"11":{"name":"(anonymous_11)","decl":{"start":{"line":116,"column":42},"end":{"line":116,"column":43}},"loc":{"start":{"line":116,"column":48},"end":{"line":119,"column":1}},"line":116},"12":{"name":"forceShutdown","decl":{"start":{"line":120,"column":9},"end":{"line":120,"column":22}},"loc":{"start":{"line":120,"column":25},"end":{"line":125,"column":1}},"line":120},"13":{"name":"(anonymous_13)","decl":{"start":{"line":121,"column":15},"end":{"line":121,"column":16}},"loc":{"start":{"line":121,"column":21},"end":{"line":124,"column":5}},"line":121},"14":{"name":"shutdown","decl":{"start":{"line":126,"column":9},"end":{"line":126,"column":17}},"loc":{"start":{"line":126,"column":20},"end":{"line":145,"column":1}},"line":126},"15":{"name":"(anonymous_15)","decl":{"start":{"line":129,"column":29},"end":{"line":129,"column":30}},"loc":{"start":{"line":129,"column":38},"end":{"line":133,"column":9}},"line":129},"16":{"name":"(anonymous_16)","decl":{"start":{"line":137,"column":23},"end":{"line":137,"column":24}},"loc":{"start":{"line":137,"column":32},"end":{"line":142,"column":9}},"line":137},"17":{"name":"(anonymous_17)","decl":{"start":{"line":147,"column":21},"end":{"line":147,"column":22}},"loc":{"start":{"line":147,"column":27},"end":{"line":150,"column":1}},"line":147},"18":{"name":"(anonymous_18)","decl":{"start":{"line":151,"column":22},"end":{"line":151,"column":23}},"loc":{"start":{"line":151,"column":28},"end":{"line":154,"column":1}},"line":151}},"branchMap":{"0":{"loc":{"start":{"line":2,"column":22},"end":{"line":8,"column":3}},"type":"binary-expr","locations":[{"start":{"line":2,"column":23},"end":{"line":2,"column":27}},{"start":{"line":2,"column":31},"end":{"line":2,"column":51}},{"start":{"line":2,"column":57},"end":{"line":8,"column":2}}],"line":2},"1":{"loc":{"start":{"line":2,"column":57},"end":{"line":8,"column":2}},"type":"cond-expr","locations":[{"start":{"line":2,"column":74},"end":{"line":5,"column":1}},{"start":{"line":5,"column":6},"end":{"line":8,"column":1}}],"line":2},"2":{"loc":{"start":{"line":3,"column":4},"end":{"line":3,"column":33}},"type":"if","locations":[{"start":{"line":3,"column":4},"end":{"line":3,"column":33}},{"start":{"line":3,"column":4},"end":{"line":3,"column":33}}],"line":3},"3":{"loc":{"start":{"line":6,"column":4},"end":{"line":6,"column":33}},"type":"if","locations":[{"start":{"line":6,"column":4},"end":{"line":6,"column":33}},{"start":{"line":6,"column":4},"end":{"line":6,"column":33}}],"line":6},"4":{"loc":{"start":{"line":9,"column":25},"end":{"line":13,"column":2}},"type":"binary-expr","locations":[{"start":{"line":9,"column":26},"end":{"line":9,"column":30}},{"start":{"line":9,"column":34},"end":{"line":9,"column":57}},{"start":{"line":9,"column":63},"end":{"line":13,"column":1}}],"line":9},"5":{"loc":{"start":{"line":9,"column":63},"end":{"line":13,"column":1}},"type":"cond-expr","locations":[{"start":{"line":9,"column":80},"end":{"line":11,"column":1}},{"start":{"line":11,"column":5},"end":{"line":13,"column":1}}],"line":9},"6":{"loc":{"start":{"line":14,"column":19},"end":{"line":20,"column":1}},"type":"binary-expr","locations":[{"start":{"line":14,"column":20},"end":{"line":14,"column":24}},{"start":{"line":14,"column":28},"end":{"line":14,"column":45}},{"start":{"line":14,"column":50},"end":{"line":20,"column":1}}],"line":14},"7":{"loc":{"start":{"line":15,"column":4},"end":{"line":15,"column":42}},"type":"if","locations":[{"start":{"line":15,"column":4},"end":{"line":15,"column":42}},{"start":{"line":15,"column":4},"end":{"line":15,"column":42}}],"line":15},"8":{"loc":{"start":{"line":15,"column":8},"end":{"line":15,"column":29}},"type":"binary-expr","locations":[{"start":{"line":15,"column":8},"end":{"line":15,"column":11}},{"start":{"line":15,"column":15},"end":{"line":15,"column":29}}],"line":15},"9":{"loc":{"start":{"line":17,"column":4},"end":{"line":17,"column":141}},"type":"if","locations":[{"start":{"line":17,"column":4},"end":{"line":17,"column":141}},{"start":{"line":17,"column":4},"end":{"line":17,"column":141}}],"line":17},"10":{"loc":{"start":{"line":17,"column":40},"end":{"line":17,"column":141}},"type":"if","locations":[{"start":{"line":17,"column":40},"end":{"line":17,"column":141}},{"start":{"line":17,"column":40},"end":{"line":17,"column":141}}],"line":17},"11":{"loc":{"start":{"line":17,"column":44},"end":{"line":17,"column":107}},"type":"binary-expr","locations":[{"start":{"line":17,"column":44},"end":{"line":17,"column":59}},{"start":{"line":17,"column":63},"end":{"line":17,"column":107}}],"line":17},"12":{"loc":{"start":{"line":21,"column":22},"end":{"line":23,"column":1}},"type":"binary-expr","locations":[{"start":{"line":21,"column":23},"end":{"line":21,"column":27}},{"start":{"line":21,"column":31},"end":{"line":21,"column":51}},{"start":{"line":21,"column":56},"end":{"line":23,"column":1}}],"line":21},"13":{"loc":{"start":{"line":22,"column":11},"end":{"line":22,"column":61}},"type":"cond-expr","locations":[{"start":{"line":22,"column":37},"end":{"line":22,"column":40}},{"start":{"line":22,"column":43},"end":{"line":22,"column":61}}],"line":22},"14":{"loc":{"start":{"line":22,"column":12},"end":{"line":22,"column":33}},"type":"binary-expr","locations":[{"start":{"line":22,"column":12},"end":{"line":22,"column":15}},{"start":{"line":22,"column":19},"end":{"line":22,"column":33}}],"line":22},"15":{"loc":{"start":{"line":39,"column":4},"end":{"line":39,"column":105}},"type":"cond-expr","locations":[{"start":{"line":39,"column":51},"end":{"line":39,"column":77}},{"start":{"line":39,"column":80},"end":{"line":39,"column":105}}],"line":39},"16":{"loc":{"start":{"line":47,"column":4},"end":{"line":54,"column":5}},"type":"switch","locations":[{"start":{"line":48,"column":8},"end":{"line":50,"column":18}},{"start":{"line":51,"column":8},"end":{"line":53,"column":18}}],"line":47},"17":{"loc":{"start":{"line":101,"column":0},"end":{"line":114,"column":1}},"type":"if","locations":[{"start":{"line":101,"column":0},"end":{"line":114,"column":1}},{"start":{"line":101,"column":0},"end":{"line":114,"column":1}}],"line":101},"18":{"loc":{"start":{"line":109,"column":89},"end":{"line":109,"column":126}},"type":"cond-expr","locations":[{"start":{"line":109,"column":95},"end":{"line":109,"column":119}},{"start":{"line":109,"column":122},"end":{"line":109,"column":126}}],"line":109},"19":{"loc":{"start":{"line":128,"column":4},"end":{"line":134,"column":5}},"type":"if","locations":[{"start":{"line":128,"column":4},"end":{"line":134,"column":5}},{"start":{"line":128,"column":4},"end":{"line":134,"column":5}}],"line":128},"20":{"loc":{"start":{"line":130,"column":12},"end":{"line":132,"column":13}},"type":"if","locations":[{"start":{"line":130,"column":12},"end":{"line":132,"column":13}},{"start":{"line":130,"column":12},"end":{"line":132,"column":13}}],"line":130},"21":{"loc":{"start":{"line":135,"column":4},"end":{"line":143,"column":5}},"type":"if","locations":[{"start":{"line":135,"column":4},"end":{"line":143,"column":5}},{"start":{"line":135,"column":4},"end":{"line":143,"column":5}}],"line":135},"22":{"loc":{"start":{"line":138,"column":12},"end":{"line":141,"column":13}},"type":"if","locations":[{"start":{"line":138,"column":12},"end":{"line":141,"column":13}},{"start":{"line":138,"column":12},"end":{"line":141,"column":13}}],"line":138}},"s":{"0":1,"1":2,"2":2,"3":2,"4":1,"5":0,"6":0,"7":0,"8":1,"9":1,"10":0,"11":1,"12":1,"13":0,"14":1,"15":1,"16":1,"17":2,"18":2,"19":1,"20":1,"21":1,"22":5,"23":1,"24":1,"25":1,"26":1,"27":1,"28":1,"29":1,"30":1,"31":1,"32":1,"33":1,"34":1,"35":1,"36":1,"37":1,"38":1,"39":1,"40":6,"41":0,"42":0,"43":0,"44":0,"45":1,"46":0,"47":0,"48":0,"49":1,"50":1,"51":1,"52":1,"53":1,"54":1,"55":4,"56":1,"57":1,"58":1,"59":1,"60":1,"61":1,"62":1,"63":1,"64":1,"65":1,"66":1,"67":1,"68":1,"69":1,"70":1,"71":1,"72":1,"73":1,"74":1,"75":1,"76":1,"77":1,"78":1,"79":1,"80":1,"81":0,"82":1,"83":0,"84":1,"85":1,"86":1,"87":1,"88":1,"89":0,"90":0,"91":1,"92":1,"93":1,"94":1,"95":1,"96":1,"97":1,"98":1,"99":1,"100":0,"101":0,"102":1,"103":1,"104":1,"105":0,"106":0,"107":1,"108":0,"109":0},"f":{"0":2,"1":1,"2":0,"3":1,"4":0,"5":1,"6":5,"7":6,"8":0,"9":4,"10":0,"11":1,"12":1,"13":0,"14":1,"15":1,"16":1,"17":0,"18":0},"b":{"0":[1,1,1],"1":[1,0],"2":[2,0],"3":[0,0],"4":[1,1,1],"5":[1,0],"6":[1,1,1],"7":[0,1],"8":[1,1],"9":[1,0],"10":[2,0],"11":[2,2],"12":[1,1,1],"13":[0,5],"14":[5,5],"15":[0,0],"16":[0,0],"17":[1,0],"18":[0,0],"19":[1,0],"20":[1,0],"21":[1,0],"22":[0,1]},"inputSourceMap":{"version":3,"file":"C:/Users/tp2107067/Projects/node_shop/server/main.ts","sources":["C:/Users/tp2107067/Projects/node_shop/server/main.ts"],"names":[],"mappings":";;;;;;;;;;;;;;;;;;;;;;;;;AAAA,sDAAmD;AACnD,+CAAiC;AACjC,oDAA2B;AAC3B,+BAA0B;AAE1B,oDAA4B;AAC5B,8DAAqC;AACrC,gDAAwB;AAIxB,MAAM,MAAM,GAAG,OAAO,CAAC,OAAO,CAAC,CAAC;AAErB,QAAA,UAAU,GAAW,IAAI,CAAC;AAC1B,QAAA,OAAO,GAAW,KAAK,CAAC;AAEnC,MAAM,eAAe,GAAG,kBAAkB,CAAC;AAC3C,MAAM,WAAW,GAAG,WAAW,CAAC;AAEhC,IAAI;IACA,IAAI,CAAC,KAAK,CAAC,OAAO,CAAC,GAAG,CAAC,UAAoB,CAAC,KAAK,KAAK,CAAC,CAAC,CAAC,kBAAU,GAAC,KAAK,CAAA,CAAC,CAAA,kBAAU,GAAC,IAAI,CAAC;CAC7F;AAAC,OAAM,CAAC,EAAC;IACN,uEAAuE;IACvE,oDAAoD;CACvD;AAAA,CAAC;AAEF,OAAO,CAAC,IAAI,CAAC,OAAO,CAAC,CAAC,GAAU,EAAC,CAAQ,EAAC,EAAE;IACxC,QAAO,GAAG,EAAC;QACX,KAAK,eAAe;YAChB,kBAAU,GAAG,KAAK,CAAC;YACnB,MAAM;QACV,KAAK,WAAW;YACZ,eAAO,GAAG,IAAI,CAAC;YACf,MAAM;KACT;AACL,CAAC,CAAC,CAAC;AAIH,IAAI,OAAO,GAAG,gBAAM,CAAC,WAAW,CAAC;IAC7B,WAAW,EAAC,cAAc;IAC1B,QAAQ,EAAE,UAAS,CAAC,EAAC,EAAE,EAAC,EAAE;QACtB,CAAC,CAAC,IAAI,GAAG,EAAE,CAAC;QACZ,MAAM,IAAI,GAAG,GAAG,EAAE,CAAC,SAAS,IAAI,IAAI,CAAC,GAAG,EAAE,IAAI,EAAE,CAAC,QAAQ,CAAC,KAAK,CAAC,GAAG,CAAC,CAAC,CAAC,CAAC,EAAE,CAAC;QAC1E,EAAE,CAAC,IAAI,EAAC,IAAI,CAAC,CAAC;IAClB,CAAC;CACJ,CAAC,CAAC;AAEH,IAAI,MAAM,GAAG,gBAAM,CAAC,EAAC,OAAO,EAAC,OAAO,EAAC,CAAC,CAAC;AAEvC,MAAM,CAAC,MAAM,EAAE,CAAC;AAEH,QAAA,GAAG,GAAG,iBAAO,EAAE,CAAC;AAE7B,WAAG,CAAC,GAAG,CAAC,cAAI,EAAE,CAAC,CAAC;AAEhB,MAAM,IAAI,GAAG,QAAQ,CAAC,OAAO,CAAC,GAAG,CAAC,IAAc,EAAC,EAAE,CAAC,CAAC;AAE1C,QAAA,EAAE,GAAe,gBAAK,CAAC,UAAU,CAAC;IACzC,IAAI,EAAE,OAAO,CAAC,GAAG,CAAC,OAAO;IACzB,IAAI,EAAE,QAAQ,CAAC,OAAO,CAAC,GAAG,CAAC,OAAiB,EAAC,EAAE,CAAC;IAChD,QAAQ,EAAE,OAAO,CAAC,GAAG,CAAC,OAAO;IAC7B,IAAI,EAAE,OAAO,CAAC,GAAG,CAAC,OAAO;IACzB,QAAQ,EAAE,OAAO,CAAC,GAAG,CAAC,WAAW;CACpC,CAAC,CAAC;AAEH,SAAgB,SAAS,CAAC,GAAO;IAC7B,UAAE,GAAG,GAAG,CAAC;AACb,CAAC;AAFD,8BAEC;AAED,WAAG,CAAC,GAAG,CAAC,iBAAO,CAAC,IAAI,EAAE,CAAC,CAAC;AAExB,WAAG,CAAC,GAAG,CAAC,qBAAU,CAAC,UAAU,CAAC,EAAC,QAAQ,EAAC,IAAI,EAAC,KAAK,EAAC,QAAQ,EAAC,CAAC,CAAC,CAAC;AAE/D,WAAG,CAAC,GAAG,CAAC,SAAS,EAAC,iBAAO,CAAC,MAAM,CAAC,YAAY,CAAC,CAAC,CAAC;AAChD,WAAG,CAAC,GAAG,CAAC,YAAY,EAAC,iBAAO,CAAC,MAAM,CAAC,2BAA2B,CAAC,CAAC,CAAC;AAClE,WAAG,CAAC,GAAG,CAAC,aAAa,EAAC,iBAAO,CAAC,MAAM,CAAC,4BAA4B,CAAC,CAAC,CAAC;AAEzD,QAAA,IAAI,GAAQ,IAAI,SAAG,EAAE,CAAC;AAEjC,WAAG,CAAC,GAAG,CAAC,GAAG,EAAC,YAAI,CAAC,KAAK,CAAC,CAAC;AACxB,WAAG,CAAC,GAAG,CAAC,QAAQ,EAAC,YAAI,CAAC,QAAQ,CAAC,CAAC;AAChC,WAAG,CAAC,GAAG,CAAC,SAAS,EAAC,YAAI,CAAC,SAAS,CAAC,CAAC;AAElC,WAAG,CAAC,GAAG,CAAC,WAAW,EAAC,YAAI,CAAC,OAAO,CAAC,CAAC;AAClC,WAAG,CAAC,IAAI,CAAC,OAAO,EAAC,YAAI,CAAC,QAAQ,CAAC,CAAC;AAChC,WAAG,CAAC,KAAK,CAAC,OAAO,EAAC,YAAI,CAAC,SAAS,CAAC,CAAC;AAClC,WAAG,CAAC,MAAM,CAAC,WAAW,EAAC,YAAI,CAAC,UAAU,CAAC,CAAC;AAExC,WAAG,CAAC,GAAG,CAAC,YAAY,EAAC,YAAI,CAAC,QAAQ,CAAC,CAAC;AACpC,WAAG,CAAC,IAAI,CAAC,QAAQ,EAAC,YAAI,CAAC,SAAS,CAAC,CAAC;AAClC,WAAG,CAAC,KAAK,CAAC,QAAQ,EAAC,YAAI,CAAC,UAAU,CAAC,CAAC;AACpC,WAAG,CAAC,MAAM,CAAC,YAAY,EAAC,YAAI,CAAC,WAAW,CAAC,CAAC;AAE1C,WAAG,CAAC,IAAI,CAAC,QAAQ,EAAC,YAAI,CAAC,KAAK,CAAC,CAAC;AAC9B,WAAG,CAAC,IAAI,CAAC,WAAW,EAAC,YAAI,CAAC,QAAQ,CAAC,CAAC;AAEpC,WAAG,CAAC,GAAG,CAAC,WAAW,EAAC,YAAI,CAAC,OAAO,CAAC,CAAC;AAClC,WAAG,CAAC,GAAG,CAAC,QAAQ,EAAC,YAAI,CAAC,QAAQ,CAAC,CAAC;AAChC,IAAG,OAAO,CAAC,GAAG,CAAC,SAAS,KAAK,MAAM,EAAE;IACjC,gBAAQ,GAAG,IAAI,MAAM,CAAC,MAAM,CAAC;QACzB,QAAQ,EAAE,OAAO,CAAC,GAAG,CAAC,WAAqB;QAC3C,IAAI,EAAE,QAAQ,CAAC,OAAO,CAAC,GAAG,CAAC,OAAiB,EAAC,EAAE,CAAC;QAChD,MAAM,EAAE,IAAI,CAAC,KAAK,CAAC,OAAO,CAAC,GAAG,CAAC,SAAmB,CAAC;QACnD,SAAS,EAAE,OAAO,CAAC,GAAG,CAAC,YAAsB;QAC7C,SAAS,EAAE,OAAO,CAAC,GAAG,CAAC,YAAsB;KAChD,CAAC,CAAC;IACC,gBAAQ,CAAC,UAAU,CAAC,OAAO,CAAC,GAAG,CAAC,SAAmB,EAAC,OAAO,CAAC,GAAG,CAAC,SAAmB,EAAC,CAAC,GAAO,EAAC,EAAE,GAAC,GAAG,CAAC,CAAC,CAAC,OAAO,CAAC,GAAG,CAAC,GAAG,CAAC,OAAO,CAAC,CAAC,CAAC,CAAC,IAAI,CAAA,CAAA,CAAC,CAAC,CAAC;IAC5I,WAAG,CAAC,IAAI,CAAC,SAAS,EAAC,gBAAM,CAAC,EAAC,OAAO,EAAC,gBAAM,CAAC,aAAa,EAAE,EAAC,CAAC,CAAC,MAAM,CAAC,OAAO,CAAC,EAAC,YAAI,CAAC,cAAc,CAAC,CAAC;CACpG;KAAM;IACH,WAAG,CAAC,IAAI,CAAC,SAAS,EAAC,MAAM,CAAC,MAAM,CAAC,OAAO,CAAC,EAAC,YAAI,CAAC,YAAY,CAAC,CAAC;CAChE;AAED,WAAG,CAAC,GAAG,CAAC,SAAS,EAAC,YAAI,CAAC,MAAM,CAAC,CAAA;AAEnB,QAAA,MAAM,GAAG,WAAG,CAAC,MAAM,CAAC,IAAI,EAAE,GAAE,EAAE;IAErC,OAAO,CAAC,KAAK,CAAC,iBAAiB,kBAAU,kBAAkB,eAAO,KAAK,CAAC,CAAC;IAEzE,OAAO,CAAC,GAAG,CAAC,qBAAqB,IAAI,KAAK,CAAC,CAAA;AAE/C,CAAC,CAAC,CAAC;AAEH,SAAS,aAAa;IAClB,UAAU,CAAC,GAAE,EAAE;QACX,OAAO,CAAC,GAAG,CAAC,sDAAsD,CAAC,CAAC;QACpE,OAAO,CAAC,IAAI,CAAC,CAAC,CAAC,CAAC;IACpB,CAAC,EAAC,IAAI,CAAC,CAAC;AACZ,CAAC;AAED,SAAgB,QAAQ;IACpB,OAAO,CAAC,GAAG,CAAC,gBAAgB,CAAC,CAAA;IAC7B,IAAG,cAAM,EAAE;QACP,cAAM,CAAC,KAAK,CAAC,CAAC,GAAO,EAAC,EAAE;YACpB,IAAG,GAAG,EAAE;gBACJ,OAAO,CAAC,GAAG,CAAC,GAAG,CAAC,OAAO,CAAC,CAAC;aAC5B;QACL,CAAC,CAAC,CAAA;KACL;IACD,IAAI,UAAE,EAAE;QACR,UAAE,CAAC,kBAAkB,EAAE,CAAC;QACxB,UAAE,CAAC,GAAG,CAAC,CAAC,GAAO,EAAC,EAAE;YACV,IAAG,GAAG,EAAE;gBACJ,UAAE,CAAC,kBAAkB,EAAE,CAAC;gBACxB,OAAO,CAAC,GAAG,CAAC,GAAG,CAAC,OAAO,CAAC,CAAC;aAC5B;QACL,CAAC,CAAC,CAAA;KACL;IACD,aAAa,EAAE,CAAC;AACpB,CAAC;AAnBD,4BAmBC;AAED,OAAO,CAAC,EAAE,CAAC,QAAQ,EAAC,GAAE,EAAE;IACpB,OAAO,CAAC,IAAI,CAAC,iBAAiB,CAAC,CAAA;IAC/B,QAAQ,EAAE,CAAC;AACf,CAAC,CAAC,CAAC;AAEH,OAAO,CAAC,EAAE,CAAC,SAAS,EAAC,GAAE,EAAE;IACrB,OAAO,CAAC,IAAI,CAAC,kBAAkB,CAAC,CAAA;IAChC,QAAQ,EAAE,CAAC;AACf,CAAC,CAAC,CAAC","sourcesContent":["import express, {Request, Response} from \"express\";\r\nimport * as dotenv from \"dotenv\";\r\nimport mysql from \"mysql2\";\r\nimport {api} from \"./api\";\r\nimport {config} from \"./config\";\r\nimport multer from \"multer\";\r\nimport bodyParser from \"body-parser\";\r\nimport cors from \"cors\";\r\nimport path from \"path\";\r\nimport Minio from 'minio';\r\n\r\nconst _minio = require(\"minio\");\r\n\r\nexport let production:boolean = true;\r\nexport let testRun:boolean = false;\r\n\r\nconst productionFalse = 'production=false';\r\nconst testRunTrue = 'test=true';\r\n\r\ntry {\r\n    JSON.parse(process.env.PRODUCTION as string) === false ? production=false:production=true;\r\n} catch(e){\r\n    // Suppress error thrown by attempting to parse an undefined  variable.\r\n    // Error: \"Unexpected token u in JSON at position 0\"\r\n}; \r\n\r\nprocess.argv.forEach((arg:string,k:number)=>{\r\n    switch(arg){\r\n    case productionFalse:\r\n        production = false;\r\n        break;\r\n    case testRunTrue:\r\n        testRun = true;\r\n        break;\r\n    }\r\n});\r\n\r\nexport let s3Client: Minio.Client;\r\n\r\nvar storage = multer.diskStorage({\r\n    destination:'./bin/images',\r\n    filename: function(r,fl,cb) {\r\n        r.file = fl;\r\n        const name = `${fl.fieldname}_${Date.now()}.${fl.mimetype.split('/')[1]}`;\r\n        cb(null,name);\r\n    }\r\n});\r\n\r\nvar upload = multer({storage:storage});\r\n\r\ndotenv.config();\r\n\r\nexport const app = express();\r\n\r\napp.use(cors());\r\n\r\nconst port = parseInt(process.env.PORT as string,10);\r\n\r\nexport var db: mysql.Pool = mysql.createPool({\r\n    host: process.env.DB_HOST,\r\n    port: parseInt(process.env.DB_PORT as string,10),\r\n    database: process.env.DB_NAME,\r\n    user: process.env.DB_USER,\r\n    password: process.env.DB_PASSWORD\r\n});\r\n\r\nexport function setDbMock(obj:any) {\r\n    db = obj;\r\n}\r\n\r\napp.use(express.json());\r\n\r\napp.use(bodyParser.urlencoded({extended:true,limit:10000000}));\r\n\r\napp.use('/images',express.static('bin/images'));\r\napp.use('/static/js',express.static('bin/client_dist/static/js'));\r\napp.use('/static/css',express.static('bin/client_dist/static/css'));\r\n\r\nexport let _api: api = new api();\r\n\r\napp.get('/',_api.index);\r\napp.get('/items',_api.getItems);\r\napp.get('/orders',_api.getOrders);\r\n\r\napp.get('/item/:id',_api.getItem);\r\napp.post('/item',_api.postItem);\r\napp.patch('/item',_api.patchItem);\r\napp.delete('/item/:id',_api.deleteItem);\r\n\r\napp.get('/order/:id',_api.getOrder);\r\napp.post('/order',_api.postOrder);\r\napp.patch('/order',_api.patchOrder);\r\napp.delete('/order/:id',_api.deleteOrder);\r\n\r\napp.post('/login',_api.login);\r\napp.post('/register',_api.register);\r\n\r\napp.get('/user/:id',_api.getUser);\r\napp.get('/users',_api.getUsers);\r\nif(process.env.S3_ENABLE === \"true\") {\r\n    s3Client = new _minio.Client({\r\n        endPoint: process.env.S3_ENDPOINT as string,\r\n        port: parseInt(process.env.S3_PORT as string,10),\r\n        useSSL: JSON.parse(process.env.S3_USESSL as string),\r\n        accessKey: process.env.S3_ACCESSKEY as string,\r\n        secretKey: process.env.S3_SECRETKEY as string\r\n    });\r\n        s3Client.makeBucket(process.env.S3_BUCKET as string,process.env.S3_REGION as string,(err:any)=>{err ? console.log(err.message) : null});\r\n    app.post('/images',multer({storage:multer.memoryStorage()}).single('image'),_api.uploadImagesS3);\r\n} else {\r\n    app.post('/images',upload.single('image'),_api.uploadImages);\r\n}\r\n\r\napp.get('/verify',_api.verify)\r\n\r\nexport let server = app.listen(port, ()=> {\r\n\r\n    console.debug(`[production]=(${production})\\n[test_run]=(${testRun})\\n`);\r\n\r\n    console.log(`Listening on port ${port}...`)\r\n\r\n});\r\n\r\nfunction forceShutdown() {\r\n    setTimeout(()=>{\r\n        console.log(\"Gracefully shutting down failed, forcing shutdown...\");\r\n        process.exit(1);\r\n    },3000);\r\n}\r\n\r\nexport function shutdown(): void {\r\n    console.log(\"Server closing\")\r\n    if(server) {\r\n        server.close((err:any)=>{\r\n            if(err) {\r\n                console.log(err.message);\r\n            }\r\n        })\r\n    }\r\n    if (db) {\r\n    db.removeAllListeners();\r\n    db.end((err:any)=>{\r\n            if(err) {\r\n                db.removeAllListeners();\r\n                console.log(err.message);\r\n            }\r\n        })\r\n    }\r\n    forceShutdown();\r\n}\r\n\r\nprocess.on('SIGINT',()=>{\r\n    console.info('Sigint received')\r\n    shutdown();\r\n});\r\n\r\nprocess.on('SIGTERM',()=>{\r\n    console.info('Sigterm received')\r\n    shutdown();\r\n});\r\n"]},"_coverageSchema":"1a1c01bbd47fc00a2c39e90264f33305004495a9","hash":"e0ca678d6a29fef1061d9b470829f6ec16402870","contentHash":"537117827e296850c086871b4d985302a1c00e0832b912982a222669b07031cd"},"C:\\Users\\tp2107067\\Projects\\node_shop\\server\\api.ts":{"path":"C:\\Users\\tp2107067\\Projects\\node_shop\\server\\api.ts","statementMap":{"0":{"start":{"line":2,"column":22},"end":{"line":8,"column":3}},"1":{"start":{"line":3,"column":4},"end":{"line":3,"column":33}},"2":{"start":{"line":3,"column":26},"end":{"line":3,"column":33}},"3":{"start":{"line":4,"column":4},"end":{"line":4,"column":89}},"4":{"start":{"line":4,"column":71},"end":{"line":4,"column":83}},"5":{"start":{"line":6,"column":4},"end":{"line":6,"column":33}},"6":{"start":{"line":6,"column":26},"end":{"line":6,"column":33}},"7":{"start":{"line":7,"column":4},"end":{"line":7,"column":17}},"8":{"start":{"line":9,"column":25},"end":{"line":13,"column":2}},"9":{"start":{"line":10,"column":4},"end":{"line":10,"column":72}},"10":{"start":{"line":12,"column":4},"end":{"line":12,"column":21}},"11":{"start":{"line":14,"column":17},"end":{"line":19,"column":1}},"12":{"start":{"line":15,"column":12},"end":{"line":15,"column":28}},"13":{"start":{"line":15,"column":34},"end":{"line":15,"column":125}},"14":{"start":{"line":16,"column":4},"end":{"line":17,"column":150}},"15":{"start":{"line":16,"column":79},"end":{"line":16,"column":131}},"16":{"start":{"line":17,"column":9},"end":{"line":17,"column":150}},"17":{"start":{"line":17,"column":22},"end":{"line":17,"column":43}},"18":{"start":{"line":17,"column":58},"end":{"line":17,"column":150}},"19":{"start":{"line":17,"column":81},"end":{"line":17,"column":150}},"20":{"start":{"line":18,"column":4},"end":{"line":18,"column":66}},"21":{"start":{"line":20,"column":19},"end":{"line":26,"column":1}},"22":{"start":{"line":21,"column":4},"end":{"line":21,"column":42}},"23":{"start":{"line":21,"column":31},"end":{"line":21,"column":42}},"24":{"start":{"line":22,"column":17},"end":{"line":22,"column":19}},"25":{"start":{"line":23,"column":4},"end":{"line":23,"column":141}},"26":{"start":{"line":23,"column":21},"end":{"line":23,"column":141}},"27":{"start":{"line":23,"column":40},"end":{"line":23,"column":141}},"28":{"start":{"line":23,"column":109},"end":{"line":23,"column":141}},"29":{"start":{"line":24,"column":4},"end":{"line":24,"column":36}},"30":{"start":{"line":25,"column":4},"end":{"line":25,"column":18}},"31":{"start":{"line":27,"column":17},"end":{"line":29,"column":1}},"32":{"start":{"line":28,"column":4},"end":{"line":28,"column":109}},"33":{"start":{"line":28,"column":79},"end":{"line":28,"column":109}},"34":{"start":{"line":30,"column":22},"end":{"line":32,"column":1}},"35":{"start":{"line":31,"column":4},"end":{"line":31,"column":62}},"36":{"start":{"line":33,"column":0},"end":{"line":33,"column":62}},"37":{"start":{"line":34,"column":0},"end":{"line":34,"column":128}},"38":{"start":{"line":35,"column":17},"end":{"line":35,"column":36}},"39":{"start":{"line":36,"column":15},"end":{"line":36,"column":32}},"40":{"start":{"line":37,"column":21},"end":{"line":37,"column":44}},"41":{"start":{"line":38,"column":15},"end":{"line":38,"column":32}},"42":{"start":{"line":39,"column":12},"end":{"line":39,"column":49}},"43":{"start":{"line":40,"column":26},"end":{"line":40,"column":84}},"44":{"start":{"line":41,"column":0},"end":{"line":41,"column":36}},"45":{"start":{"line":42,"column":17},"end":{"line":46,"column":2}},"46":{"start":{"line":48,"column":4},"end":{"line":52,"column":5}},"47":{"start":{"line":49,"column":8},"end":{"line":49,"column":33}},"48":{"start":{"line":50,"column":8},"end":{"line":50,"column":23}},"49":{"start":{"line":51,"column":8},"end":{"line":51,"column":17}},"50":{"start":{"line":54,"column":0},"end":{"line":54,"column":34}},"51":{"start":{"line":56,"column":4},"end":{"line":56,"column":26}},"52":{"start":{"line":57,"column":12},"end":{"line":57,"column":37}},"53":{"start":{"line":58,"column":4},"end":{"line":74,"column":7}},"54":{"start":{"line":59,"column":8},"end":{"line":62,"column":9}},"55":{"start":{"line":60,"column":12},"end":{"line":60,"column":39}},"56":{"start":{"line":61,"column":12},"end":{"line":61,"column":19}},"57":{"start":{"line":63,"column":8},"end":{"line":73,"column":11}},"58":{"start":{"line":64,"column":12},"end":{"line":67,"column":13}},"59":{"start":{"line":65,"column":16},"end":{"line":65,"column":43}},"60":{"start":{"line":66,"column":16},"end":{"line":66,"column":23}},"61":{"start":{"line":68,"column":12},"end":{"line":68,"column":32}},"62":{"start":{"line":69,"column":12},"end":{"line":69,"column":61}},"63":{"start":{"line":70,"column":12},"end":{"line":70,"column":45}},"64":{"start":{"line":71,"column":12},"end":{"line":71,"column":27}},"65":{"start":{"line":72,"column":12},"end":{"line":72,"column":21}},"66":{"start":{"line":76,"column":0},"end":{"line":76,"column":46}},"67":{"start":{"line":78,"column":4},"end":{"line":94,"column":7}},"68":{"start":{"line":79,"column":8},"end":{"line":82,"column":9}},"69":{"start":{"line":80,"column":12},"end":{"line":80,"column":39}},"70":{"start":{"line":81,"column":12},"end":{"line":81,"column":19}},"71":{"start":{"line":83,"column":8},"end":{"line":93,"column":11}},"72":{"start":{"line":84,"column":12},"end":{"line":87,"column":13}},"73":{"start":{"line":85,"column":16},"end":{"line":85,"column":43}},"74":{"start":{"line":86,"column":16},"end":{"line":86,"column":23}},"75":{"start":{"line":88,"column":12},"end":{"line":88,"column":32}},"76":{"start":{"line":89,"column":12},"end":{"line":89,"column":61}},"77":{"start":{"line":90,"column":12},"end":{"line":90,"column":45}},"78":{"start":{"line":91,"column":12},"end":{"line":91,"column":27}},"79":{"start":{"line":92,"column":12},"end":{"line":92,"column":21}},"80":{"start":{"line":96,"column":0},"end":{"line":96,"column":42}},"81":{"start":{"line":98,"column":4},"end":{"line":113,"column":5}},"82":{"start":{"line":99,"column":8},"end":{"line":104,"column":9}},"83":{"start":{"line":100,"column":12},"end":{"line":100,"column":43}},"84":{"start":{"line":101,"column":12},"end":{"line":101,"column":45}},"85":{"start":{"line":102,"column":12},"end":{"line":102,"column":21}},"86":{"start":{"line":103,"column":12},"end":{"line":103,"column":25}},"87":{"start":{"line":105,"column":8},"end":{"line":105,"column":20}},"88":{"start":{"line":108,"column":8},"end":{"line":108,"column":23}},"89":{"start":{"line":109,"column":8},"end":{"line":109,"column":39}},"90":{"start":{"line":110,"column":8},"end":{"line":110,"column":41}},"91":{"start":{"line":111,"column":8},"end":{"line":111,"column":17}},"92":{"start":{"line":112,"column":8},"end":{"line":112,"column":21}},"93":{"start":{"line":115,"column":0},"end":{"line":115,"column":24}},"94":{"start":{"line":117,"column":17},"end":{"line":120,"column":5}},"95":{"start":{"line":121,"column":4},"end":{"line":137,"column":7}},"96":{"start":{"line":122,"column":8},"end":{"line":125,"column":9}},"97":{"start":{"line":123,"column":12},"end":{"line":123,"column":39}},"98":{"start":{"line":124,"column":12},"end":{"line":124,"column":19}},"99":{"start":{"line":126,"column":8},"end":{"line":135,"column":11}},"100":{"start":{"line":127,"column":12},"end":{"line":130,"column":13}},"101":{"start":{"line":128,"column":16},"end":{"line":128,"column":43}},"102":{"start":{"line":129,"column":16},"end":{"line":129,"column":23}},"103":{"start":{"line":131,"column":12},"end":{"line":131,"column":32}},"104":{"start":{"line":132,"column":12},"end":{"line":132,"column":61}},"105":{"start":{"line":133,"column":12},"end":{"line":133,"column":57}},"106":{"start":{"line":134,"column":12},"end":{"line":134,"column":21}},"107":{"start":{"line":136,"column":8},"end":{"line":136,"column":23}},"108":{"start":{"line":143,"column":8},"end":{"line":143,"column":44}},"109":{"start":{"line":146,"column":8},"end":{"line":148,"column":9}},"110":{"start":{"line":147,"column":12},"end":{"line":147,"column":19}},"111":{"start":{"line":149,"column":8},"end":{"line":149,"column":45}},"112":{"start":{"line":152,"column":8},"end":{"line":152,"column":42}},"113":{"start":{"line":153,"column":8},"end":{"line":153,"column":44}},"114":{"start":{"line":154,"column":8},"end":{"line":154,"column":17}},"115":{"start":{"line":165,"column":8},"end":{"line":165,"column":51}},"116":{"start":{"line":168,"column":8},"end":{"line":170,"column":9}},"117":{"start":{"line":169,"column":12},"end":{"line":169,"column":19}},"118":{"start":{"line":171,"column":8},"end":{"line":171,"column":51}},"119":{"start":{"line":174,"column":8},"end":{"line":176,"column":9}},"120":{"start":{"line":175,"column":12},"end":{"line":175,"column":19}},"121":{"start":{"line":177,"column":8},"end":{"line":177,"column":44}},"122":{"start":{"line":180,"column":8},"end":{"line":182,"column":9}},"123":{"start":{"line":181,"column":12},"end":{"line":181,"column":19}},"124":{"start":{"line":183,"column":8},"end":{"line":183,"column":51}},"125":{"start":{"line":186,"column":8},"end":{"line":188,"column":9}},"126":{"start":{"line":187,"column":12},"end":{"line":187,"column":19}},"127":{"start":{"line":189,"column":8},"end":{"line":189,"column":52}},"128":{"start":{"line":192,"column":8},"end":{"line":194,"column":9}},"129":{"start":{"line":193,"column":12},"end":{"line":193,"column":19}},"130":{"start":{"line":195,"column":8},"end":{"line":195,"column":52}},"131":{"start":{"line":198,"column":16},"end":{"line":198,"column":54}},"132":{"start":{"line":199,"column":8},"end":{"line":201,"column":9}},"133":{"start":{"line":200,"column":12},"end":{"line":200,"column":19}},"134":{"start":{"line":202,"column":8},"end":{"line":212,"column":11}},"135":{"start":{"line":203,"column":12},"end":{"line":210,"column":15}},"136":{"start":{"line":204,"column":16},"end":{"line":207,"column":17}},"137":{"start":{"line":205,"column":20},"end":{"line":205,"column":47}},"138":{"start":{"line":206,"column":20},"end":{"line":206,"column":27}},"139":{"start":{"line":208,"column":16},"end":{"line":208,"column":49}},"140":{"start":{"line":209,"column":16},"end":{"line":209,"column":25}},"141":{"start":{"line":211,"column":12},"end":{"line":211,"column":27}},"142":{"start":{"line":215,"column":8},"end":{"line":215,"column":28}},"143":{"start":{"line":216,"column":8},"end":{"line":218,"column":9}},"144":{"start":{"line":217,"column":12},"end":{"line":217,"column":19}},"145":{"start":{"line":219,"column":8},"end":{"line":235,"column":11}},"146":{"start":{"line":220,"column":12},"end":{"line":223,"column":13}},"147":{"start":{"line":221,"column":16},"end":{"line":221,"column":43}},"148":{"start":{"line":222,"column":16},"end":{"line":222,"column":23}},"149":{"start":{"line":224,"column":12},"end":{"line":233,"column":15}},"150":{"start":{"line":225,"column":16},"end":{"line":228,"column":17}},"151":{"start":{"line":226,"column":20},"end":{"line":226,"column":47}},"152":{"start":{"line":227,"column":20},"end":{"line":227,"column":27}},"153":{"start":{"line":229,"column":16},"end":{"line":229,"column":36}},"154":{"start":{"line":230,"column":16},"end":{"line":230,"column":65}},"155":{"start":{"line":231,"column":16},"end":{"line":231,"column":49}},"156":{"start":{"line":232,"column":16},"end":{"line":232,"column":25}},"157":{"start":{"line":234,"column":12},"end":{"line":234,"column":27}},"158":{"start":{"line":238,"column":8},"end":{"line":295,"column":11}},"159":{"start":{"line":239,"column":12},"end":{"line":239,"column":39}},"160":{"start":{"line":240,"column":12},"end":{"line":293,"column":15}},"161":{"start":{"line":241,"column":16},"end":{"line":244,"column":17}},"162":{"start":{"line":242,"column":20},"end":{"line":242,"column":47}},"163":{"start":{"line":243,"column":20},"end":{"line":243,"column":27}},"164":{"start":{"line":245,"column":16},"end":{"line":288,"column":17}},"165":{"start":{"line":246,"column":20},"end":{"line":284,"column":23}},"166":{"start":{"line":247,"column":24},"end":{"line":250,"column":25}},"167":{"start":{"line":248,"column":28},"end":{"line":248,"column":66}},"168":{"start":{"line":249,"column":28},"end":{"line":249,"column":35}},"169":{"start":{"line":251,"column":24},"end":{"line":253,"column":25}},"170":{"start":{"line":252,"column":28},"end":{"line":252,"column":88}},"171":{"start":{"line":254,"column":24},"end":{"line":283,"column":27}},"172":{"start":{"line":255,"column":28},"end":{"line":258,"column":29}},"173":{"start":{"line":256,"column":32},"end":{"line":256,"column":65}},"174":{"start":{"line":257,"column":32},"end":{"line":257,"column":39}},"175":{"start":{"line":259,"column":28},"end":{"line":259,"column":48}},"176":{"start":{"line":260,"column":42},"end":{"line":260,"column":68}},"177":{"start":{"line":261,"column":40},"end":{"line":261,"column":42}},"178":{"start":{"line":262,"column":28},"end":{"line":265,"column":29}},"179":{"start":{"line":262,"column":41},"end":{"line":262,"column":42}},"180":{"start":{"line":263,"column":32},"end":{"line":264,"column":141}},"181":{"start":{"line":266,"column":28},"end":{"line":282,"column":31}},"182":{"start":{"line":277,"column":32},"end":{"line":279,"column":33}},"183":{"start":{"line":278,"column":36},"end":{"line":278,"column":68}},"184":{"start":{"line":280,"column":32},"end":{"line":280,"column":50}},"185":{"start":{"line":281,"column":32},"end":{"line":281,"column":50}},"186":{"start":{"line":287,"column":20},"end":{"line":287,"column":43}},"187":{"start":{"line":289,"column":16},"end":{"line":289,"column":36}},"188":{"start":{"line":290,"column":16},"end":{"line":290,"column":65}},"189":{"start":{"line":291,"column":16},"end":{"line":291,"column":49}},"190":{"start":{"line":292,"column":16},"end":{"line":292,"column":25}},"191":{"start":{"line":294,"column":12},"end":{"line":294,"column":27}},"192":{"start":{"line":298,"column":8},"end":{"line":298,"column":28}},"193":{"start":{"line":299,"column":8},"end":{"line":315,"column":11}},"194":{"start":{"line":300,"column":12},"end":{"line":303,"column":13}},"195":{"start":{"line":301,"column":16},"end":{"line":301,"column":43}},"196":{"start":{"line":302,"column":16},"end":{"line":302,"column":23}},"197":{"start":{"line":304,"column":12},"end":{"line":313,"column":15}},"198":{"start":{"line":305,"column":16},"end":{"line":308,"column":17}},"199":{"start":{"line":306,"column":20},"end":{"line":306,"column":47}},"200":{"start":{"line":307,"column":20},"end":{"line":307,"column":27}},"201":{"start":{"line":309,"column":16},"end":{"line":309,"column":36}},"202":{"start":{"line":310,"column":16},"end":{"line":310,"column":65}},"203":{"start":{"line":311,"column":16},"end":{"line":311,"column":49}},"204":{"start":{"line":312,"column":16},"end":{"line":312,"column":25}},"205":{"start":{"line":314,"column":12},"end":{"line":314,"column":27}},"206":{"start":{"line":318,"column":8},"end":{"line":318,"column":28}},"207":{"start":{"line":319,"column":8},"end":{"line":346,"column":11}},"208":{"start":{"line":320,"column":12},"end":{"line":325,"column":13}},"209":{"start":{"line":321,"column":16},"end":{"line":321,"column":33}},"210":{"start":{"line":322,"column":16},"end":{"line":322,"column":108}},"211":{"start":{"line":323,"column":16},"end":{"line":323,"column":25}},"212":{"start":{"line":324,"column":16},"end":{"line":324,"column":23}},"213":{"start":{"line":326,"column":12},"end":{"line":326,"column":74}},"214":{"start":{"line":327,"column":12},"end":{"line":345,"column":15}},"215":{"start":{"line":328,"column":16},"end":{"line":333,"column":17}},"216":{"start":{"line":329,"column":20},"end":{"line":329,"column":67}},"217":{"start":{"line":330,"column":20},"end":{"line":330,"column":51}},"218":{"start":{"line":331,"column":20},"end":{"line":331,"column":29}},"219":{"start":{"line":332,"column":20},"end":{"line":332,"column":27}},"220":{"start":{"line":334,"column":16},"end":{"line":343,"column":17}},"221":{"start":{"line":335,"column":32},"end":{"line":335,"column":100}},"222":{"start":{"line":336,"column":20},"end":{"line":336,"column":69}},"223":{"start":{"line":337,"column":20},"end":{"line":337,"column":71}},"224":{"start":{"line":338,"column":20},"end":{"line":338,"column":29}},"225":{"start":{"line":341,"column":20},"end":{"line":341,"column":51}},"226":{"start":{"line":342,"column":20},"end":{"line":342,"column":29}},"227":{"start":{"line":344,"column":16},"end":{"line":344,"column":31}},"228":{"start":{"line":349,"column":8},"end":{"line":349,"column":28}},"229":{"start":{"line":350,"column":8},"end":{"line":372,"column":11}},"230":{"start":{"line":351,"column":12},"end":{"line":356,"column":13}},"231":{"start":{"line":352,"column":16},"end":{"line":352,"column":33}},"232":{"start":{"line":353,"column":16},"end":{"line":353,"column":109}},"233":{"start":{"line":354,"column":16},"end":{"line":354,"column":25}},"234":{"start":{"line":355,"column":16},"end":{"line":355,"column":23}},"235":{"start":{"line":358,"column":12},"end":{"line":358,"column":82}},"236":{"start":{"line":359,"column":12},"end":{"line":371,"column":15}},"237":{"start":{"line":360,"column":16},"end":{"line":365,"column":17}},"238":{"start":{"line":361,"column":20},"end":{"line":361,"column":37}},"239":{"start":{"line":362,"column":20},"end":{"line":362,"column":51}},"240":{"start":{"line":363,"column":20},"end":{"line":363,"column":29}},"241":{"start":{"line":364,"column":20},"end":{"line":364,"column":27}},"242":{"start":{"line":366,"column":16},"end":{"line":366,"column":36}},"243":{"start":{"line":367,"column":16},"end":{"line":367,"column":65}},"244":{"start":{"line":368,"column":16},"end":{"line":368,"column":49}},"245":{"start":{"line":369,"column":16},"end":{"line":369,"column":31}},"246":{"start":{"line":370,"column":16},"end":{"line":370,"column":25}},"247":{"start":{"line":375,"column":8},"end":{"line":377,"column":9}},"248":{"start":{"line":376,"column":12},"end":{"line":376,"column":19}},"249":{"start":{"line":378,"column":8},"end":{"line":378,"column":23}},"250":{"start":{"line":379,"column":8},"end":{"line":379,"column":58}},"251":{"start":{"line":382,"column":8},"end":{"line":392,"column":9}},"252":{"start":{"line":383,"column":12},"end":{"line":383,"column":32}},"253":{"start":{"line":384,"column":12},"end":{"line":391,"column":13}},"254":{"start":{"line":385,"column":16},"end":{"line":385,"column":109}},"255":{"start":{"line":386,"column":28},"end":{"line":386,"column":113}},"256":{"start":{"line":387,"column":16},"end":{"line":387,"column":40}},"257":{"start":{"line":390,"column":16},"end":{"line":390,"column":57}},"258":{"start":{"line":395,"column":8},"end":{"line":397,"column":9}},"259":{"start":{"line":396,"column":12},"end":{"line":396,"column":19}},"260":{"start":{"line":398,"column":8},"end":{"line":398,"column":54}},"261":{"start":{"line":399,"column":8},"end":{"line":399,"column":17}},"262":{"start":{"line":402,"column":0},"end":{"line":407,"column":36}},"263":{"start":{"line":408,"column":0},"end":{"line":413,"column":37}},"264":{"start":{"line":414,"column":0},"end":{"line":419,"column":33}},"265":{"start":{"line":420,"column":0},"end":{"line":425,"column":35}},"266":{"start":{"line":426,"column":0},"end":{"line":431,"column":35}},"267":{"start":{"line":432,"column":0},"end":{"line":437,"column":36}},"268":{"start":{"line":438,"column":0},"end":{"line":443,"column":38}},"269":{"start":{"line":444,"column":0},"end":{"line":449,"column":36}},"270":{"start":{"line":450,"column":0},"end":{"line":455,"column":39}},"271":{"start":{"line":456,"column":0},"end":{"line":461,"column":36}},"272":{"start":{"line":462,"column":0},"end":{"line":467,"column":37}},"273":{"start":{"line":468,"column":0},"end":{"line":473,"column":37}},"274":{"start":{"line":474,"column":0},"end":{"line":479,"column":38}},"275":{"start":{"line":480,"column":0},"end":{"line":485,"column":33}},"276":{"start":{"line":486,"column":0},"end":{"line":491,"column":36}},"277":{"start":{"line":492,"column":0},"end":{"line":498,"column":40}},"278":{"start":{"line":499,"column":0},"end":{"line":505,"column":42}},"279":{"start":{"line":506,"column":0},"end":{"line":511,"column":34}},"280":{"start":{"line":512,"column":0},"end":{"line":512,"column":18}}},"fnMap":{"0":{"name":"(anonymous_0)","decl":{"start":{"line":2,"column":74},"end":{"line":2,"column":75}},"loc":{"start":{"line":2,"column":96},"end":{"line":5,"column":1}},"line":2},"1":{"name":"(anonymous_1)","decl":{"start":{"line":4,"column":58},"end":{"line":4,"column":59}},"loc":{"start":{"line":4,"column":69},"end":{"line":4,"column":85}},"line":4},"2":{"name":"(anonymous_2)","decl":{"start":{"line":5,"column":6},"end":{"line":5,"column":7}},"loc":{"start":{"line":5,"column":28},"end":{"line":8,"column":1}},"line":5},"3":{"name":"(anonymous_3)","decl":{"start":{"line":9,"column":80},"end":{"line":9,"column":81}},"loc":{"start":{"line":9,"column":95},"end":{"line":11,"column":1}},"line":9},"4":{"name":"(anonymous_4)","decl":{"start":{"line":11,"column":5},"end":{"line":11,"column":6}},"loc":{"start":{"line":11,"column":20},"end":{"line":13,"column":1}},"line":11},"5":{"name":"(anonymous_5)","decl":{"start":{"line":14,"column":46},"end":{"line":14,"column":47}},"loc":{"start":{"line":14,"column":87},"end":{"line":19,"column":1}},"line":14},"6":{"name":"(anonymous_6)","decl":{"start":{"line":20,"column":50},"end":{"line":20,"column":51}},"loc":{"start":{"line":20,"column":65},"end":{"line":26,"column":1}},"line":20},"7":{"name":"(anonymous_7)","decl":{"start":{"line":27,"column":46},"end":{"line":27,"column":47}},"loc":{"start":{"line":27,"column":62},"end":{"line":29,"column":1}},"line":27},"8":{"name":"(anonymous_8)","decl":{"start":{"line":30,"column":56},"end":{"line":30,"column":57}},"loc":{"start":{"line":30,"column":71},"end":{"line":32,"column":1}},"line":30},"9":{"name":"handleError","decl":{"start":{"line":47,"column":9},"end":{"line":47,"column":20}},"loc":{"start":{"line":47,"column":36},"end":{"line":53,"column":1}},"line":47},"10":{"name":"handleUrlParamReq","decl":{"start":{"line":55,"column":9},"end":{"line":55,"column":26}},"loc":{"start":{"line":55,"column":55},"end":{"line":75,"column":1}},"line":55},"11":{"name":"(anonymous_11)","decl":{"start":{"line":58,"column":28},"end":{"line":58,"column":29}},"loc":{"start":{"line":58,"column":43},"end":{"line":74,"column":5}},"line":58},"12":{"name":"(anonymous_12)","decl":{"start":{"line":63,"column":71},"end":{"line":63,"column":72}},"loc":{"start":{"line":63,"column":96},"end":{"line":73,"column":9}},"line":63},"13":{"name":"handleSelectAll","decl":{"start":{"line":77,"column":9},"end":{"line":77,"column":24}},"loc":{"start":{"line":77,"column":42},"end":{"line":95,"column":1}},"line":77},"14":{"name":"(anonymous_14)","decl":{"start":{"line":78,"column":28},"end":{"line":78,"column":29}},"loc":{"start":{"line":78,"column":43},"end":{"line":94,"column":5}},"line":78},"15":{"name":"(anonymous_15)","decl":{"start":{"line":83,"column":66},"end":{"line":83,"column":67}},"loc":{"start":{"line":83,"column":91},"end":{"line":93,"column":9}},"line":83},"16":{"name":"verify","decl":{"start":{"line":97,"column":9},"end":{"line":97,"column":15}},"loc":{"start":{"line":97,"column":23},"end":{"line":114,"column":1}},"line":97},"17":{"name":"insertImage","decl":{"start":{"line":116,"column":9},"end":{"line":116,"column":20}},"loc":{"start":{"line":116,"column":33},"end":{"line":138,"column":1}},"line":116},"18":{"name":"(anonymous_18)","decl":{"start":{"line":121,"column":28},"end":{"line":121,"column":29}},"loc":{"start":{"line":121,"column":43},"end":{"line":137,"column":5}},"line":121},"19":{"name":"(anonymous_19)","decl":{"start":{"line":126,"column":70},"end":{"line":126,"column":71}},"loc":{"start":{"line":126,"column":95},"end":{"line":135,"column":9}},"line":126},"20":{"name":"(anonymous_20)","decl":{"start":{"line":140,"column":4},"end":{"line":140,"column":5}},"loc":{"start":{"line":140,"column":18},"end":{"line":141,"column":5}},"line":140},"21":{"name":"(anonymous_21)","decl":{"start":{"line":142,"column":4},"end":{"line":142,"column":5}},"loc":{"start":{"line":142,"column":26},"end":{"line":144,"column":5}},"line":142},"22":{"name":"(anonymous_22)","decl":{"start":{"line":145,"column":4},"end":{"line":145,"column":5}},"loc":{"start":{"line":145,"column":27},"end":{"line":150,"column":5}},"line":145},"23":{"name":"(anonymous_23)","decl":{"start":{"line":151,"column":4},"end":{"line":151,"column":5}},"loc":{"start":{"line":151,"column":23},"end":{"line":155,"column":5}},"line":151},"24":{"name":"(anonymous_24)","decl":{"start":{"line":164,"column":4},"end":{"line":164,"column":5}},"loc":{"start":{"line":164,"column":25},"end":{"line":166,"column":5}},"line":164},"25":{"name":"(anonymous_25)","decl":{"start":{"line":167,"column":4},"end":{"line":167,"column":5}},"loc":{"start":{"line":167,"column":25},"end":{"line":172,"column":5}},"line":167},"26":{"name":"(anonymous_26)","decl":{"start":{"line":173,"column":4},"end":{"line":173,"column":5}},"loc":{"start":{"line":173,"column":26},"end":{"line":178,"column":5}},"line":173},"27":{"name":"(anonymous_27)","decl":{"start":{"line":179,"column":4},"end":{"line":179,"column":5}},"loc":{"start":{"line":179,"column":28},"end":{"line":184,"column":5}},"line":179},"28":{"name":"(anonymous_28)","decl":{"start":{"line":185,"column":4},"end":{"line":185,"column":5}},"loc":{"start":{"line":185,"column":26},"end":{"line":190,"column":5}},"line":185},"29":{"name":"(anonymous_29)","decl":{"start":{"line":191,"column":4},"end":{"line":191,"column":5}},"loc":{"start":{"line":191,"column":29},"end":{"line":196,"column":5}},"line":191},"30":{"name":"(anonymous_30)","decl":{"start":{"line":197,"column":4},"end":{"line":197,"column":5}},"loc":{"start":{"line":197,"column":26},"end":{"line":213,"column":5}},"line":197},"31":{"name":"(anonymous_31)","decl":{"start":{"line":202,"column":32},"end":{"line":202,"column":33}},"loc":{"start":{"line":202,"column":47},"end":{"line":212,"column":9}},"line":202},"32":{"name":"(anonymous_32)","decl":{"start":{"line":203,"column":34},"end":{"line":203,"column":35}},"loc":{"start":{"line":203,"column":59},"end":{"line":210,"column":13}},"line":203},"33":{"name":"(anonymous_33)","decl":{"start":{"line":214,"column":4},"end":{"line":214,"column":5}},"loc":{"start":{"line":214,"column":27},"end":{"line":236,"column":5}},"line":214},"34":{"name":"(anonymous_34)","decl":{"start":{"line":219,"column":32},"end":{"line":219,"column":33}},"loc":{"start":{"line":219,"column":47},"end":{"line":235,"column":9}},"line":219},"35":{"name":"(anonymous_35)","decl":{"start":{"line":224,"column":71},"end":{"line":224,"column":72}},"loc":{"start":{"line":224,"column":96},"end":{"line":233,"column":13}},"line":224},"36":{"name":"(anonymous_36)","decl":{"start":{"line":237,"column":4},"end":{"line":237,"column":5}},"loc":{"start":{"line":237,"column":27},"end":{"line":296,"column":5}},"line":237},"37":{"name":"(anonymous_37)","decl":{"start":{"line":238,"column":32},"end":{"line":238,"column":33}},"loc":{"start":{"line":238,"column":47},"end":{"line":295,"column":9}},"line":238},"38":{"name":"(anonymous_38)","decl":{"start":{"line":240,"column":72},"end":{"line":240,"column":73}},"loc":{"start":{"line":240,"column":97},"end":{"line":293,"column":13}},"line":240},"39":{"name":"(anonymous_39)","decl":{"start":{"line":246,"column":39},"end":{"line":246,"column":40}},"loc":{"start":{"line":246,"column":48},"end":{"line":284,"column":21}},"line":246},"40":{"name":"(anonymous_40)","decl":{"start":{"line":254,"column":120},"end":{"line":254,"column":121}},"loc":{"start":{"line":254,"column":129},"end":{"line":283,"column":25}},"line":254},"41":{"name":"(anonymous_41)","decl":{"start":{"line":276,"column":27},"end":{"line":276,"column":28}},"loc":{"start":{"line":276,"column":42},"end":{"line":282,"column":29}},"line":276},"42":{"name":"(anonymous_42)","decl":{"start":{"line":297,"column":4},"end":{"line":297,"column":5}},"loc":{"start":{"line":297,"column":28},"end":{"line":316,"column":5}},"line":297},"43":{"name":"(anonymous_43)","decl":{"start":{"line":299,"column":32},"end":{"line":299,"column":33}},"loc":{"start":{"line":299,"column":47},"end":{"line":315,"column":9}},"line":299},"44":{"name":"(anonymous_44)","decl":{"start":{"line":304,"column":76},"end":{"line":304,"column":77}},"loc":{"start":{"line":304,"column":101},"end":{"line":313,"column":13}},"line":304},"45":{"name":"(anonymous_45)","decl":{"start":{"line":317,"column":4},"end":{"line":317,"column":5}},"loc":{"start":{"line":317,"column":23},"end":{"line":347,"column":5}},"line":317},"46":{"name":"(anonymous_46)","decl":{"start":{"line":319,"column":32},"end":{"line":319,"column":33}},"loc":{"start":{"line":319,"column":47},"end":{"line":346,"column":9}},"line":319},"47":{"name":"(anonymous_47)","decl":{"start":{"line":327,"column":78},"end":{"line":327,"column":79}},"loc":{"start":{"line":327,"column":103},"end":{"line":345,"column":13}},"line":327},"48":{"name":"(anonymous_48)","decl":{"start":{"line":348,"column":4},"end":{"line":348,"column":5}},"loc":{"start":{"line":348,"column":26},"end":{"line":373,"column":5}},"line":348},"49":{"name":"(anonymous_49)","decl":{"start":{"line":350,"column":32},"end":{"line":350,"column":33}},"loc":{"start":{"line":350,"column":47},"end":{"line":372,"column":9}},"line":350},"50":{"name":"(anonymous_50)","decl":{"start":{"line":359,"column":124},"end":{"line":359,"column":125}},"loc":{"start":{"line":359,"column":149},"end":{"line":371,"column":13}},"line":359},"51":{"name":"(anonymous_51)","decl":{"start":{"line":374,"column":4},"end":{"line":374,"column":5}},"loc":{"start":{"line":374,"column":30},"end":{"line":380,"column":5}},"line":374},"52":{"name":"(anonymous_52)","decl":{"start":{"line":381,"column":4},"end":{"line":381,"column":5}},"loc":{"start":{"line":381,"column":32},"end":{"line":393,"column":5}},"line":381},"53":{"name":"(anonymous_53)","decl":{"start":{"line":394,"column":4},"end":{"line":394,"column":5}},"loc":{"start":{"line":394,"column":24},"end":{"line":400,"column":5}},"line":394}},"branchMap":{"0":{"loc":{"start":{"line":2,"column":22},"end":{"line":8,"column":3}},"type":"binary-expr","locations":[{"start":{"line":2,"column":23},"end":{"line":2,"column":27}},{"start":{"line":2,"column":31},"end":{"line":2,"column":51}},{"start":{"line":2,"column":57},"end":{"line":8,"column":2}}],"line":2},"1":{"loc":{"start":{"line":2,"column":57},"end":{"line":8,"column":2}},"type":"cond-expr","locations":[{"start":{"line":2,"column":74},"end":{"line":5,"column":1}},{"start":{"line":5,"column":6},"end":{"line":8,"column":1}}],"line":2},"2":{"loc":{"start":{"line":3,"column":4},"end":{"line":3,"column":33}},"type":"if","locations":[{"start":{"line":3,"column":4},"end":{"line":3,"column":33}},{"start":{"line":3,"column":4},"end":{"line":3,"column":33}}],"line":3},"3":{"loc":{"start":{"line":6,"column":4},"end":{"line":6,"column":33}},"type":"if","locations":[{"start":{"line":6,"column":4},"end":{"line":6,"column":33}},{"start":{"line":6,"column":4},"end":{"line":6,"column":33}}],"line":6},"4":{"loc":{"start":{"line":9,"column":25},"end":{"line":13,"column":2}},"type":"binary-expr","locations":[{"start":{"line":9,"column":26},"end":{"line":9,"column":30}},{"start":{"line":9,"column":34},"end":{"line":9,"column":57}},{"start":{"line":9,"column":63},"end":{"line":13,"column":1}}],"line":9},"5":{"loc":{"start":{"line":9,"column":63},"end":{"line":13,"column":1}},"type":"cond-expr","locations":[{"start":{"line":9,"column":80},"end":{"line":11,"column":1}},{"start":{"line":11,"column":5},"end":{"line":13,"column":1}}],"line":9},"6":{"loc":{"start":{"line":14,"column":17},"end":{"line":19,"column":1}},"type":"binary-expr","locations":[{"start":{"line":14,"column":18},"end":{"line":14,"column":22}},{"start":{"line":14,"column":26},"end":{"line":14,"column":41}},{"start":{"line":14,"column":46},"end":{"line":19,"column":1}}],"line":14},"7":{"loc":{"start":{"line":15,"column":34},"end":{"line":15,"column":125}},"type":"cond-expr","locations":[{"start":{"line":15,"column":42},"end":{"line":15,"column":48}},{"start":{"line":15,"column":51},"end":{"line":15,"column":125}}],"line":15},"8":{"loc":{"start":{"line":15,"column":51},"end":{"line":15,"column":125}},"type":"cond-expr","locations":[{"start":{"line":15,"column":67},"end":{"line":15,"column":118}},{"start":{"line":15,"column":121},"end":{"line":15,"column":125}}],"line":15},"9":{"loc":{"start":{"line":16,"column":4},"end":{"line":17,"column":150}},"type":"if","locations":[{"start":{"line":16,"column":4},"end":{"line":17,"column":150}},{"start":{"line":16,"column":4},"end":{"line":17,"column":150}}],"line":16},"10":{"loc":{"start":{"line":16,"column":8},"end":{"line":16,"column":77}},"type":"binary-expr","locations":[{"start":{"line":16,"column":8},"end":{"line":16,"column":35}},{"start":{"line":16,"column":39},"end":{"line":16,"column":77}}],"line":16},"11":{"loc":{"start":{"line":17,"column":58},"end":{"line":17,"column":150}},"type":"if","locations":[{"start":{"line":17,"column":58},"end":{"line":17,"column":150}},{"start":{"line":17,"column":58},"end":{"line":17,"column":150}}],"line":17},"12":{"loc":{"start":{"line":17,"column":85},"end":{"line":17,"column":149}},"type":"binary-expr","locations":[{"start":{"line":17,"column":86},"end":{"line":17,"column":143}},{"start":{"line":17,"column":148},"end":{"line":17,"column":149}}],"line":17},"13":{"loc":{"start":{"line":17,"column":86},"end":{"line":17,"column":143}},"type":"cond-expr","locations":[{"start":{"line":17,"column":94},"end":{"line":17,"column":98}},{"start":{"line":17,"column":101},"end":{"line":17,"column":143}}],"line":17},"14":{"loc":{"start":{"line":17,"column":101},"end":{"line":17,"column":143}},"type":"cond-expr","locations":[{"start":{"line":17,"column":109},"end":{"line":17,"column":126}},{"start":{"line":17,"column":129},"end":{"line":17,"column":143}}],"line":17},"15":{"loc":{"start":{"line":18,"column":11},"end":{"line":18,"column":62}},"type":"binary-expr","locations":[{"start":{"line":18,"column":11},"end":{"line":18,"column":16}},{"start":{"line":18,"column":20},"end":{"line":18,"column":21}},{"start":{"line":18,"column":25},"end":{"line":18,"column":62}}],"line":18},"16":{"loc":{"start":{"line":20,"column":19},"end":{"line":26,"column":1}},"type":"binary-expr","locations":[{"start":{"line":20,"column":20},"end":{"line":20,"column":24}},{"start":{"line":20,"column":28},"end":{"line":20,"column":45}},{"start":{"line":20,"column":50},"end":{"line":26,"column":1}}],"line":20},"17":{"loc":{"start":{"line":21,"column":4},"end":{"line":21,"column":42}},"type":"if","locations":[{"start":{"line":21,"column":4},"end":{"line":21,"column":42}},{"start":{"line":21,"column":4},"end":{"line":21,"column":42}}],"line":21},"18":{"loc":{"start":{"line":21,"column":8},"end":{"line":21,"column":29}},"type":"binary-expr","locations":[{"start":{"line":21,"column":8},"end":{"line":21,"column":11}},{"start":{"line":21,"column":15},"end":{"line":21,"column":29}}],"line":21},"19":{"loc":{"start":{"line":23,"column":4},"end":{"line":23,"column":141}},"type":"if","locations":[{"start":{"line":23,"column":4},"end":{"line":23,"column":141}},{"start":{"line":23,"column":4},"end":{"line":23,"column":141}}],"line":23},"20":{"loc":{"start":{"line":23,"column":40},"end":{"line":23,"column":141}},"type":"if","locations":[{"start":{"line":23,"column":40},"end":{"line":23,"column":141}},{"start":{"line":23,"column":40},"end":{"line":23,"column":141}}],"line":23},"21":{"loc":{"start":{"line":23,"column":44},"end":{"line":23,"column":107}},"type":"binary-expr","locations":[{"start":{"line":23,"column":44},"end":{"line":23,"column":59}},{"start":{"line":23,"column":63},"end":{"line":23,"column":107}}],"line":23},"22":{"loc":{"start":{"line":27,"column":17},"end":{"line":29,"column":1}},"type":"binary-expr","locations":[{"start":{"line":27,"column":18},"end":{"line":27,"column":22}},{"start":{"line":27,"column":26},"end":{"line":27,"column":41}},{"start":{"line":27,"column":46},"end":{"line":29,"column":1}}],"line":27},"23":{"loc":{"start":{"line":28,"column":4},"end":{"line":28,"column":109}},"type":"if","locations":[{"start":{"line":28,"column":4},"end":{"line":28,"column":109}},{"start":{"line":28,"column":4},"end":{"line":28,"column":109}}],"line":28},"24":{"loc":{"start":{"line":28,"column":8},"end":{"line":28,"column":77}},"type":"binary-expr","locations":[{"start":{"line":28,"column":8},"end":{"line":28,"column":35}},{"start":{"line":28,"column":39},"end":{"line":28,"column":77}}],"line":28},"25":{"loc":{"start":{"line":30,"column":22},"end":{"line":32,"column":1}},"type":"binary-expr","locations":[{"start":{"line":30,"column":23},"end":{"line":30,"column":27}},{"start":{"line":30,"column":31},"end":{"line":30,"column":51}},{"start":{"line":30,"column":56},"end":{"line":32,"column":1}}],"line":30},"26":{"loc":{"start":{"line":31,"column":11},"end":{"line":31,"column":61}},"type":"cond-expr","locations":[{"start":{"line":31,"column":37},"end":{"line":31,"column":40}},{"start":{"line":31,"column":43},"end":{"line":31,"column":61}}],"line":31},"27":{"loc":{"start":{"line":31,"column":12},"end":{"line":31,"column":33}},"type":"binary-expr","locations":[{"start":{"line":31,"column":12},"end":{"line":31,"column":15}},{"start":{"line":31,"column":19},"end":{"line":31,"column":33}}],"line":31},"28":{"loc":{"start":{"line":48,"column":4},"end":{"line":52,"column":5}},"type":"if","locations":[{"start":{"line":48,"column":4},"end":{"line":52,"column":5}},{"start":{"line":48,"column":4},"end":{"line":52,"column":5}}],"line":48},"29":{"loc":{"start":{"line":59,"column":8},"end":{"line":62,"column":9}},"type":"if","locations":[{"start":{"line":59,"column":8},"end":{"line":62,"column":9}},{"start":{"line":59,"column":8},"end":{"line":62,"column":9}}],"line":59},"30":{"loc":{"start":{"line":64,"column":12},"end":{"line":67,"column":13}},"type":"if","locations":[{"start":{"line":64,"column":12},"end":{"line":67,"column":13}},{"start":{"line":64,"column":12},"end":{"line":67,"column":13}}],"line":64},"31":{"loc":{"start":{"line":79,"column":8},"end":{"line":82,"column":9}},"type":"if","locations":[{"start":{"line":79,"column":8},"end":{"line":82,"column":9}},{"start":{"line":79,"column":8},"end":{"line":82,"column":9}}],"line":79},"32":{"loc":{"start":{"line":84,"column":12},"end":{"line":87,"column":13}},"type":"if","locations":[{"start":{"line":84,"column":12},"end":{"line":87,"column":13}},{"start":{"line":84,"column":12},"end":{"line":87,"column":13}}],"line":84},"33":{"loc":{"start":{"line":99,"column":8},"end":{"line":104,"column":9}},"type":"if","locations":[{"start":{"line":99,"column":8},"end":{"line":104,"column":9}},{"start":{"line":99,"column":8},"end":{"line":104,"column":9}}],"line":99},"34":{"loc":{"start":{"line":122,"column":8},"end":{"line":125,"column":9}},"type":"if","locations":[{"start":{"line":122,"column":8},"end":{"line":125,"column":9}},{"start":{"line":122,"column":8},"end":{"line":125,"column":9}}],"line":122},"35":{"loc":{"start":{"line":127,"column":12},"end":{"line":130,"column":13}},"type":"if","locations":[{"start":{"line":127,"column":12},"end":{"line":130,"column":13}},{"start":{"line":127,"column":12},"end":{"line":130,"column":13}}],"line":127},"36":{"loc":{"start":{"line":146,"column":8},"end":{"line":148,"column":9}},"type":"if","locations":[{"start":{"line":146,"column":8},"end":{"line":148,"column":9}},{"start":{"line":146,"column":8},"end":{"line":148,"column":9}}],"line":146},"37":{"loc":{"start":{"line":168,"column":8},"end":{"line":170,"column":9}},"type":"if","locations":[{"start":{"line":168,"column":8},"end":{"line":170,"column":9}},{"start":{"line":168,"column":8},"end":{"line":170,"column":9}}],"line":168},"38":{"loc":{"start":{"line":174,"column":8},"end":{"line":176,"column":9}},"type":"if","locations":[{"start":{"line":174,"column":8},"end":{"line":176,"column":9}},{"start":{"line":174,"column":8},"end":{"line":176,"column":9}}],"line":174},"39":{"loc":{"start":{"line":180,"column":8},"end":{"line":182,"column":9}},"type":"if","locations":[{"start":{"line":180,"column":8},"end":{"line":182,"column":9}},{"start":{"line":180,"column":8},"end":{"line":182,"column":9}}],"line":180},"40":{"loc":{"start":{"line":186,"column":8},"end":{"line":188,"column":9}},"type":"if","locations":[{"start":{"line":186,"column":8},"end":{"line":188,"column":9}},{"start":{"line":186,"column":8},"end":{"line":188,"column":9}}],"line":186},"41":{"loc":{"start":{"line":192,"column":8},"end":{"line":194,"column":9}},"type":"if","locations":[{"start":{"line":192,"column":8},"end":{"line":194,"column":9}},{"start":{"line":192,"column":8},"end":{"line":194,"column":9}}],"line":192},"42":{"loc":{"start":{"line":199,"column":8},"end":{"line":201,"column":9}},"type":"if","locations":[{"start":{"line":199,"column":8},"end":{"line":201,"column":9}},{"start":{"line":199,"column":8},"end":{"line":201,"column":9}}],"line":199},"43":{"loc":{"start":{"line":204,"column":16},"end":{"line":207,"column":17}},"type":"if","locations":[{"start":{"line":204,"column":16},"end":{"line":207,"column":17}},{"start":{"line":204,"column":16},"end":{"line":207,"column":17}}],"line":204},"44":{"loc":{"start":{"line":216,"column":8},"end":{"line":218,"column":9}},"type":"if","locations":[{"start":{"line":216,"column":8},"end":{"line":218,"column":9}},{"start":{"line":216,"column":8},"end":{"line":218,"column":9}}],"line":216},"45":{"loc":{"start":{"line":220,"column":12},"end":{"line":223,"column":13}},"type":"if","locations":[{"start":{"line":220,"column":12},"end":{"line":223,"column":13}},{"start":{"line":220,"column":12},"end":{"line":223,"column":13}}],"line":220},"46":{"loc":{"start":{"line":225,"column":16},"end":{"line":228,"column":17}},"type":"if","locations":[{"start":{"line":225,"column":16},"end":{"line":228,"column":17}},{"start":{"line":225,"column":16},"end":{"line":228,"column":17}}],"line":225},"47":{"loc":{"start":{"line":241,"column":16},"end":{"line":244,"column":17}},"type":"if","locations":[{"start":{"line":241,"column":16},"end":{"line":244,"column":17}},{"start":{"line":241,"column":16},"end":{"line":244,"column":17}}],"line":241},"48":{"loc":{"start":{"line":247,"column":24},"end":{"line":250,"column":25}},"type":"if","locations":[{"start":{"line":247,"column":24},"end":{"line":250,"column":25}},{"start":{"line":247,"column":24},"end":{"line":250,"column":25}}],"line":247},"49":{"loc":{"start":{"line":251,"column":24},"end":{"line":253,"column":25}},"type":"if","locations":[{"start":{"line":251,"column":24},"end":{"line":253,"column":25}},{"start":{"line":251,"column":24},"end":{"line":253,"column":25}}],"line":251},"50":{"loc":{"start":{"line":255,"column":28},"end":{"line":258,"column":29}},"type":"if","locations":[{"start":{"line":255,"column":28},"end":{"line":258,"column":29}},{"start":{"line":255,"column":28},"end":{"line":258,"column":29}}],"line":255},"51":{"loc":{"start":{"line":277,"column":32},"end":{"line":279,"column":33}},"type":"if","locations":[{"start":{"line":277,"column":32},"end":{"line":279,"column":33}},{"start":{"line":277,"column":32},"end":{"line":279,"column":33}}],"line":277},"52":{"loc":{"start":{"line":300,"column":12},"end":{"line":303,"column":13}},"type":"if","locations":[{"start":{"line":300,"column":12},"end":{"line":303,"column":13}},{"start":{"line":300,"column":12},"end":{"line":303,"column":13}}],"line":300},"53":{"loc":{"start":{"line":305,"column":16},"end":{"line":308,"column":17}},"type":"if","locations":[{"start":{"line":305,"column":16},"end":{"line":308,"column":17}},{"start":{"line":305,"column":16},"end":{"line":308,"column":17}}],"line":305},"54":{"loc":{"start":{"line":320,"column":12},"end":{"line":325,"column":13}},"type":"if","locations":[{"start":{"line":320,"column":12},"end":{"line":325,"column":13}},{"start":{"line":320,"column":12},"end":{"line":325,"column":13}}],"line":320},"55":{"loc":{"start":{"line":320,"column":16},"end":{"line":320,"column":56}},"type":"binary-expr","locations":[{"start":{"line":320,"column":16},"end":{"line":320,"column":19}},{"start":{"line":320,"column":23},"end":{"line":320,"column":36}},{"start":{"line":320,"column":40},"end":{"line":320,"column":56}}],"line":320},"56":{"loc":{"start":{"line":322,"column":16},"end":{"line":322,"column":107}},"type":"cond-expr","locations":[{"start":{"line":322,"column":22},"end":{"line":322,"column":64}},{"start":{"line":322,"column":67},"end":{"line":322,"column":107}}],"line":322},"57":{"loc":{"start":{"line":328,"column":16},"end":{"line":333,"column":17}},"type":"if","locations":[{"start":{"line":328,"column":16},"end":{"line":333,"column":17}},{"start":{"line":328,"column":16},"end":{"line":333,"column":17}}],"line":328},"58":{"loc":{"start":{"line":334,"column":16},"end":{"line":343,"column":17}},"type":"if","locations":[{"start":{"line":334,"column":16},"end":{"line":343,"column":17}},{"start":{"line":334,"column":16},"end":{"line":343,"column":17}}],"line":334},"59":{"loc":{"start":{"line":334,"column":20},"end":{"line":334,"column":108}},"type":"binary-expr","locations":[{"start":{"line":334,"column":20},"end":{"line":334,"column":52}},{"start":{"line":334,"column":56},"end":{"line":334,"column":108}}],"line":334},"60":{"loc":{"start":{"line":351,"column":12},"end":{"line":356,"column":13}},"type":"if","locations":[{"start":{"line":351,"column":12},"end":{"line":356,"column":13}},{"start":{"line":351,"column":12},"end":{"line":356,"column":13}}],"line":351},"61":{"loc":{"start":{"line":351,"column":16},"end":{"line":351,"column":39}},"type":"binary-expr","locations":[{"start":{"line":351,"column":16},"end":{"line":351,"column":19}},{"start":{"line":351,"column":23},"end":{"line":351,"column":39}}],"line":351},"62":{"loc":{"start":{"line":353,"column":16},"end":{"line":353,"column":108}},"type":"cond-expr","locations":[{"start":{"line":353,"column":22},"end":{"line":353,"column":64}},{"start":{"line":353,"column":67},"end":{"line":353,"column":108}}],"line":353},"63":{"loc":{"start":{"line":360,"column":16},"end":{"line":365,"column":17}},"type":"if","locations":[{"start":{"line":360,"column":16},"end":{"line":365,"column":17}},{"start":{"line":360,"column":16},"end":{"line":365,"column":17}}],"line":360},"64":{"loc":{"start":{"line":375,"column":8},"end":{"line":377,"column":9}},"type":"if","locations":[{"start":{"line":375,"column":8},"end":{"line":377,"column":9}},{"start":{"line":375,"column":8},"end":{"line":377,"column":9}}],"line":375},"65":{"loc":{"start":{"line":382,"column":8},"end":{"line":392,"column":9}},"type":"if","locations":[{"start":{"line":382,"column":8},"end":{"line":392,"column":9}},{"start":{"line":382,"column":8},"end":{"line":392,"column":9}}],"line":382},"66":{"loc":{"start":{"line":382,"column":12},"end":{"line":382,"column":35}},"type":"binary-expr","locations":[{"start":{"line":382,"column":12},"end":{"line":382,"column":18}},{"start":{"line":382,"column":22},"end":{"line":382,"column":35}}],"line":382},"67":{"loc":{"start":{"line":395,"column":8},"end":{"line":397,"column":9}},"type":"if","locations":[{"start":{"line":395,"column":8},"end":{"line":397,"column":9}},{"start":{"line":395,"column":8},"end":{"line":397,"column":9}}],"line":395}},"s":{"0":1,"1":6,"2":6,"3":6,"4":3,"5":0,"6":0,"7":0,"8":1,"9":1,"10":0,"11":1,"12":18,"13":18,"14":18,"15":0,"16":18,"17":18,"18":72,"19":18,"20":18,"21":1,"22":1,"23":0,"24":1,"25":1,"26":1,"27":6,"28":6,"29":1,"30":1,"31":1,"32":54,"33":0,"34":1,"35":1,"36":1,"37":1,"38":1,"39":1,"40":1,"41":1,"42":1,"43":1,"44":1,"45":1,"46":2,"47":1,"48":1,"49":1,"50":1,"51":1,"52":1,"53":1,"54":1,"55":0,"56":0,"57":1,"58":1,"59":0,"60":0,"61":1,"62":1,"63":1,"64":1,"65":1,"66":1,"67":2,"68":2,"69":0,"70":0,"71":2,"72":0,"73":0,"74":0,"75":0,"76":0,"77":0,"78":0,"79":0,"80":1,"81":2,"82":2,"83":0,"84":0,"85":0,"86":0,"87":0,"88":2,"89":2,"90":2,"91":2,"92":2,"93":1,"94":0,"95":0,"96":0,"97":0,"98":0,"99":0,"100":0,"101":0,"102":0,"103":0,"104":0,"105":0,"106":0,"107":0,"108":1,"109":1,"110":1,"111":0,"112":1,"113":1,"114":1,"115":0,"116":0,"117":0,"118":0,"119":1,"120":1,"121":0,"122":0,"123":0,"124":0,"125":0,"126":0,"127":0,"128":0,"129":0,"130":0,"131":0,"132":0,"133":0,"134":0,"135":0,"136":0,"137":0,"138":0,"139":0,"140":0,"141":0,"142":0,"143":0,"144":0,"145":0,"146":0,"147":0,"148":0,"149":0,"150":0,"151":0,"152":0,"153":0,"154":0,"155":0,"156":0,"157":0,"158":0,"159":0,"160":0,"161":0,"162":0,"163":0,"164":0,"165":0,"166":0,"167":0,"168":0,"169":0,"170":0,"171":0,"172":0,"173":0,"174":0,"175":0,"176":0,"177":0,"178":0,"179":0,"180":0,"181":0,"182":0,"183":0,"184":0,"185":0,"186":0,"187":0,"188":0,"189":0,"190":0,"191":0,"192":0,"193":0,"194":0,"195":0,"196":0,"197":0,"198":0,"199":0,"200":0,"201":0,"202":0,"203":0,"204":0,"205":0,"206":4,"207":4,"208":4,"209":3,"210":3,"211":3,"212":3,"213":1,"214":1,"215":1,"216":0,"217":0,"218":0,"219":0,"220":1,"221":1,"222":1,"223":1,"224":1,"225":0,"226":0,"227":1,"228":2,"229":2,"230":2,"231":1,"232":1,"233":1,"234":1,"235":1,"236":1,"237":1,"238":0,"239":0,"240":0,"241":0,"242":1,"243":1,"244":1,"245":1,"246":1,"247":0,"248":0,"249":0,"250":0,"251":0,"252":0,"253":0,"254":0,"255":0,"256":0,"257":0,"258":0,"259":0,"260":0,"261":0,"262":1,"263":1,"264":1,"265":1,"266":1,"267":1,"268":1,"269":1,"270":1,"271":1,"272":1,"273":1,"274":1,"275":1,"276":1,"277":1,"278":1,"279":1,"280":1},"f":{"0":6,"1":3,"2":0,"3":1,"4":0,"5":18,"6":1,"7":54,"8":1,"9":2,"10":1,"11":1,"12":1,"13":2,"14":2,"15":0,"16":2,"17":0,"18":0,"19":0,"20":1,"21":1,"22":1,"23":1,"24":0,"25":0,"26":1,"27":0,"28":0,"29":0,"30":0,"31":0,"32":0,"33":0,"34":0,"35":0,"36":0,"37":0,"38":0,"39":0,"40":0,"41":0,"42":0,"43":0,"44":0,"45":4,"46":4,"47":1,"48":2,"49":2,"50":1,"51":0,"52":0,"53":0},"b":{"0":[1,1,1],"1":[1,0],"2":[6,0],"3":[0,0],"4":[1,1,1],"5":[1,0],"6":[1,1,1],"7":[0,18],"8":[18,0],"9":[0,18],"10":[18,18],"11":[18,54],"12":[18,0],"13":[0,18],"14":[18,0],"15":[18,18,18],"16":[1,1,1],"17":[0,1],"18":[1,1],"19":[1,0],"20":[6,0],"21":[6,6],"22":[1,1,1],"23":[0,54],"24":[54,54],"25":[1,1,1],"26":[0,1],"27":[1,1],"28":[1,1],"29":[0,1],"30":[0,1],"31":[0,2],"32":[0,0],"33":[0,0],"34":[0,0],"35":[0,0],"36":[1,0],"37":[0,0],"38":[1,0],"39":[0,0],"40":[0,0],"41":[0,0],"42":[0,0],"43":[0,0],"44":[0,0],"45":[0,0],"46":[0,0],"47":[0,0],"48":[0,0],"49":[0,0],"50":[0,0],"51":[0,0],"52":[0,0],"53":[0,0],"54":[3,1],"55":[4,4,1],"56":[0,3],"57":[0,1],"58":[1,0],"59":[1,1],"60":[1,1],"61":[2,2],"62":[0,1],"63":[0,1],"64":[0,0],"65":[0,0],"66":[0,0],"67":[0,0]},"inputSourceMap":{"version":3,"file":"C:/Users/tp2107067/Projects/node_shop/server/api.ts","sources":["C:/Users/tp2107067/Projects/node_shop/server/api.ts"],"names":[],"mappings":";;;;;;;;;;;;;;;;;;;;;;;;;;;;;;;;;;AACA,qCAAgC;AAChC,iCAAmC;AACnC,6CAAwC;AAGxC,iCAAuC;AACvC,kDAAoC;AACpC,qFAA4D;AAE/C,QAAA,GAAG,GAAG,IAAI,eAAM,EAAE,CAAC;AAEhC,IAAI,UAAU,GAAmB,IAAI,yBAAc,CAAC;IAChD,IAAI,EAAC,QAAQ,CAAC,OAAO,CAAC,GAAG,CAAC,SAAmB,EAAC,EAAE,CAAC;IACjD,IAAI,EAAC,OAAO,CAAC,GAAG,CAAC,SAAmB;IACpC,MAAM,EAAE,IAAI;CACf,CAAC,CAAC;AAEH,SAAgB,WAAW,CAAC,GAAqB,EAAE,IAAoB,EAAE,EAAY;IACjF,IAAG,GAAG,EAAE;QACJ,OAAO,CAAC,GAAG,CAAC,GAAG,CAAC,OAAO,CAAC,CAAC;QACzB,IAAI,CAAC,OAAO,EAAE,CAAC;QACf,EAAE,CAAC,GAAG,EAAE,CAAC;KACZ;AACL,CAAC;AAND,kCAMC;AAED,SAAgB,iBAAiB,CAAC,CAAU,EAAE,EAAY,EAAE,SAAiB,EAAE,QAAgB;IAC3F,OAAO,CAAC,GAAG,CAAC,CAAC,CAAC,MAAM,CAAC,CAAC;IACtB,IAAI,CAAC,GAAG,QAAQ,CAAC,CAAC,CAAC,MAAM,CAAC,EAAE,EAAC,EAAE,CAAC,CAAC;IACjC,SAAE,CAAC,aAAa,CAAC,CAAC,GAAG,EAAC,IAAI,EAAC,EAAE;QACzB,IAAG,GAAG,EAAE;YACJ,WAAW,CAAC,GAAG,EAAC,IAAI,EAAC,EAAE,CAAC,CAAA;YACxB,OAAO;SACV;QACD,IAAI,CAAC,KAAK,CAAC,WAAG,CAAC,MAAM,CAAC,OAAO,CAAC,SAAS,CAAC,CAAC,QAAQ,CAAC,EAAC,CAAC,EAAC,CAAC,GAAG,EAAC,MAAM,EAAC,MAAM,EAAC,EAAE;YACtE,IAAI,GAAG,EAAE;gBACL,WAAW,CAAC,GAAG,EAAC,IAAI,E
[...]
f","locations":[{"start":{"line":33,"column":12},"end":{"line":37,"column":13}},{"start":{"line":33,"column":12},"end":{"line":37,"column":13}}],"line":33},"14":{"loc":{"start":{"line":40,"column":20},"end":{"line":46,"column":21}},"type":"if","locations":[{"start":{"line":40,"column":20},"end":{"line":46,"column":21}},{"start":{"line":40,"column":20},"end":{"line":46,"column":21}}],"line":40},"15":{"loc":{"start":{"line":51,"column":29},"end":{"line":51,"column":97}},"type":"cond-expr","locations":[{"start":{"line":51,"column":35},"end":{"line":51,"column":59}},{"start":{"line":51,"column":62},"end":{"line":51,"column":97}}],"line":51}},"s":{"0":1,"1":99,"2":99,"3":99,"4":0,"5":0,"6":0,"7":0,"8":1,"9":1,"10":0,"11":1,"12":1,"13":0,"14":1,"15":1,"16":1,"17":99,"18":99,"19":1,"20":1,"21":1,"22":1,"23":1,"24":1,"25":0,"26":0,"27":0,"28":0,"29":0,"30":0,"31":0,"32":0,"33":0,"34":0,"35":0,"36":0,"37":0,"38":0,"39":0,"40":0,"41":0,"42":0,"43":0,"44":1},"f":{"0":99,"1":0,"2":0,"3":1,"4":0,"5":1,"6":0,"7":0,"8":0,"9":0,"10":0,"11":0,"12":0},"b":{"0":[1,1,1],"1":[1,0],"2":[99,0],"3":[0,0],"4":[1,1,1],"5":[1,0],"6":[1,1,1],"7":[0,1],"8":[1,1],"9":[1,0],"10":[99,0],"11":[99,99],"12":[0,0],"13":[0,0],"14":[0,0],"15":[0,0]},"inputSourceMap":{"version":3,"file":"C:/Users/tp2107067/Projects/node_shop/server/load.test.data.ts","sources":["C:/Users/tp2107067/Projects/node_shop/server/load.test.data.ts"],"names":[],"mappings":";;;;;;;;;;;;;;;;;;;;;;AAAA,iCAA0B;AAC1B,uCAAyB;AAIzB,SAAgB,OAAO;IACnB,IAAI,CAAC,GAAG,IAAI,CAAC,KAAK,CAAC,EAAE,CAAC,YAAY,CAAC,sBAAsB,CAAC,CAAC,QAAQ,EAAE,CAAC,CAAC;IACvE,SAAE,CAAC,aAAa,CAAC,CAAC,GAAO,EAAC,IAAmB,EAAC,EAAE;QAC5C,IAAG,GAAG,EAAE;YACJ,OAAO,CAAC,GAAG,CAAC,GAAG,CAAC,OAAO,CAAC,CAAC;YACzB,OAAO;SACV;QACD,IAAI,CAAC,gBAAgB,CAAC,CAAC,GAAO,EAAC,EAAE;YAC7B,IAAG,GAAG,EAAE;gBACJ,OAAO,CAAC,GAAG,CAAC,GAAG,CAAC,OAAO,CAAC,CAAC;gBACzB,IAAI,CAAC,OAAO,EAAE,CAAC;gBACf,OAAO;aACV;YACD,CAAC,CAAC,OAAO,CAAC,CAAC,MAAa,EAAC,EAAE;gBACvB,IAAI,CAAC,KAAK,CAAC,MAAM,EAAC,CAAC,GAAG,EAAC,MAAoB,EAAC,EAAE;oBAC1C,IAAG,GAAG,EAAE;wBACJ,OAAO,CAAC,IAAI,CAAC,GAAG,CAAC,OAAO,CAAC,CAAC;wBAC1B,IAAI,CAAC,QAAQ,CAAC,GAAE,EAAE;4BACd,IAAI,CAAC,OAAO,EAAE,CAAC;wBACnB,CAAC,CAAC,CAAC;wBACH,OAAO;qBACV;oBACD,uBAAuB;gBAC3B,CAAC,CAAC,CAAC;YACP,CAAC,CAAC,CAAC;QACP,CAAC,CAAC,CAAC;QACH,IAAI,CAAC,MAAM,CAAC,CAAC,GAAO,EAAC,EAAE,CAAA,GAAG,CAAC,CAAC,CAAC,OAAO,CAAC,GAAG,CAAC,GAAG,CAAC,OAAO,CAAC,CAAC,CAAC,CAAC,OAAO,CAAC,GAAG,CAAC,sBAAsB,CAAC,CAAC,CAAC;IACjG,CAAC,CAAC,CAAC;AAEP,CAAC;AA7BD,0BA6BC","sourcesContent":["import {db} from './main';\r\nimport * as fs from \"fs\";\r\nimport { RowDataPacket } from 'mysql2';\r\nimport PoolConnection from 'mysql2/typings/mysql/lib/PoolConnection';\r\n\r\nexport function migrate() {\r\n    let q = JSON.parse(fs.readFileSync('./test/test_seed.sql').toString());\r\n    db.getConnection((err:any,conn:PoolConnection)=>{\r\n        if(err) {\r\n            console.log(err.message);\r\n            return;\r\n        }\r\n        conn.beginTransaction((err:any)=>{\r\n            if(err) {\r\n                console.log(err.message);\r\n                conn.release();\r\n                return;\r\n            }\r\n            q.forEach((insert:string)=>{\r\n                conn.query(insert,(err,result:RowDataPacket)=>{\r\n                    if(err) {\r\n                        console.warn(err.message);\r\n                        conn.rollback(()=>{\r\n                            conn.release();\r\n                        });\r\n                        return;\r\n                    }\r\n                    // console.log(result);\r\n                });\r\n            });\r\n        });\r\n        conn.commit((err:any)=>err ? console.log(err.message) : console.log(\"test migrate success\"));\r\n    });\r\n\r\n}"]},"_coverageSchema":"1a1c01bbd47fc00a2c39e90264f33305004495a9","hash":"f36a4fecd39c6c9ffa24c7b4d5c5684f61b39384","contentHash":"24c38ef088d2716a88007ec6053fad3c96df3158dba0130ee24dd81e6ebc5180"},"C:\\Users\\tp2107067\\Projects\\node_shop\\server\\decorators.ts":{"path":"C:\\Users\\tp2107067\\Projects\\node_shop\\server\\decorators.ts","statementMap":{"0":{"start":{"line":2,"column":22},"end":{"line":4,"column":1}},"1":{"start":{"line":3,"column":4},"end":{"line":3,"column":62}},"2":{"start":{"line":5,"column":0},"end":{"line":5,"column":62}},"3":{"start":{"line":6,"column":0},"end":{"line":6,"column":96}},"4":{"start":{"line":7,"column":18},"end":{"line":7,"column":53}},"5":{"start":{"line":8,"column":0},"end":{"line":8,"column":44}},"6":{"start":{"line":15,"column":4},"end":{"line":44,"column":6}},"7":{"start":{"line":16,"column":23},"end":{"line":16,"column":33}},"8":{"start":{"line":17,"column":8},"end":{"line":42,"column":9}},"9":{"start":{"line":19,"column":16},"end":{"line":21,"column":19}},"10":{"start":{"line":20,"column":20},"end":{"line":20,"column":48}},"11":{"start":{"line":23,"column":16},"end":{"line":25,"column":19}},"12":{"start":{"line":24,"column":20},"end":{"line":24,"column":48}},"13":{"start":{"line":27,"column":16},"end":{"line":29,"column":19}},"14":{"start":{"line":28,"column":20},"end":{"line":28,"column":48}},"15":{"start":{"line":31,"column":16},"end":{"line":33,"column":19}},"16":{"start":{"line":32,"column":20},"end":{"line":32,"column":48}},"17":{"start":{"line":35,"column":16},"end":{"line":37,"column":19}},"18":{"start":{"line":36,"column":20},"end":{"line":36,"column":48}},"19":{"start":{"line":39,"column":16},"end":{"line":41,"column":19}},"20":{"start":{"line":40,"column":20},"end":{"line":40,"column":48}},"21":{"start":{"line":43,"column":8},"end":{"line":43,"column":24}},"22":{"start":{"line":46,"column":0},"end":{"line":46,"column":22}},"23":{"start":{"line":48,"column":4},"end":{"line":57,"column":6}},"24":{"start":{"line":49,"column":23},"end":{"line":49,"column":39}},"25":{"start":{"line":50,"column":8},"end":{"line":55,"column":10}},"26":{"start":{"line":51,"column":22},"end":{"line":51,"column":29}},"27":{"start":{"line":52,"column":23},"end":{"line":52,"column":30}},"28":{"start":{"line":53,"column":20},"end":{"line":53,"column":45}},"29":{"start":{"line":54,"column":12},"end":{"line":54,"column":72}},"30":{"start":{"line":56,"column":8},"end":{"line":56,"column":24}},"31":{"start":{"line":59,"column":0},"end":{"line":59,"column":18}},"32":{"start":{"line":61,"column":4},"end":{"line":69,"column":6}},"33":{"start":{"line":62,"column":23},"end":{"line":62,"column":39}},"34":{"start":{"line":63,"column":8},"end":{"line":68,"column":10}},"35":{"start":{"line":64,"column":22},"end":{"line":64,"column":29}},"36":{"start":{"line":65,"column":23},"end":{"line":65,"column":30}},"37":{"start":{"line":66,"column":12},"end":{"line":66,"column":32}},"38":{"start":{"line":71,"column":0},"end":{"line":71,"column":36}},"39":{"start":{"line":73,"column":4},"end":{"line":75,"column":6}},"40":{"start":{"line":74,"column":8},"end":{"line":74,"column":41}},"41":{"start":{"line":77,"column":0},"end":{"line":77,"column":28}}},"fnMap":{"0":{"name":"(anonymous_0)","decl":{"start":{"line":2,"column":56},"end":{"line":2,"column":57}},"loc":{"start":{"line":2,"column":71},"end":{"line":4,"column":1}},"line":2},"1":{"name":"route","decl":{"start":{"line":14,"column":9},"end":{"line":14,"column":14}},"loc":{"start":{"line":14,"column":29},"end":{"line":45,"column":1}},"line":14},"2":{"name":"(anonymous_2)","decl":{"start":{"line":15,"column":11},"end":{"line":15,"column":12}},"loc":{"start":{"line":15,"column":54},"end":{"line":44,"column":5}},"line":15},"3":{"name":"(anonymous_3)","decl":{"start":{"line":19,"column":41},"end":{"line":19,"column":42}},"loc":{"start":{"line":19,"column":62},"end":{"line":21,"column":17}},"line":19},"4":{"name":"(anonymous_4)","decl":{"start":{"line":23,"column":42},"end":{"line":23,"column":43}},"loc":{"start":{"line":23,"column":63},"end":{"line":25,"column":17}},"line":23},"5":{"name":"(anonymous_5)","decl":{"start":{"line":27,"column":41},"end":{"line":27,"column":42}},"loc":{"start":{"line":27,"column":62},"end":{"line":29,"column":17}},"line":27},"6":{"name":"(anonymous_6)","decl":{"start":{"line":31,"column":43},"end":{"line":31,"column":44}},"loc":{"start":{"line":31,"column":64},"end":{"line":33,"column":17}},"line":31},"7":{"name":"(anonymous_7)","decl":{"start":{"line":35,"column":44},"end":{"line":35,"column":45}},"loc":{"start":{"line":35,"column":65},"end":{"line":37,"column":17}},"line":35},"8":{"name":"(anonymous_8)","decl":{"start":{"line":39,"column":41},"end":{"line":39,"column":42}},"loc":{"start":{"line":39,"column":62},"end":{"line":41,"column":17}},"line":39},"9":{"name":"log","decl":{"start":{"line":47,"column":9},"end":{"line":47,"column":12}},"loc":{"start":{"line":47,"column":15},"end":{"line":58,"column":1}},"line":47},"10":{"name":"(anonymous_10)","decl":{"start":{"line":48,"column":11},"end":{"line":48,"column":12}},"loc":{"start":{"line":48,"column":54},"end":{"line":57,"column":5}},"line":48},"11":{"name":"(anonymous_11)","decl":{"start":{"line":50,"column":27},"end":{"line":50,"column":28}},"loc":{"start":{"line":50,"column":46},"end":{"line":55,"column":9}},"line":50},"12":{"name":"authenticate","decl":{"start":{"line":60,"column":9},"end":{"line":60,"column":21}},"loc":{"start":{"line":60,"column":24},"end":{"line":70,"column":1}},"line":60},"13":{"name":"(anonymous_13)","decl":{"start":{"line":61,"column":11},"end":{"line":61,"column":12}},"loc":{"start":{"line":61,"column":54},"end":{"line":69,"column":5}},"line":61},"14":{"name":"(anonymous_14)","decl":{"start":{"line":63,"column":27},"end":{"line":63,"column":28}},"loc":{"start":{"line":63,"column":46},"end":{"line":68,"column":9}},"line":63},"15":{"name":"validate","decl":{"start":{"line":72,"column":9},"end":{"line":72,"column":17}},"loc":{"start":{"line":72,"column":20},"end":{"line":76,"column":1}},"line":72},"16":{"name":"(anonymous_16)","decl":{"start":{"line":73,"column":11},"end":{"line":73,"column":12}},"loc":{"start":{"line":73,"column":42},"end":{"line":75,"column":5}},"line":73}},"branchMap":{"0":{"loc":{"start":{"line":2,"column":22},"end":{"line":4,"column":1}},"type":"binary-expr","locations":[{"start":{"line":2,"column":23},"end":{"line":2,"column":27}},{"start":{"line":2,"column":31},"end":{"line":2,"column":51}},{"start":{"line":2,"column":56},"end":{"line":4,"column":1}}],"line":2},"1":{"loc":{"start":{"line":3,"column":11},"end":{"line":3,"column":61}},"type":"cond-expr","locations":[{"start":{"line":3,"column":37},"end":{"line":3,"column":40}},{"start":{"line":3,"column":43},"end":{"line":3,"column":61}}],"line":3},"2":{"loc":{"start":{"line":3,"column":12},"end":{"line":3,"column":33}},"type":"binary-expr","locations":[{"start":{"line":3,"column":12},"end":{"line":3,"column":15}},{"start":{"line":3,"column":19},"end":{"line":3,"column":33}}],"line":3},"3":{"loc":{"start":{"line":17,"column":8},"end":{"line":42,"column":9}},"type":"switch","locations":[{"start":{"line":18,"column":12},"end":{"line":21,"column":19}},{"start":{"line":22,"column":12},"end":{"line":25,"column":19}},{"start":{"line":26,"column":12},"end":{"line":29,"column":19}},{"start":{"line":30,"column":12},"end":{"line":33,"column":19}},{"start":{"line":34,"column":12},"end":{"line":37,"column":19}},{"start":{"line":38,"column":12},"end":{"line":41,"column":19}}],"line":17}},"s":{"0":1,"1":1,"2":1,"3":1,"4":1,"5":1,"6":0,"7":0,"8":0,"9":0,"10":0,"11":0,"12":0,"13":0,"14":0,"15":0,"16":0,"17":0,"18":0,"19":0,"20":0,"21":0,"22":1,"23":18,"24":18,"25":18,"26":0,"27":0,"28":0,"29":0,"30":18,"31":1,"32":0,"33":0,"34":0,"35":0,"36":0,"37":0,"38":1,"39":0,"40":0,"41":1},"f":{"0":1,"1":0,"2":0,"3":0,"4":0,"5":0,"6":0,"7":0,"8":0,"9":18,"10":18,"11":0,"12":0,"13":0,"14":0,"15":0,"16":0},"b":{"0":[1,1,1],"1":[0,1],"2":[1,1],"3":[0,0,0,0,0,0]},"inputSourceMap":{"version":3,"file":"C:/Users/tp2107067/Projects/node_shop/server/decorators.ts","sources":["C:/Users/tp2107067/Projects/node_shop/server/decorators.ts"],"names":[],"mappings":";;;;;;AAAA,sDAA2D;AAEhD,QAAA,MAAM,GAAW,iBAAO,CAAC,MAAM,EAAE,CAAC;AAE7C;;;;GAIG;AACH,SAAgB,KAAK,CAAC,IAAY,EAAE,MAAc;IAC9C,OAAO,UAAS,MAAW,EAAE,WAA4B,EAAE,UAA8B;QACrF,IAAI,QAAQ,GAAG,UAAU,CAAC;QAC1B,QAAO,MAAM,EAAE;YACX,KAAK,KAAK;gBACN,cAAM,CAAC,GAAG,CAAC,IAAI,EAAC,UAAS,GAAY,EAAE,IAAc;oBACjD,UAAU,CAAC,KAAK,CAAC,GAAG,EAAC,IAAI,CAAC,CAAC;gBAC/B,CAAC,CAAC,CAAC;YACP,KAAK,MAAM;gBACP,cAAM,CAAC,IAAI,CAAC,IAAI,EAAC,UAAS,GAAY,EAAE,IAAc;oBAClD,UAAU,CAAC,KAAK,CAAC,GAAG,EAAC,IAAI,CAAC,CAAC;gBAC/B,CAAC,CAAC,CAAC;YACP,KAAK,KAAK;gBACN,cAAM,CAAC,GAAG,CAAC,IAAI,EAAC,UAAS,GAAY,EAAE,IAAc;oBACjD,UAAU,CAAC,KAAK,CAAC,GAAG,EAAC,IAAI,CAAC,CAAC;gBAC/B,CAAC,CAAC,CAAC;YACP,KAAK,OAAO;gBACR,cAAM,CAAC,KAAK,CAAC,IAAI,EAAC,UAAS,GAAY,EAAE,IAAc;oBACnD,UAAU,CAAC,KAAK,CAAC,GAAG,EAAC,IAAI,CAAC,CAAC;gBAC/B,CAAC,CAAC,CAAC;YACP,KAAK,QAAQ;gBACT,cAAM,CAAC,MAAM,CAAC,IAAI,EAAC,UAAS,GAAY,EAAE,IAAc;oBACpD,UAAU,CAAC,KAAK,CAAC,GAAG,EAAC,IAAI,CAAC,CAAC;gBAC/B,CAAC,CAAC,CAAC;YACP;gBACI,cAAM,CAAC,GAAG,CAAC,IAAI,EAAC,UAAS,GAAY,EAAE,IAAc;oBACjD,UAAU,CAAC,KAAK,CAAC,GAAG,EAAC,IAAI,CAAC,CAAC;gBAC/B,CAAC,CAAC,CAAC;SACV;QACD,OAAO,QAAQ,CAAC;IACpB,CAAC,CAAA;AACL,CAAC;AA/BD,sBA+BC;AAED,SAAgB,GAAG;IACf,OAAO,UAAS,MAAW,EAAE,WAA4B,EAAE,UAA8B;QACrF,IAAI,QAAQ,GAAG,UAAU,CAAC,KAAK,CAAC;QAChC,UAAU,CAAC,KAAK,GAAG,UAAS,GAAG,IAAW;YACtC,MAAM,CAAC,GAAG,IAAI,CAAC,CAAC,CAAY,CAAC;YAC7B,MAAM,EAAE,GAAG,IAAI,CAAC,CAAC,CAAa,CAAC;YAC/B,IAAI,CAAC,GAAG,IAAI,IAAI,EAAE,CAAC,YAAY,EAAE,CAAC;YAClC,OAAO,CAAC,GAAG,CAAC,GAAG,CAAC,cAAc,CAAC,CAAC,MAAM,WAAW,CAAC,CAAC,IAAI,GAAG,CAAC,CAAC;QAChE,CAAC,CAAA;QACD,OAAO,QAAQ,CAAC;IACpB,CAAC,CAAA;AACL,CAAC;AAXD,kBAWC;AAED,SAAgB,YAAY;IACxB,OAAO,UAAS,MAAW,EAAE,WAA4B,EAAE,UAA8B;QACrF,IAAI,QAAQ,GAAG,UAAU,CAAC,KAAK,CAAC;QAChC,UAAU,CAAC,KAAK,GAAG,UAAS,GAAG,IAAW;YACtC,MAAM,CAAC,GAAG,IAAI,CAAC,CAAC,CAAC,CAAC;YAClB,MAAM,EAAE,GAAG,IAAI,CAAC,CAAC,CAAC,CAAC;YACnB,OAAO,CAAC,KAAK,CAAC,IAAI,CAAC,CAAC;YACpB,WAAW;QACf,CAAC,CAAA;IACL,CAAC,CAAA;AACL,CAAC;AAVD,oCAUC;AAED,SAAgB,QAAQ;IACpB,OAAO,UAAS,MAAW,EAAE,WAAmB;QAC5C,OAAO,CAAC,GAAG,CAAC,MAAM,EAAE,WAAW,CAAC,CAAC;IACrC,CAAC,CAAA;AACL,CAAC;AAJD,4BAIC","sourcesContent":["import express, {Request, Response, Router} from \"express\";\r\n\r\nexport var router: Router = express.Router();\r\n\r\n/**\r\n * @route(path: string, method: string)\r\n *\r\n * @returns {MethodDecorator}\r\n */\r\nexport function route(path: string, method: string): MethodDecorator {\r\n    return function(target: any, propertyKey: string | symbol, descriptor: PropertyDescriptor) {\r\n        let original = descriptor;\r\n        switch(method) {\r\n            case \"get\":\r\n                router.get(path,function(req: Request, resp: Response) {\r\n                    descriptor.value(req,resp);\r\n                });\r\n            case \"post\":\r\n                router.post(path,function(req: Request, resp: Response) {\r\n                    descriptor.value(req,resp);\r\n                });\r\n            case \"put\":\r\n                router.put(path,function(req: Request, resp: Response) {\r\n                    descriptor.value(req,resp);\r\n                });\r\n            case \"patch\":\r\n                router.patch(path,function(req: Request, resp: Response) {\r\n                    descriptor.value(req,resp);\r\n                });\r\n            case \"delete\":\r\n                router.delete(path,function(req: Request, resp: Response) {\r\n                    descriptor.value(req,resp);\r\n                });\r\n            default:\r\n                router.get(path,function(req: Request, resp: Response) {\r\n                    descriptor.value(req,resp);\r\n                });\r\n        }\r\n        return original;\r\n    }\r\n}\r\n\r\nexport function log(): MethodDecorator {\r\n    return function(target: any, propertyKey: string | symbol, descriptor: PropertyDescriptor) {\r\n        let original = descriptor.value;\r\n        descriptor.value = function(...args: any[]) {\r\n            const r = args[0] as Request;\r\n            const wr = args[1] as Response;\r\n            let t = new Date().toDateString();\r\n            console.log(`${t} - Method:[${r.method}] Path:[${r.path}]`);\r\n        }\r\n        return original;\r\n    }   \r\n}\r\n\r\nexport function authenticate(): MethodDecorator {\r\n    return function(target: any, propertyKey: string | symbol, descriptor: PropertyDescriptor) {\r\n        let original = descriptor.value;\r\n        descriptor.value = function(...args: any[]) {\r\n            const r = args[0];\r\n            const wr = args[1];\r\n            console.table(args);\r\n            // TODO ...\r\n        }\r\n    }   \r\n}\r\n\r\nexport function validate() {\r\n    return function(target: any, propertyKey: string) {\r\n        console.log(target, propertyKey);\r\n    }\r\n}"]},"_coverageSchema":"1a1c01bbd47fc00a2c39e90264f33305004495a9","hash":"dfda96df581da91126832037da94c117643ba3d5","contentHash":"2c496d6bca64c6158fc411054a8220c176ae14652b6bbdba1c6c08f75ee0ceb7"},"C:\\Users\\tp2107067\\Projects\\node_shop\\server\\auth.ts":{"path":"C:\\Users\\tp2107067\\Projects\\node_shop\\server\\auth.ts","statementMap":{"0":{"start":{"line":2,"column":22},"end":{"line":4,"column":1}},"1":{"start":{"line":3,"column":4},"end":{"line":3,"column":62}},"2":{"start":{"line":5,"column":0},"end":{"line":5,"column":62}},"3":{"start":{"line":6,"column":0},"end":{"line":6,"column":40}},"4":{"start":{"line":7,"column":19},"end":{"line":7,"column":55}},"5":{"start":{"line":9,"column":4},"end":{"line":9,"column":50}},"6":{"start":{"line":11,"column":0},"end":{"line":11,"column":20}},"7":{"start":{"line":13,"column":4},"end":{"line":13,"column":52}},"8":{"start":{"line":15,"column":0},"end":{"line":15,"column":26}}},"fnMap":{"0":{"name":"(anonymous_0)","decl":{"start":{"line":2,"column":56},"end":{"line":2,"column":57}},"loc":{"start":{"line":2,"column":71},"end":{"line":4,"column":1}},"line":2},"1":{"name":"hash","decl":{"start":{"line":8,"column":9},"end":{"line":8,"column":13}},"loc":{"start":{"line":8,"column":21},"end":{"line":10,"column":1}},"line":8},"2":{"name":"compare","decl":{"start":{"line":12,"column":9},"end":{"line":12,"column":16}},"loc":{"start":{"line":12,"column":27},"end":{"line":14,"column":1}},"line":12}},"branchMap":{"0":{"loc":{"start":{"line":2,"column":22},"end":{"line":4,"column":1}},"type":"binary-expr","locations":[{"start":{"line":2,"column":23},"end":{"line":2,"column":27}},{"start":{"line":2,"column":31},"end":{"line":2,"column":51}},{"start":{"line":2,"column":56},"end":{"line":4,"column":1}}],"line":2},"1":{"loc":{"start":{"line":3,"column":11},"end":{"line":3,"column":61}},"type":"cond-expr","locations":[{"start":{"line":3,"column":37},"end":{"line":3,"column":40}},{"start":{"line":3,"column":43},"end":{"line":3,"column":61}}],"line":3},"2":{"loc":{"start":{"line":3,"column":12},"end":{"line":3,"column":33}},"type":"binary-expr","locations":[{"start":{"line":3,"column":12},"end":{"line":3,"column":15}},{"start":{"line":3,"column":19},"end":{"line":3,"column":33}}],"line":3}},"s":{"0":1,"1":1,"2":1,"3":1,"4":1,"5":1,"6":1,"7":1,"8":1},"f":{"0":1,"1":1,"2":1},"b":{"0":[1,1,1],"1":[0,1],"2":[1,1]},"inputSourceMap":{"version":3,"file":"C:/Users/tp2107067/Projects/node_shop/server/auth.ts","sources":["C:/Users/tp2107067/Projects/node_shop/server/auth.ts"],"names":[],"mappings":";;;;;;AAAA,wDAAgC;AAEhC,SAAgB,IAAI,CAAC,KAAa;IAC9B,OAAO,kBAAQ,CAAC,QAAQ,CAAC,KAAK,EAAE,EAAE,CAAC,CAAC;AACxC,CAAC;AAFD,oBAEC;AAED,SAAgB,OAAO,CAAC,KAAa,EAAE,CAAS;IAC5C,OAAO,kBAAQ,CAAC,WAAW,CAAC,KAAK,EAAC,CAAC,CAAC,CAAC;AACzC,CAAC;AAFD,0BAEC","sourcesContent":["import bcryptjs from \"bcryptjs\";\r\n\r\nexport function hash(plain: string): string {\r\n    return bcryptjs.hashSync(plain, 11);\r\n}\r\n\r\nexport function compare(plain: string, h: string): boolean {\r\n    return bcryptjs.compareSync(plain,h);\r\n}\r\n"]},"_coverageSchema":"1a1c01bbd47fc00a2c39e90264f33305004495a9","hash":"de863ad1f0759d98c0917d460f5304836b2836c7","contentHash":"f7d1e5b87427f037e62276801e0c67cb04a022603f6bf37983793bb90d114785"}}