TN:
SF:api.ts
FN:17,handleError
FN:25,handleUrlParamReq
FN:28,(anonymous_9)
FN:33,(anonymous_10)
FN:47,handleSelectAll
FN:48,(anonymous_12)
FN:53,(anonymous_13)
FN:67,verify
FN:85,insertImage
FN:90,(anonymous_16)
FN:95,(anonymous_17)
FN:110,(anonymous_18)
FN:115,(anonymous_19)
FN:120,(anonymous_20)
FN:128,(anonymous_21)
FN:144,(anonymous_22)
FN:149,(anonymous_23)
FN:157,(anonymous_24)
FN:165,(anonymous_25)
FN:173,(anonymous_26)
FN:181,(anonymous_27)
FN:189,(anonymous_28)
FN:194,(anonymous_29)
FN:195,(anonymous_30)
FN:208,(anonymous_31)
FN:213,(anonymous_32)
FN:218,(anonymous_33)
FN:233,(anonymous_34)
FN:234,(anonymous_35)
FN:236,(anonymous_36)
FN:242,(anonymous_37)
FN:250,(anonymous_38)
FN:273,(anonymous_39)
FN:293,(anonymous_40)
FN:295,(anonymous_41)
FN:300,(anonymous_42)
FN:315,(anonymous_43)
FN:317,(anonymous_44)
FN:325,(anonymous_45)
FN:347,(anonymous_46)
FN:349,(anonymous_47)
FN:357,(anonymous_48)
FN:374,(anonymous_49)
FN:383,(anonymous_50)
FN:397,(anonymous_51)
FNF:45
FNH:18
FNDA:2,handleError
FNDA:1,handleUrlParamReq
FNDA:1,(anonymous_9)
FNDA:1,(anonymous_10)
FNDA:2,handleSelectAll
FNDA:2,(anonymous_12)
FNDA:0,(anonymous_13)
FNDA:2,verify
FNDA:0,insertImage
FNDA:0,(anonymous_16)
FNDA:0,(anonymous_17)
FNDA:1,(anonymous_18)
FNDA:1,(anonymous_19)
FNDA:1,(anonymous_20)
FNDA:1,(anonymous_21)
FNDA:0,(anonymous_22)
FNDA:0,(anonymous_23)
FNDA:1,(anonymous_24)
FNDA:0,(anonymous_25)
FNDA:0,(anonymous_26)
FNDA:0,(anonymous_27)
FNDA:0,(anonymous_28)
FNDA:0,(anonymous_29)
FNDA:0,(anonymous_30)
FNDA:0,(anonymous_31)
FNDA:0,(anonymous_32)
FNDA:0,(anonymous_33)
FNDA:0,(anonymous_34)
FNDA:0,(anonymous_35)
FNDA:0,(anonymous_36)
FNDA:0,(anonymous_37)
FNDA:0,(anonymous_38)
FNDA:0,(anonymous_39)
FNDA:0,(anonymous_40)
FNDA:0,(anonymous_41)
FNDA:0,(anonymous_42)
FNDA:4,(anonymous_43)
FNDA:4,(anonymous_44)
FNDA:1,(anonymous_45)
FNDA:2,(anonymous_46)
FNDA:2,(anonymous_47)
FNDA:1,(anonymous_48)
FNDA:0,(anonymous_49)
FNDA:0,(anonymous_50)
FNDA:0,(anonymous_51)
DA:2,1
DA:3,1
DA:5,1
DA:6,1
DA:7,1
DA:9,1
DA:11,1
DA:17,1
DA:18,2
DA:19,1
DA:20,1
DA:21,1
DA:25,1
DA:26,1
DA:27,1
DA:28,1
DA:29,1
DA:30,0
DA:31,0
DA:33,1
DA:34,1
DA:35,0
DA:36,0
DA:38,1
DA:39,1
DA:40,1
DA:41,1
DA:42,1
DA:47,1
DA:48,2
DA:49,2
DA:50,0
DA:51,0
DA:53,2
DA:54,0
DA:55,0
DA:56,0
DA:58,0
DA:59,0
DA:60,0
DA:61,0
DA:62,0
DA:67,1
DA:68,2
DA:69,2
DA:70,0
DA:71,0
DA:72,0
DA:73,0
DA:75,0
DA:77,2
DA:78,2
DA:79,2
DA:80,2
DA:81,2
DA:86,0
DA:90,0
DA:91,0
DA:92,0
DA:93,0
DA:95,0
DA:96,0
DA:97,0
DA:98,0
DA:100,0
DA:101,0
DA:102,0
DA:103,0
DA:105,0
DA:109,1
DA:116,1
DA:121,1
DA:122,1
DA:124,0
DA:129,1
DA:130,1
DA:131,1
DA:145,0
DA:150,0
DA:151,0
DA:153,0
DA:158,1
DA:159,1
DA:161,0
DA:166,0
DA:167,0
DA:169,0
DA:174,0
DA:175,0
DA:177,0
DA:182,0
DA:183,0
DA:185,0
DA:190,0
DA:191,0
DA:192,0
DA:194,0
DA:195,0
DA:196,0
DA:197,0
DA:198,0
DA:200,0
DA:201,0
DA:203,0
DA:209,0
DA:210,0
DA:211,0
DA:213,0
DA:214,0
DA:215,0
DA:216,0
DA:218,0
DA:219,0
DA:220,0
DA:221,0
DA:223,0
DA:224,0
DA:225,0
DA:226,0
DA:228,0
DA:234,0
DA:235,0
DA:236,0
DA:237,0
DA:238,0
DA:239,0
DA:241,0
DA:242,0
DA:243,0
DA:244,0
DA:245,0
DA:247,0
DA:248,0
DA:250,0
DA:251,0
DA:252,0
DA:253,0
DA:255,0
DA:256,0
DA:257,0
DA:258,0
DA:259,0
DA:262,0
DA:274,0
DA:275,0
DA:277,0
DA:278,0
DA:282,0
DA:283,0
DA:284,0
DA:285,0
DA:286,0
DA:288,0
DA:294,0
DA:295,0
DA:296,0
DA:297,0
DA:298,0
DA:300,0
DA:301,0
DA:302,0
DA:303,0
DA:305,0
DA:306,0
DA:307,0
DA:308,0
DA:310,0
DA:316,4
DA:317,4
DA:318,4
DA:319,3
DA:320,3
DA:321,3
DA:322,3
DA:324,1
DA:325,1
DA:326,1
DA:327,0
DA:328,0
DA:329,0
DA:330,0
DA:332,1
DA:333,1
DA:334,1
DA:335,1
DA:336,1
DA:338,0
DA:339,0
DA:341,1
DA:348,2
DA:349,2
DA:350,2
DA:351,1
DA:352,1
DA:353,1
DA:354,1
DA:356,1
DA:357,1
DA:358,1
DA:359,0
DA:360,0
DA:361,0
DA:362,0
DA:364,1
DA:365,1
DA:366,1
DA:367,1
DA:368,1
DA:375,0
DA:376,0
DA:378,0
DA:379,0
DA:384,0
DA:385,0
DA:386,0
DA:387,0
DA:388,0
DA:389,0
DA:391,0
DA:398,0
DA:399,0
DA:401,0
DA:402,0
LF:223
LH:76
BRDA:18,0,0,1
BRDA:18,0,1,1
BRDA:29,1,0,0
BRDA:29,1,1,1
BRDA:34,2,0,0
BRDA:34,2,1,1
BRDA:49,3,0,0
BRDA:49,3,1,2
BRDA:54,4,0,0
BRDA:54,4,1,0
BRDA:69,5,0,0
BRDA:69,5,1,0
BRDA:91,6,0,0
BRDA:91,6,1,0
BRDA:96,7,0,0
BRDA:96,7,1,0
BRDA:121,8,0,1
BRDA:121,8,1,0
BRDA:150,9,0,0
BRDA:150,9,1,0
BRDA:158,10,0,1
BRDA:158,10,1,0
BRDA:166,11,0,0
BRDA:166,11,1,0
BRDA:174,12,0,0
BRDA:174,12,1,0
BRDA:182,13,0,0
BRDA:182,13,1,0
BRDA:191,14,0,0
BRDA:191,14,1,0
BRDA:196,15,0,0
BRDA:196,15,1,0
BRDA:210,16,0,0
BRDA:210,16,1,0
BRDA:214,17,0,0
BRDA:214,17,1,0
BRDA:219,18,0,0
BRDA:219,18,1,0
BRDA:237,19,0,0
BRDA:237,19,1,0
BRDA:243,20,0,0
BRDA:243,20,1,0
BRDA:247,21,0,0
BRDA:247,21,1,0
BRDA:251,22,0,0
BRDA:251,22,1,0
BRDA:274,23,0,0
BRDA:274,23,1,0
BRDA:296,24,0,0
BRDA:296,24,1,0
BRDA:301,25,0,0
BRDA:301,25,1,0
BRDA:318,26,0,3
BRDA:318,26,1,1
BRDA:318,27,0,4
BRDA:318,27,1,4
BRDA:318,27,2,1
BRDA:320,28,0,0
BRDA:320,28,1,3
BRDA:326,29,0,0
BRDA:326,29,1,1
BRDA:332,30,0,1
BRDA:332,30,1,0
BRDA:332,31,0,1
BRDA:332,31,1,1
BRDA:350,32,0,1
BRDA:350,32,1,1
BRDA:350,33,0,2
BRDA:350,33,1,2
BRDA:352,34,0,0
BRDA:352,34,1,1
BRDA:358,35,0,0
BRDA:358,35,1,1
BRDA:375,36,0,0
BRDA:375,36,1,0
BRDA:384,37,0,0
BRDA:384,37,1,0
BRDA:384,38,0,0
BRDA:384,38,1,0
BRDA:398,39,0,0
BRDA:398,39,1,0
BRF:81
BRH:23
end_of_record
TN:
SF:auth.ts
FN:3,hash
FN:7,compare
FNF:2
FNH:2
FNDA:1,hash
FNDA:1,compare
DA:1,1
DA:3,1
DA:4,1
DA:7,1
DA:8,1
LF:5
LH:5
BRF:0
BRH:0
end_of_record
TN:
SF:config.ts
FN:10,wait
FN:12,(anonymous_7)
FN:13,(anonymous_8)
FN:22,(anonymous_9)
FN:27,(anonymous_10)
FN:33,(anonymous_11)
FN:35,(anonymous_12)
FN:37,(anonymous_13)
FNF:8
FNH:6
FNDA:2,wait
FNDA:5,(anonymous_7)
FNDA:0,(anonymous_8)
FNDA:2,(anonymous_9)
FNDA:0,(anonymous_10)
FNDA:1,(anonymous_11)
FNDA:4,(anonymous_12)
FNDA:4,(anonymous_13)
DA:1,1
DA:2,1
DA:3,1
DA:4,1
DA:7,1
DA:11,2
DA:12,2
DA:13,5
DA:17,1
DA:18,2
DA:19,2
DA:20,2
DA:23,2
DA:24,2
DA:25,2
DA:26,2
DA:27,2
DA:28,0
DA:29,0
DA:34,1
DA:35,1
DA:37,4
DA:38,4
DA:39,4
LF:24
LH:22
BRDA:11,0,0,0
BRDA:11,0,1,2
BRDA:13,1,0,2
BRDA:13,1,1,3
BRDA:29,2,0,0
BRDA:29,2,1,0
BRDA:38,3,0,4
BRDA:38,3,1,0
BRF:8
BRH:4
end_of_record
TN:
SF:load.test.data.ts
FN:6,migrate
FN:8,(anonymous_7)
FN:13,(anonymous_8)
FN:19,(anonymous_9)
FN:20,(anonymous_10)
FN:23,(anonymous_11)
FN:32,(anonymous_12)
FNF:7
FNH:0
FNDA:0,migrate
FNDA:0,(anonymous_7)
FNDA:0,(anonymous_8)
FNDA:0,(anonymous_9)
FNDA:0,(anonymous_10)
FNDA:0,(anonymous_11)
FNDA:0,(anonymous_12)
DA:1,1
DA:2,1
DA:6,1
DA:7,0
DA:8,0
DA:9,0
DA:10,0
DA:11,0
DA:13,0
DA:14,0
DA:15,0
DA:16,0
DA:17,0
DA:19,0
DA:20,0
DA:21,0
DA:22,0
DA:23,0
DA:24,0
DA:26,0
DA:32,0
LF:21
LH:3
BRDA:9,0,0,0
BRDA:9,0,1,0
BRDA:14,1,0,0
BRDA:14,1,1,0
BRDA:21,2,0,0
BRDA:21,2,1,0
BRDA:32,3,0,0
BRDA:32,3,1,0
BRF:8
BRH:0
end_of_record
TN:
SF:main.ts
FN:27,(anonymous_7)
FN:42,(anonymous_8)
FN:67,setDbMock
FN:108,(anonymous_10)
FN:116,(anonymous_11)
FN:124,forceShutdown
FN:125,(anonymous_13)
FN:131,shutdown
FN:134,(anonymous_15)
FN:142,(anonymous_16)
FN:152,(anonymous_17)
FN:157,(anonymous_18)
FNF:12
FNH:6
FNDA:6,(anonymous_7)
FNDA:0,(anonymous_8)
FNDA:5,setDbMock
FNDA:0,(anonymous_10)
FNDA:1,(anonymous_11)
FNDA:1,forceShutdown
FNDA:0,(anonymous_13)
FNDA:1,shutdown
FNDA:1,(anonymous_15)
FNDA:0,(anonymous_16)
FNDA:0,(anonymous_17)
FNDA:0,(anonymous_18)
DA:1,1
DA:2,1
DA:3,1
DA:4,1
DA:6,1
DA:7,1
DA:8,1
DA:12,1
DA:14,1
DA:15,1
DA:17,1
DA:18,1
DA:20,1
DA:21,1
DA:27,1
DA:28,6
DA:30,0
DA:31,0
DA:33,0
DA:34,0
DA:40,1
DA:43,0
DA:44,0
DA:45,0
DA:49,1
DA:51,1
DA:53,1
DA:55,1
DA:57,1
DA:59,1
DA:67,1
DA:68,5
DA:71,1
DA:73,1
DA:75,1
DA:76,1
DA:77,1
DA:79,1
DA:81,1
DA:82,1
DA:83,1
DA:85,1
DA:86,1
DA:87,1
DA:88,1
DA:90,1
DA:91,1
DA:92,1
DA:93,1
DA:95,1
DA:96,1
DA:98,1
DA:99,1
DA:100,1
DA:101,1
DA:108,1
DA:109,1
DA:111,0
DA:114,1
DA:116,1
DA:118,1
DA:120,1
DA:125,1
DA:126,0
DA:127,0
DA:131,1
DA:132,1
DA:133,1
DA:134,1
DA:135,1
DA:136,1
DA:140,1
DA:141,1
DA:142,1
DA:143,0
DA:144,0
DA:145,0
DA:149,1
DA:152,1
DA:153,0
DA:154,0
DA:157,1
DA:158,0
DA:159,0
LF:84
LH:67
BRDA:21,0,0,0
BRDA:21,0,1,0
BRDA:29,1,0,0
BRDA:29,1,1,0
BRDA:100,2,0,1
BRDA:100,2,1,0
BRDA:108,3,0,0
BRDA:108,3,1,0
BRDA:133,4,0,1
BRDA:133,4,1,0
BRDA:135,5,0,1
BRDA:135,5,1,0
BRDA:140,6,0,1
BRDA:140,6,1,0
BRDA:143,7,0,0
BRDA:143,7,1,0
BRF:16
BRH:4
end_of_record
