TN:
SF:api.ts
FN:19,handleError
FN:27,handleUrlParamReq
FN:30,(anonymous_11)
FN:35,(anonymous_12)
FN:49,handleSelectAll
FN:50,(anonymous_14)
FN:55,(anonymous_15)
FN:69,verify
FN:87,insertImage
FN:92,(anonymous_18)
FN:97,(anonymous_19)
FN:112,(anonymous_20)
FN:117,(anonymous_21)
FN:122,(anonymous_22)
FN:130,(anonymous_23)
FN:146,(anonymous_24)
FN:151,(anonymous_25)
FN:159,(anonymous_26)
FN:167,(anonymous_27)
FN:175,(anonymous_28)
FN:183,(anonymous_29)
FN:191,(anonymous_30)
FN:196,(anonymous_31)
FN:197,(anonymous_32)
FN:210,(anonymous_33)
FN:215,(anonymous_34)
FN:220,(anonymous_35)
FN:235,(anonymous_36)
FN:236,(anonymous_37)
FN:238,(anonymous_38)
FN:244,(anonymous_39)
FN:252,(anonymous_40)
FN:275,(anonymous_41)
FN:295,(anonymous_42)
FN:297,(anonymous_43)
FN:302,(anonymous_44)
FN:317,(anonymous_45)
FN:319,(anonymous_46)
FN:327,(anonymous_47)
FN:349,(anonymous_48)
FN:351,(anonymous_49)
FN:359,(anonymous_50)
FN:376,(anonymous_51)
FN:385,(anonymous_52)
FN:399,(anonymous_53)
FNF:45
FNH:18
FNDA:2,handleError
FNDA:1,handleUrlParamReq
FNDA:1,(anonymous_11)
FNDA:1,(anonymous_12)
FNDA:2,handleSelectAll
FNDA:2,(anonymous_14)
FNDA:0,(anonymous_15)
FNDA:2,verify
FNDA:0,insertImage
FNDA:0,(anonymous_18)
FNDA:0,(anonymous_19)
FNDA:1,(anonymous_20)
FNDA:1,(anonymous_21)
FNDA:1,(anonymous_22)
FNDA:1,(anonymous_23)
FNDA:0,(anonymous_24)
FNDA:0,(anonymous_25)
FNDA:1,(anonymous_26)
FNDA:0,(anonymous_27)
FNDA:0,(anonymous_28)
FNDA:0,(anonymous_29)
FNDA:0,(anonymous_30)
FNDA:0,(anonymous_31)
FNDA:0,(anonymous_32)
FNDA:0,(anonymous_33)
FNDA:0,(anonymous_34)
FNDA:0,(anonymous_35)
FNDA:0,(anonymous_36)
FNDA:0,(anonymous_37)
FNDA:0,(anonymous_38)
FNDA:0,(anonymous_39)
FNDA:0,(anonymous_40)
FNDA:0,(anonymous_41)
FNDA:0,(anonymous_42)
FNDA:0,(anonymous_43)
FNDA:0,(anonymous_44)
FNDA:4,(anonymous_45)
FNDA:4,(anonymous_46)
FNDA:1,(anonymous_47)
FNDA:2,(anonymous_48)
FNDA:2,(anonymous_49)
FNDA:1,(anonymous_50)
FNDA:0,(anonymous_51)
FNDA:0,(anonymous_52)
FNDA:0,(anonymous_53)
DA:2,1
DA:3,1
DA:4,1
DA:7,1
DA:8,1
DA:9,1
DA:11,1
DA:13,1
DA:19,1
DA:20,2
DA:21,1
DA:22,1
DA:23,1
DA:27,1
DA:28,1
DA:29,1
DA:30,1
DA:31,1
DA:32,0
DA:33,0
DA:35,1
DA:36,1
DA:37,0
DA:38,0
DA:40,1
DA:41,1
DA:42,1
DA:43,1
DA:44,1
DA:49,1
DA:50,2
DA:51,2
DA:52,0
DA:53,0
DA:55,2
DA:56,0
DA:57,0
DA:58,0
DA:60,0
DA:61,0
DA:62,0
DA:63,0
DA:64,0
DA:69,1
DA:70,2
DA:71,2
DA:72,0
DA:73,0
DA:74,0
DA:75,0
DA:77,0
DA:79,2
DA:80,2
DA:81,2
DA:82,2
DA:83,2
DA:88,0
DA:92,0
DA:93,0
DA:94,0
DA:95,0
DA:97,0
DA:98,0
DA:99,0
DA:100,0
DA:102,0
DA:103,0
DA:104,0
DA:105,0
DA:107,0
DA:111,1
DA:117,1
DA:118,1
DA:122,1
DA:123,1
DA:124,1
DA:126,0
DA:130,1
DA:131,1
DA:132,1
DA:133,1
DA:146,1
DA:147,0
DA:151,1
DA:152,0
DA:153,0
DA:155,0
DA:159,1
DA:160,1
DA:161,1
DA:163,0
DA:167,1
DA:168,0
DA:169,0
DA:171,0
DA:175,1
DA:176,0
DA:177,0
DA:179,0
DA:183,1
DA:184,0
DA:185,0
DA:187,0
DA:191,1
DA:192,0
DA:193,0
DA:194,0
DA:196,0
DA:197,0
DA:198,0
DA:199,0
DA:200,0
DA:202,0
DA:203,0
DA:205,0
DA:210,1
DA:211,0
DA:212,0
DA:213,0
DA:215,0
DA:216,0
DA:217,0
DA:218,0
DA:220,0
DA:221,0
DA:222,0
DA:223,0
DA:225,0
DA:226,0
DA:227,0
DA:228,0
DA:230,0
DA:235,1
DA:236,0
DA:237,0
DA:238,0
DA:239,0
DA:240,0
DA:241,0
DA:243,0
DA:244,0
DA:245,0
DA:246,0
DA:247,0
DA:249,0
DA:250,0
DA:252,0
DA:253,0
DA:254,0
DA:255,0
DA:257,0
DA:258,0
DA:259,0
DA:260,0
DA:261,0
DA:264,0
DA:276,0
DA:277,0
DA:279,0
DA:280,0
DA:284,0
DA:285,0
DA:286,0
DA:287,0
DA:288,0
DA:290,0
DA:295,1
DA:296,0
DA:297,0
DA:298,0
DA:299,0
DA:300,0
DA:302,0
DA:303,0
DA:304,0
DA:305,0
DA:307,0
DA:308,0
DA:309,0
DA:310,0
DA:312,0
DA:317,1
DA:318,4
DA:319,4
DA:320,4
DA:321,3
DA:322,3
DA:323,3
DA:324,3
DA:326,1
DA:327,1
DA:328,1
DA:329,0
DA:330,0
DA:331,0
DA:332,0
DA:334,1
DA:335,1
DA:336,1
DA:337,1
DA:338,1
DA:340,0
DA:341,0
DA:343,1
DA:349,1
DA:350,2
DA:351,2
DA:352,2
DA:353,1
DA:354,1
DA:355,1
DA:356,1
DA:358,1
DA:359,1
DA:360,1
DA:361,0
DA:362,0
DA:363,0
DA:364,0
DA:366,1
DA:367,1
DA:368,1
DA:369,1
DA:370,1
DA:376,1
DA:377,0
DA:378,0
DA:380,0
DA:381,0
DA:385,1
DA:386,0
DA:387,0
DA:388,0
DA:389,0
DA:390,0
DA:391,0
DA:393,0
DA:399,1
DA:400,0
DA:401,0
DA:403,0
DA:404,0
LF:242
LH:95
BRDA:20,0,0,1
BRDA:20,0,1,1
BRDA:31,1,0,0
BRDA:31,1,1,1
BRDA:36,2,0,0
BRDA:36,2,1,1
BRDA:51,3,0,0
BRDA:51,3,1,2
BRDA:56,4,0,0
BRDA:56,4,1,0
BRDA:71,5,0,0
BRDA:71,5,1,0
BRDA:93,6,0,0
BRDA:93,6,1,0
BRDA:98,7,0,0
BRDA:98,7,1,0
BRDA:123,8,0,1
BRDA:123,8,1,0
BRDA:152,9,0,0
BRDA:152,9,1,0
BRDA:160,10,0,1
BRDA:160,10,1,0
BRDA:168,11,0,0
BRDA:168,11,1,0
BRDA:176,12,0,0
BRDA:176,12,1,0
BRDA:184,13,0,0
BRDA:184,13,1,0
BRDA:193,14,0,0
BRDA:193,14,1,0
BRDA:198,15,0,0
BRDA:198,15,1,0
BRDA:212,16,0,0
BRDA:212,16,1,0
BRDA:216,17,0,0
BRDA:216,17,1,0
BRDA:221,18,0,0
BRDA:221,18,1,0
BRDA:239,19,0,0
BRDA:239,19,1,0
BRDA:245,20,0,0
BRDA:245,20,1,0
BRDA:249,21,0,0
BRDA:249,21,1,0
BRDA:253,22,0,0
BRDA:253,22,1,0
BRDA:276,23,0,0
BRDA:276,23,1,0
BRDA:298,24,0,0
BRDA:298,24,1,0
BRDA:303,25,0,0
BRDA:303,25,1,0
BRDA:320,26,0,3
BRDA:320,26,1,1
BRDA:320,27,0,4
BRDA:320,27,1,4
BRDA:320,27,2,1
BRDA:322,28,0,0
BRDA:322,28,1,3
BRDA:328,29,0,0
BRDA:328,29,1,1
BRDA:334,30,0,1
BRDA:334,30,1,0
BRDA:334,31,0,1
BRDA:334,31,1,1
BRDA:352,32,0,1
BRDA:352,32,1,1
BRDA:352,33,0,2
BRDA:352,33,1,2
BRDA:354,34,0,0
BRDA:354,34,1,1
BRDA:360,35,0,0
BRDA:360,35,1,1
BRDA:377,36,0,0
BRDA:377,36,1,0
BRDA:386,37,0,0
BRDA:386,37,1,0
BRDA:386,38,0,0
BRDA:386,38,1,0
BRDA:400,39,0,0
BRDA:400,39,1,0
BRF:81
BRH:23
end_of_record
TN:
SF:auth.ts
FN:3,hash
FN:7,compare
FNF:2
FNH:2
FNDA:1,hash
FNDA:1,compare
DA:1,1
DA:3,1
DA:4,1
DA:7,1
DA:8,1
LF:5
LH:5
BRF:0
BRH:0
end_of_record
TN:
SF:config.ts
FN:10,wait
FN:12,(anonymous_7)
FN:13,(anonymous_8)
FN:22,(anonymous_9)
FN:27,(anonymous_10)
FN:33,(anonymous_11)
FN:35,(anonymous_12)
FN:37,(anonymous_13)
FNF:8
FNH:3
FNDA:1,wait
FNDA:3,(anonymous_7)
FNDA:0,(anonymous_8)
FNDA:1,(anonymous_9)
FNDA:0,(anonymous_10)
FNDA:0,(anonymous_11)
FNDA:0,(anonymous_12)
FNDA:0,(anonymous_13)
DA:1,1
DA:2,1
DA:3,1
DA:4,1
DA:7,1
DA:11,1
DA:12,1
DA:13,3
DA:17,1
DA:18,1
DA:19,1
DA:20,1
DA:23,1
DA:24,1
DA:25,1
DA:26,1
DA:27,1
DA:28,0
DA:29,0
DA:34,0
DA:35,0
DA:37,0
DA:38,0
LF:23
LH:17
BRDA:11,0,0,0
BRDA:11,0,1,1
BRDA:13,1,0,0
BRDA:13,1,1,3
BRDA:29,2,0,0
BRDA:29,2,1,0
BRDA:38,3,0,0
BRDA:38,3,1,0
BRF:8
BRH:2
end_of_record
TN:
SF:decorators.ts
FN:10,route
FN:11,(anonymous_2)
FN:15,(anonymous_3)
FN:19,(anonymous_4)
FN:23,(anonymous_5)
FN:27,(anonymous_6)
FN:31,(anonymous_7)
FN:35,(anonymous_8)
FN:43,log
FN:44,(anonymous_10)
FN:46,(anonymous_11)
FN:56,authenticate
FN:57,(anonymous_13)
FN:59,(anonymous_14)
FN:68,validate
FN:69,(anonymous_16)
FNF:16
FNH:2
FNDA:0,route
FNDA:0,(anonymous_2)
FNDA:0,(anonymous_3)
FNDA:0,(anonymous_4)
FNDA:0,(anonymous_5)
FNDA:0,(anonymous_6)
FNDA:0,(anonymous_7)
FNDA:0,(anonymous_8)
FNDA:18,log
FNDA:18,(anonymous_10)
FNDA:0,(anonymous_11)
FNDA:0,authenticate
FNDA:0,(anonymous_13)
FNDA:0,(anonymous_14)
FNDA:0,validate
FNDA:0,(anonymous_16)
DA:1,1
DA:3,1
DA:10,1
DA:11,0
DA:12,0
DA:13,0
DA:15,0
DA:16,0
DA:19,0
DA:20,0
DA:23,0
DA:24,0
DA:27,0
DA:28,0
DA:31,0
DA:32,0
DA:35,0
DA:36,0
DA:39,0
DA:43,1
DA:44,18
DA:45,18
DA:46,18
DA:47,0
DA:48,0
DA:49,0
DA:50,0
DA:52,18
DA:56,1
DA:57,0
DA:58,0
DA:59,0
DA:60,0
DA:61,0
DA:62,0
DA:68,1
DA:69,0
DA:70,0
LF:38
LH:10
BRDA:14,0,0,0
BRDA:14,0,1,0
BRDA:14,0,2,0
BRDA:14,0,3,0
BRDA:14,0,4,0
BRDA:14,0,5,0
BRF:6
BRH:0
end_of_record
TN:
SF:load.test.data.ts
FN:6,migrate
FN:8,(anonymous_7)
FN:13,(anonymous_8)
FN:19,(anonymous_9)
FN:20,(anonymous_10)
FN:23,(anonymous_11)
FN:32,(anonymous_12)
FNF:7
FNH:0
FNDA:0,migrate
FNDA:0,(anonymous_7)
FNDA:0,(anonymous_8)
FNDA:0,(anonymous_9)
FNDA:0,(anonymous_10)
FNDA:0,(anonymous_11)
FNDA:0,(anonymous_12)
DA:1,1
DA:2,1
DA:6,1
DA:7,0
DA:8,0
DA:9,0
DA:10,0
DA:11,0
DA:13,0
DA:14,0
DA:15,0
DA:16,0
DA:17,0
DA:19,0
DA:20,0
DA:21,0
DA:22,0
DA:23,0
DA:24,0
DA:26,0
DA:32,0
LF:21
LH:3
BRDA:9,0,0,0
BRDA:9,0,1,0
BRDA:14,1,0,0
BRDA:14,1,1,0
BRDA:21,2,0,0
BRDA:21,2,1,0
BRDA:32,3,0,0
BRDA:32,3,1,0
BRF:8
BRH:0
end_of_record
TN:
SF:main.ts
FN:27,(anonymous_7)
FN:42,(anonymous_8)
FN:67,setDbMock
FN:108,(anonymous_10)
FN:116,(anonymous_11)
FN:124,forceShutdown
FN:125,(anonymous_13)
FN:131,shutdown
FN:134,(anonymous_15)
FN:142,(anonymous_16)
FN:152,(anonymous_17)
FN:157,(anonymous_18)
FNF:12
FNH:7
FNDA:6,(anonymous_7)
FNDA:0,(anonymous_8)
FNDA:4,setDbMock
FNDA:0,(anonymous_10)
FNDA:1,(anonymous_11)
FNDA:1,forceShutdown
FNDA:0,(anonymous_13)
FNDA:1,shutdown
FNDA:1,(anonymous_15)
FNDA:1,(anonymous_16)
FNDA:0,(anonymous_17)
FNDA:0,(anonymous_18)
DA:1,1
DA:2,1
DA:3,1
DA:4,1
DA:6,1
DA:7,1
DA:8,1
DA:12,1
DA:14,1
DA:15,1
DA:17,1
DA:18,1
DA:20,1
DA:21,1
DA:27,1
DA:28,6
DA:30,0
DA:31,0
DA:33,0
DA:34,0
DA:40,1
DA:43,0
DA:44,0
DA:45,0
DA:49,1
DA:51,1
DA:53,1
DA:55,1
DA:57,1
DA:59,1
DA:67,1
DA:68,4
DA:71,1
DA:73,1
DA:75,1
DA:76,1
DA:77,1
DA:79,1
DA:81,1
DA:82,1
DA:83,1
DA:85,1
DA:86,1
DA:87,1
DA:88,1
DA:90,1
DA:91,1
DA:92,1
DA:93,1
DA:95,1
DA:96,1
DA:98,1
DA:99,1
DA:100,1
DA:101,1
DA:108,1
DA:109,1
DA:111,0
DA:114,1
DA:116,1
DA:118,1
DA:120,1
DA:125,1
DA:126,0
DA:127,0
DA:131,1
DA:132,1
DA:133,1
DA:134,1
DA:135,1
DA:136,1
DA:140,1
DA:141,1
DA:142,1
DA:143,1
DA:144,0
DA:145,0
DA:149,1
DA:152,1
DA:153,0
DA:154,0
DA:157,1
DA:158,0
DA:159,0
LF:84
LH:68
BRDA:21,0,0,0
BRDA:21,0,1,0
BRDA:29,1,0,0
BRDA:29,1,1,0
BRDA:100,2,0,1
BRDA:100,2,1,0
BRDA:108,3,0,0
BRDA:108,3,1,0
BRDA:133,4,0,1
BRDA:133,4,1,0
BRDA:135,5,0,1
BRDA:135,5,1,0
BRDA:140,6,0,1
BRDA:140,6,1,0
BRDA:143,7,0,0
BRDA:143,7,1,1
BRF:16
BRH:5
end_of_record
